%<S -120:1382693753566 "E"
%<S "O:eu.fittest.actionscript.automation::RecordEvent"
%<P
%<{ I=0:ID }%>
%<{ targetID="Image2":String }%>
%<{ type="click":String }%>
%<{ args=> }%>
%>
%<S "O:Array"
%<P
%<{ I=1:ID }%>
%>
%>
%>
%<S "O:AppAbstractState"
%<P
%<{ I=2:ID }%>
%<{ numOfSelectedItems=18:int }%>
%<{ numInShopCart=0:int }%>
%<{ cartCurrency="$":String }%>
%<{ cartTotal="$0.00":String }%>
%<{ numInCompareCart=0:int }%>
%<{ selectedProduct=-1:int }%>
%<{ catalogContents=> }%>
%>
%<S "O:Array"
%<P
%<{ I=3:ID }%>
%<{ elem=1:int }%>
%<{ elem=12:int }%>
%<{ elem=5:int }%>
%<{ elem=16:int }%>
%<{ elem=9:int }%>
%<{ elem=2:int }%>
%<{ elem=13:int }%>
%<{ elem=6:int }%>
%<{ elem=17:int }%>
%<{ elem=10:int }%>
%<{ elem=3:int }%>
%<{ elem=14:int }%>
%<{ elem=7:int }%>
%<{ elem=18:int }%>
%<{ elem=11:int }%>
%<{ elem=4:int }%>
%<{ elem=15:int }%>
%<{ elem=8:int }%>
%>
%>
%<P
%<{ shoppingCartContents=> }%>
%>
%<S "O:Array"
%<P
%<{ I=4:ID }%>
%>
%>
%<P
%<{ compareCartContents=> }%>
%>
%<S "O:Array"
%<P
%<{ I=5:ID }%>
%>
%>
%>
%>
%<S -120:1382693754650 "E"
%<S "O:eu.fittest.actionscript.automation::RecordEvent"
%<P
%<{ I=0:ID }%>
%<{ targetID="feat_prod_1":String }%>
%<{ type="click":String }%>
%<{ args=> }%>
%>
%<S "O:Array"
%<P
%<{ I=1:ID }%>
%>
%>
%>
%<S "O:AppAbstractState"
%<P
%<{ I=2:ID }%>
%<{ numOfSelectedItems=18:int }%>
%<{ numInShopCart=0:int }%>
%<{ cartCurrency="$":String }%>
%<{ cartTotal="$0.00":String }%>
%<{ numInCompareCart=0:int }%>
%<{ selectedProduct=-1:int }%>
%<{ catalogContents=> }%>
%>
%<S "O:Array"
%<P
%<{ I=3:ID }%>
%<{ elem=1:int }%>
%<{ elem=12:int }%>
%<{ elem=5:int }%>
%<{ elem=16:int }%>
%<{ elem=9:int }%>
%<{ elem=2:int }%>
%<{ elem=13:int }%>
%<{ elem=6:int }%>
%<{ elem=17:int }%>
%<{ elem=10:int }%>
%<{ elem=3:int }%>
%<{ elem=14:int }%>
%<{ elem=7:int }%>
%<{ elem=18:int }%>
%<{ elem=11:int }%>
%<{ elem=4:int }%>
%<{ elem=15:int }%>
%<{ elem=8:int }%>
%>
%>
%<P
%<{ shoppingCartContents=> }%>
%>
%<S "O:Array"
%<P
%<{ I=4:ID }%>
%>
%>
%<P
%<{ compareCartContents=> }%>
%>
%<S "O:Array"
%<P
%<{ I=5:ID }%>
%>
%>
%>
%>
%<S -120:1382693757749 "E"
%<S "O:eu.fittest.actionscript.automation::RecordEvent"
%<P
%<{ I=0:ID }%>
%<{ targetID="students":String }%>
%<{ type="click":String }%>
%<{ args=> }%>
%>
%<S "O:Array"
%<P
%<{ I=1:ID }%>
%>
%>
%>
%<S "O:AppAbstractState"
%<P
%<{ I=2:ID }%>
%<{ numOfSelectedItems=18:int }%>
%<{ numInShopCart=0:int }%>
%<{ cartCurrency="$":String }%>
%<{ cartTotal="$0.00":String }%>
%<{ numInCompareCart=0:int }%>
%<{ selectedProduct=-1:int }%>
%<{ catalogContents=> }%>
%>
%<S "O:Array"
%<P
%<{ I=3:ID }%>
%<{ elem=1:int }%>
%<{ elem=12:int }%>
%<{ elem=5:int }%>
%<{ elem=16:int }%>
%<{ elem=9:int }%>
%<{ elem=2:int }%>
%<{ elem=13:int }%>
%<{ elem=6:int }%>
%<{ elem=17:int }%>
%<{ elem=10:int }%>
%<{ elem=3:int }%>
%<{ elem=14:int }%>
%<{ elem=7:int }%>
%<{ elem=18:int }%>
%<{ elem=11:int }%>
%<{ elem=4:int }%>
%<{ elem=15:int }%>
%<{ elem=8:int }%>
%>
%>
%<P
%<{ shoppingCartContents=> }%>
%>
%<S "O:Array"
%<P
%<{ I=4:ID }%>
%>
%>
%<P
%<{ compareCartContents=> }%>
%>
%<S "O:Array"
%<P
%<{ I=5:ID }%>
%>
%>
%>
%>
%<S -120:1382693758515 "E"
%<S "O:eu.fittest.actionscript.automation::RecordEvent"
%<P
%<{ I=0:ID }%>
%<{ targetID="kids":String }%>
%<{ type="click":String }%>
%<{ args=> }%>
%>
%<S "O:Array"
%<P
%<{ I=1:ID }%>
%>
%>
%>
%<S "O:AppAbstractState"
%<P
%<{ I=2:ID }%>
%<{ numOfSelectedItems=18:int }%>
%<{ numInShopCart=0:int }%>
%<{ cartCurrency="$":String }%>
%<{ cartTotal="$0.00":String }%>
%<{ numInCompareCart=0:int }%>
%<{ selectedProduct=-1:int }%>
%<{ catalogContents=> }%>
%>
%<S "O:Array"
%<P
%<{ I=3:ID }%>
%<{ elem=1:int }%>
%<{ elem=12:int }%>
%<{ elem=5:int }%>
%<{ elem=16:int }%>
%<{ elem=9:int }%>
%<{ elem=2:int }%>
%<{ elem=13:int }%>
%<{ elem=6:int }%>
%<{ elem=17:int }%>
%<{ elem=10:int }%>
%<{ elem=3:int }%>
%<{ elem=14:int }%>
%<{ elem=7:int }%>
%<{ elem=18:int }%>
%<{ elem=11:int }%>
%<{ elem=4:int }%>
%<{ elem=15:int }%>
%<{ elem=8:int }%>
%>
%>
%<P
%<{ shoppingCartContents=> }%>
%>
%<S "O:Array"
%<P
%<{ I=4:ID }%>
%>
%>
%<P
%<{ compareCartContents=> }%>
%>
%<S "O:Array"
%<P
%<{ I=5:ID }%>
%>
%>
%>
%>
%<S -120:1382693759109 "E"
%<S "O:eu.fittest.actionscript.automation::RecordEvent"
%<P
%<{ I=0:ID }%>
%<{ targetID="traveler":String }%>
%<{ type="click":String }%>
%<{ args=> }%>
%>
%<S "O:Array"
%<P
%<{ I=1:ID }%>
%>
%>
%>
%<S "O:AppAbstractState"
%<P
%<{ I=2:ID }%>
%<{ numOfSelectedItems=18:int }%>
%<{ numInShopCart=0:int }%>
%<{ cartCurrency="$":String }%>
%<{ cartTotal="$0.00":String }%>
%<{ numInCompareCart=0:int }%>
%<{ selectedProduct=-1:int }%>
%<{ catalogContents=> }%>
%>
%<S "O:Array"
%<P
%<{ I=3:ID }%>
%<{ elem=1:int }%>
%<{ elem=12:int }%>
%<{ elem=5:int }%>
%<{ elem=16:int }%>
%<{ elem=9:int }%>
%<{ elem=2:int }%>
%<{ elem=13:int }%>
%<{ elem=6:int }%>
%<{ elem=17:int }%>
%<{ elem=10:int }%>
%<{ elem=3:int }%>
%<{ elem=14:int }%>
%<{ elem=7:int }%>
%<{ elem=18:int }%>
%<{ elem=11:int }%>
%<{ elem=4:int }%>
%<{ elem=15:int }%>
%<{ elem=8:int }%>
%>
%>
%<P
%<{ shoppingCartContents=> }%>
%>
%<S "O:Array"
%<P
%<{ I=4:ID }%>
%>
%>
%<P
%<{ compareCartContents=> }%>
%>
%<S "O:Array"
%<P
%<{ I=5:ID }%>
%>
%>
%>
%>
%<S -120:1382693759444 "E"
%<S "O:eu.fittest.actionscript.automation::RecordEvent"
%<P
%<{ I=0:ID }%>
%<{ targetID="business":String }%>
%<{ type="click":String }%>
%<{ args=> }%>
%>
%<S "O:Array"
%<P
%<{ I=1:ID }%>
%>
%>
%>
%<S "O:AppAbstractState"
%<P
%<{ I=2:ID }%>
%<{ numOfSelectedItems=18:int }%>
%<{ numInShopCart=0:int }%>
%<{ cartCurrency="$":String }%>
%<{ cartTotal="$0.00":String }%>
%<{ numInCompareCart=0:int }%>
%<{ selectedProduct=-1:int }%>
%<{ catalogContents=> }%>
%>
%<S "O:Array"
%<P
%<{ I=3:ID }%>
%<{ elem=1:int }%>
%<{ elem=12:int }%>
%<{ elem=5:int }%>
%<{ elem=16:int }%>
%<{ elem=9:int }%>
%<{ elem=2:int }%>
%<{ elem=13:int }%>
%<{ elem=6:int }%>
%<{ elem=17:int }%>
%<{ elem=10:int }%>
%<{ elem=3:int }%>
%<{ elem=14:int }%>
%<{ elem=7:int }%>
%<{ elem=18:int }%>
%<{ elem=11:int }%>
%<{ elem=4:int }%>
%<{ elem=15:int }%>
%<{ elem=8:int }%>
%>
%>
%<P
%<{ shoppingCartContents=> }%>
%>
%<S "O:Array"
%<P
%<{ I=4:ID }%>
%>
%>
%<P
%<{ compareCartContents=> }%>
%>
%<S "O:Array"
%<P
%<{ I=5:ID }%>
%>
%>
%>
%>
%<S -120:1382693759851 "E"
%<S "O:eu.fittest.actionscript.automation::RecordEvent"
%<P
%<{ I=0:ID }%>
%<{ targetID="active":String }%>
%<{ type="click":String }%>
%<{ args=> }%>
%>
%<S "O:Array"
%<P
%<{ I=1:ID }%>
%>
%>
%>
%<S "O:AppAbstractState"
%<P
%<{ I=2:ID }%>
%<{ numOfSelectedItems=18:int }%>
%<{ numInShopCart=0:int }%>
%<{ cartCurrency="$":String }%>
%<{ cartTotal="$0.00":String }%>
%<{ numInCompareCart=0:int }%>
%<{ selectedProduct=-1:int }%>
%<{ catalogContents=> }%>
%>
%<S "O:Array"
%<P
%<{ I=3:ID }%>
%<{ elem=1:int }%>
%<{ elem=12:int }%>
%<{ elem=5:int }%>
%<{ elem=16:int }%>
%<{ elem=9:int }%>
%<{ elem=2:int }%>
%<{ elem=13:int }%>
%<{ elem=6:int }%>
%<{ elem=17:int }%>
%<{ elem=10:int }%>
%<{ elem=3:int }%>
%<{ elem=14:int }%>
%<{ elem=7:int }%>
%<{ elem=18:int }%>
%<{ elem=11:int }%>
%<{ elem=4:int }%>
%<{ elem=15:int }%>
%<{ elem=8:int }%>
%>
%>
%<P
%<{ shoppingCartContents=> }%>
%>
%<S "O:Array"
%<P
%<{ I=4:ID }%>
%>
%>
%<P
%<{ compareCartContents=> }%>
%>
%<S "O:Array"
%<P
%<{ I=5:ID }%>
%>
%>
%>
%>
%<S -120:1382693760969 "E"
%<S "O:eu.fittest.actionscript.automation::RecordEvent"
%<P
%<{ I=0:ID }%>
%<{ targetID="nationwide":String }%>
%<{ type="click":String }%>
%<{ args=> }%>
%>
%<S "O:Array"
%<P
%<{ I=1:ID }%>
%>
%>
%>
%<S "O:AppAbstractState"
%<P
%<{ I=2:ID }%>
%<{ numOfSelectedItems=18:int }%>
%<{ numInShopCart=0:int }%>
%<{ cartCurrency="$":String }%>
%<{ cartTotal="$0.00":String }%>
%<{ numInCompareCart=0:int }%>
%<{ selectedProduct=-1:int }%>
%<{ catalogContents=> }%>
%>
%<S "O:Array"
%<P
%<{ I=3:ID }%>
%<{ elem=1:int }%>
%<{ elem=12:int }%>
%<{ elem=5:int }%>
%<{ elem=16:int }%>
%<{ elem=9:int }%>
%<{ elem=2:int }%>
%<{ elem=13:int }%>
%<{ elem=6:int }%>
%<{ elem=17:int }%>
%<{ elem=10:int }%>
%<{ elem=3:int }%>
%<{ elem=14:int }%>
%<{ elem=7:int }%>
%<{ elem=18:int }%>
%<{ elem=11:int }%>
%<{ elem=4:int }%>
%<{ elem=15:int }%>
%<{ elem=8:int }%>
%>
%>
%<P
%<{ shoppingCartContents=> }%>
%>
%<S "O:Array"
%<P
%<{ I=4:ID }%>
%>
%>
%<P
%<{ compareCartContents=> }%>
%>
%<S "O:Array"
%<P
%<{ I=5:ID }%>
%>
%>
%>
%>
%<S -120:1382693764950 "E"
%<S "O:eu.fittest.actionscript.automation::RecordEvent"
%<P
%<{ I=0:ID }%>
%<{ targetID="ButtonBar0":String }%>
%<{ type="itemclick":String }%>
%<{ args=> }%>
%>
%<S "O:Array"
%<P
%<{ I=1:ID }%>
%<{ elem=0:int }%>
%>
%>
%>
%<S "O:AppAbstractState"
%<P
%<{ I=2:ID }%>
%<{ numOfSelectedItems=18:int }%>
%<{ numInShopCart=0:int }%>
%<{ cartCurrency="$":String }%>
%<{ cartTotal="$0.00":String }%>
%<{ numInCompareCart=0:int }%>
%<{ selectedProduct=-1:int }%>
%<{ catalogContents=> }%>
%>
%<S "O:Array"
%<P
%<{ I=3:ID }%>
%<{ elem=1:int }%>
%<{ elem=12:int }%>
%<{ elem=5:int }%>
%<{ elem=16:int }%>
%<{ elem=9:int }%>
%<{ elem=2:int }%>
%<{ elem=13:int }%>
%<{ elem=6:int }%>
%<{ elem=17:int }%>
%<{ elem=10:int }%>
%<{ elem=3:int }%>
%<{ elem=14:int }%>
%<{ elem=7:int }%>
%<{ elem=18:int }%>
%<{ elem=11:int }%>
%<{ elem=4:int }%>
%<{ elem=15:int }%>
%<{ elem=8:int }%>
%>
%>
%<P
%<{ shoppingCartContents=> }%>
%>
%<S "O:Array"
%<P
%<{ I=4:ID }%>
%>
%>
%<P
%<{ compareCartContents=> }%>
%>
%<S "O:Array"
%<P
%<{ I=5:ID }%>
%>
%>
%>
%>
%<S -120:1382693765516 "E"
%<S "O:eu.fittest.actionscript.automation::RecordEvent"
%<P
%<{ I=0:ID }%>
%<{ targetID="ButtonBar0":String }%>
%<{ type="itemclick":String }%>
%<{ args=> }%>
%>
%<S "O:Array"
%<P
%<{ I=1:ID }%>
%<{ elem=1:int }%>
%>
%>
%>
%<S "O:AppAbstractState"
%<P
%<{ I=2:ID }%>
%<{ numOfSelectedItems=18:int }%>
%<{ numInShopCart=0:int }%>
%<{ cartCurrency="$":String }%>
%<{ cartTotal="$0.00":String }%>
%<{ numInCompareCart=0:int }%>
%<{ selectedProduct=-1:int }%>
%<{ catalogContents=> }%>
%>
%<S "O:Array"
%<P
%<{ I=3:ID }%>
%<{ elem=1:int }%>
%<{ elem=12:int }%>
%<{ elem=5:int }%>
%<{ elem=16:int }%>
%<{ elem=9:int }%>
%<{ elem=2:int }%>
%<{ elem=13:int }%>
%<{ elem=6:int }%>
%<{ elem=17:int }%>
%<{ elem=10:int }%>
%<{ elem=3:int }%>
%<{ elem=14:int }%>
%<{ elem=7:int }%>
%<{ elem=18:int }%>
%<{ elem=11:int }%>
%<{ elem=4:int }%>
%<{ elem=15:int }%>
%<{ elem=8:int }%>
%>
%>
%<P
%<{ shoppingCartContents=> }%>
%>
%<S "O:Array"
%<P
%<{ I=4:ID }%>
%>
%>
%<P
%<{ compareCartContents=> }%>
%>
%<S "O:Array"
%<P
%<{ I=5:ID }%>
%>
%>
%>
%>
%<S -120:1382693774703 "E"
%<S "O:eu.fittest.actionscript.automation::RecordEvent"
%<P
%<{ I=0:ID }%>
%<{ targetID="IDY_img_14":String }%>
%<{ type="click":String }%>
%<{ args=> }%>
%>
%<S "O:Array"
%<P
%<{ I=1:ID }%>
%>
%>
%>
%<S "O:AppAbstractState"
%<P
%<{ I=2:ID }%>
%<{ numOfSelectedItems=18:int }%>
%<{ numInShopCart=0:int }%>
%<{ cartCurrency="$":String }%>
%<{ cartTotal="$0.00":String }%>
%<{ numInCompareCart=0:int }%>
%<{ selectedProduct=-1:int }%>
%<{ catalogContents=> }%>
%>
%<S "O:Array"
%<P
%<{ I=3:ID }%>
%<{ elem=1:int }%>
%<{ elem=12:int }%>
%<{ elem=5:int }%>
%<{ elem=16:int }%>
%<{ elem=9:int }%>
%<{ elem=2:int }%>
%<{ elem=13:int }%>
%<{ elem=6:int }%>
%<{ elem=17:int }%>
%<{ elem=10:int }%>
%<{ elem=3:int }%>
%<{ elem=14:int }%>
%<{ elem=7:int }%>
%<{ elem=18:int }%>
%<{ elem=11:int }%>
%<{ elem=4:int }%>
%<{ elem=15:int }%>
%<{ elem=8:int }%>
%>
%>
%<P
%<{ shoppingCartContents=> }%>
%>
%<S "O:Array"
%<P
%<{ I=4:ID }%>
%>
%>
%<P
%<{ compareCartContents=> }%>
%>
%<S "O:Array"
%<P
%<{ I=5:ID }%>
%>
%>
%>
%>
%<S -120:1382693774732 "E"
%<S "O:eu.fittest.actionscript.automation::RecordEvent"
%<P
%<{ I=0:ID }%>
%<{ targetID="IDY_cancas_14":String }%>
%<{ type="click":String }%>
%<{ args=> }%>
%>
%<S "O:Array"
%<P
%<{ I=1:ID }%>
%>
%>
%>
%<S "O:AppAbstractState"
%<P
%<{ I=2:ID }%>
%<{ numOfSelectedItems=18:int }%>
%<{ numInShopCart=0:int }%>
%<{ cartCurrency="$":String }%>
%<{ cartTotal="$0.00":String }%>
%<{ numInCompareCart=0:int }%>
%<{ selectedProduct=-1:int }%>
%<{ catalogContents=> }%>
%>
%<S "O:Array"
%<P
%<{ I=3:ID }%>
%<{ elem=1:int }%>
%<{ elem=12:int }%>
%<{ elem=5:int }%>
%<{ elem=16:int }%>
%<{ elem=9:int }%>
%<{ elem=2:int }%>
%<{ elem=13:int }%>
%<{ elem=6:int }%>
%<{ elem=17:int }%>
%<{ elem=10:int }%>
%<{ elem=3:int }%>
%<{ elem=14:int }%>
%<{ elem=7:int }%>
%<{ elem=18:int }%>
%<{ elem=11:int }%>
%<{ elem=4:int }%>
%<{ elem=15:int }%>
%<{ elem=8:int }%>
%>
%>
%<P
%<{ shoppingCartContents=> }%>
%>
%<S "O:Array"
%<P
%<{ I=4:ID }%>
%>
%>
%<P
%<{ compareCartContents=> }%>
%>
%<S "O:Array"
%<P
%<{ I=5:ID }%>
%>
%>
%>
%>
%<S -120:1382693779816 "E"
%<S "O:eu.fittest.actionscript.automation::RecordEvent"
%<P
%<{ I=0:ID }%>
%<{ targetID="TabNavigator0":String }%>
%<{ type="change":String }%>
%<{ args=> }%>
%>
%<S "O:Array"
%<P
%<{ I=1:ID }%>
%<{ elem=1:int }%>
%>
%>
%>
%<S "O:AppAbstractState"
%<P
%<{ I=2:ID }%>
%<{ numOfSelectedItems=18:int }%>
%<{ numInShopCart=0:int }%>
%<{ cartCurrency="$":String }%>
%<{ cartTotal="$0.00":String }%>
%<{ numInCompareCart=0:int }%>
%<{ selectedProduct=14:int }%>
%<{ catalogContents=> }%>
%>
%<S "O:Array"
%<P
%<{ I=3:ID }%>
%<{ elem=1:int }%>
%<{ elem=12:int }%>
%<{ elem=5:int }%>
%<{ elem=16:int }%>
%<{ elem=9:int }%>
%<{ elem=2:int }%>
%<{ elem=13:int }%>
%<{ elem=6:int }%>
%<{ elem=17:int }%>
%<{ elem=10:int }%>
%<{ elem=3:int }%>
%<{ elem=14:int }%>
%<{ elem=7:int }%>
%<{ elem=18:int }%>
%<{ elem=11:int }%>
%<{ elem=4:int }%>
%<{ elem=15:int }%>
%<{ elem=8:int }%>
%>
%>
%<P
%<{ shoppingCartContents=> }%>
%>
%<S "O:Array"
%<P
%<{ I=4:ID }%>
%>
%>
%<P
%<{ compareCartContents=> }%>
%>
%<S "O:Array"
%<P
%<{ I=5:ID }%>
%>
%>
%>
%>
%<S -120:1382693783111 "E"
%<S "O:eu.fittest.actionscript.automation::RecordEvent"
%<P
%<{ I=0:ID }%>
%<{ targetID="IDY_VideoButton":String }%>
%<{ type="click":String }%>
%<{ args=> }%>
%>
%<S "O:Array"
%<P
%<{ I=1:ID }%>
%>
%>
%>
%<S "O:AppAbstractState"
%<P
%<{ I=2:ID }%>
%<{ numOfSelectedItems=18:int }%>
%<{ numInShopCart=0:int }%>
%<{ cartCurrency="$":String }%>
%<{ cartTotal="$0.00":String }%>
%<{ numInCompareCart=0:int }%>
%<{ selectedProduct=14:int }%>
%<{ catalogContents=> }%>
%>
%<S "O:Array"
%<P
%<{ I=3:ID }%>
%<{ elem=1:int }%>
%<{ elem=12:int }%>
%<{ elem=5:int }%>
%<{ elem=16:int }%>
%<{ elem=9:int }%>
%<{ elem=2:int }%>
%<{ elem=13:int }%>
%<{ elem=6:int }%>
%<{ elem=17:int }%>
%<{ elem=10:int }%>
%<{ elem=3:int }%>
%<{ elem=14:int }%>
%<{ elem=7:int }%>
%<{ elem=18:int }%>
%<{ elem=11:int }%>
%<{ elem=4:int }%>
%<{ elem=15:int }%>
%<{ elem=8:int }%>
%>
%>
%<P
%<{ shoppingCartContents=> }%>
%>
%<S "O:Array"
%<P
%<{ I=4:ID }%>
%>
%>
%<P
%<{ compareCartContents=> }%>
%>
%<S "O:Array"
%<P
%<{ I=5:ID }%>
%>
%>
%>
%>
%<S -120:1382693788753 "E"
%<S "O:eu.fittest.actionscript.automation::RecordEvent"
%<P
%<{ I=0:ID }%>
%<{ targetID="IDY_VideoButton":String }%>
%<{ type="click":String }%>
%<{ args=> }%>
%>
%<S "O:Array"
%<P
%<{ I=1:ID }%>
%>
%>
%>
%<S "O:AppAbstractState"
%<P
%<{ I=2:ID }%>
%<{ numOfSelectedItems=18:int }%>
%<{ numInShopCart=0:int }%>
%<{ cartCurrency="$":String }%>
%<{ cartTotal="$0.00":String }%>
%<{ numInCompareCart=0:int }%>
%<{ selectedProduct=14:int }%>
%<{ catalogContents=> }%>
%>
%<S "O:Array"
%<P
%<{ I=3:ID }%>
%<{ elem=1:int }%>
%<{ elem=12:int }%>
%<{ elem=5:int }%>
%<{ elem=16:int }%>
%<{ elem=9:int }%>
%<{ elem=2:int }%>
%<{ elem=13:int }%>
%<{ elem=6:int }%>
%<{ elem=17:int }%>
%<{ elem=10:int }%>
%<{ elem=3:int }%>
%<{ elem=14:int }%>
%<{ elem=7:int }%>
%<{ elem=18:int }%>
%<{ elem=11:int }%>
%<{ elem=4:int }%>
%<{ elem=15:int }%>
%<{ elem=8:int }%>
%>
%>
%<P
%<{ shoppingCartContents=> }%>
%>
%<S "O:Array"
%<P
%<{ I=4:ID }%>
%>
%>
%<P
%<{ compareCartContents=> }%>
%>
%<S "O:Array"
%<P
%<{ I=5:ID }%>
%>
%>
%>
%>
%<S -120:1382693790612 "E"
%<S "O:eu.fittest.actionscript.automation::RecordEvent"
%<P
%<{ I=0:ID }%>
%<{ targetID="TabNavigator0":String }%>
%<{ type="change":String }%>
%<{ args=> }%>
%>
%<S "O:Array"
%<P
%<{ I=1:ID }%>
%<{ elem=0:int }%>
%>
%>
%>
%<S "O:AppAbstractState"
%<P
%<{ I=2:ID }%>
%<{ numOfSelectedItems=18:int }%>
%<{ numInShopCart=0:int }%>
%<{ cartCurrency="$":String }%>
%<{ cartTotal="$0.00":String }%>
%<{ numInCompareCart=0:int }%>
%<{ selectedProduct=14:int }%>
%<{ catalogContents=> }%>
%>
%<S "O:Array"
%<P
%<{ I=3:ID }%>
%<{ elem=1:int }%>
%<{ elem=12:int }%>
%<{ elem=5:int }%>
%<{ elem=16:int }%>
%<{ elem=9:int }%>
%<{ elem=2:int }%>
%<{ elem=13:int }%>
%<{ elem=6:int }%>
%<{ elem=17:int }%>
%<{ elem=10:int }%>
%<{ elem=3:int }%>
%<{ elem=14:int }%>
%<{ elem=7:int }%>
%<{ elem=18:int }%>
%<{ elem=11:int }%>
%<{ elem=4:int }%>
%<{ elem=15:int }%>
%<{ elem=8:int }%>
%>
%>
%<P
%<{ shoppingCartContents=> }%>
%>
%<S "O:Array"
%<P
%<{ I=4:ID }%>
%>
%>
%<P
%<{ compareCartContents=> }%>
%>
%<S "O:Array"
%<P
%<{ I=5:ID }%>
%>
%>
%>
%>
%<S -120:1382693793800 "E"
%<S "O:eu.fittest.actionscript.automation::RecordEvent"
%<P
%<{ I=0:ID }%>
%<{ targetID="IDY_cancas_11":String }%>
%<{ type="click":String }%>
%<{ args=> }%>
%>
%<S "O:Array"
%<P
%<{ I=1:ID }%>
%>
%>
%>
%<S "O:AppAbstractState"
%<P
%<{ I=2:ID }%>
%<{ numOfSelectedItems=18:int }%>
%<{ numInShopCart=0:int }%>
%<{ cartCurrency="$":String }%>
%<{ cartTotal="$0.00":String }%>
%<{ numInCompareCart=0:int }%>
%<{ selectedProduct=11:int }%>
%<{ catalogContents=> }%>
%>
%<S "O:Array"
%<P
%<{ I=3:ID }%>
%<{ elem=1:int }%>
%<{ elem=12:int }%>
%<{ elem=5:int }%>
%<{ elem=16:int }%>
%<{ elem=9:int }%>
%<{ elem=2:int }%>
%<{ elem=13:int }%>
%<{ elem=6:int }%>
%<{ elem=17:int }%>
%<{ elem=10:int }%>
%<{ elem=3:int }%>
%<{ elem=14:int }%>
%<{ elem=7:int }%>
%<{ elem=18:int }%>
%<{ elem=11:int }%>
%<{ elem=4:int }%>
%<{ elem=15:int }%>
%<{ elem=8:int }%>
%>
%>
%<P
%<{ shoppingCartContents=> }%>
%>
%<S "O:Array"
%<P
%<{ I=4:ID }%>
%>
%>
%<P
%<{ compareCartContents=> }%>
%>
%<S "O:Array"
%<P
%<{ I=5:ID }%>
%>
%>
%>
%>
%<S -120:1382693793901 "E"
%<S "O:eu.fittest.actionscript.automation::RecordEvent"
%<P
%<{ I=0:ID }%>
%<{ targetID="IDY_cancas_11":String }%>
%<{ type="click":String }%>
%<{ args=> }%>
%>
%<S "O:Array"
%<P
%<{ I=1:ID }%>
%>
%>
%>
%<S "O:AppAbstractState"
%<P
%<{ I=2:ID }%>
%<{ numOfSelectedItems=18:int }%>
%<{ numInShopCart=0:int }%>
%<{ cartCurrency="$":String }%>
%<{ cartTotal="$0.00":String }%>
%<{ numInCompareCart=0:int }%>
%<{ selectedProduct=11:int }%>
%<{ catalogContents=> }%>
%>
%<S "O:Array"
%<P
%<{ I=3:ID }%>
%<{ elem=1:int }%>
%<{ elem=12:int }%>
%<{ elem=5:int }%>
%<{ elem=16:int }%>
%<{ elem=9:int }%>
%<{ elem=2:int }%>
%<{ elem=13:int }%>
%<{ elem=6:int }%>
%<{ elem=17:int }%>
%<{ elem=10:int }%>
%<{ elem=3:int }%>
%<{ elem=14:int }%>
%<{ elem=7:int }%>
%<{ elem=18:int }%>
%<{ elem=11:int }%>
%<{ elem=4:int }%>
%<{ elem=15:int }%>
%<{ elem=8:int }%>
%>
%>
%<P
%<{ shoppingCartContents=> }%>
%>
%<S "O:Array"
%<P
%<{ I=4:ID }%>
%>
%>
%<P
%<{ compareCartContents=> }%>
%>
%<S "O:Array"
%<P
%<{ I=5:ID }%>
%>
%>
%>
%>
%<S -120:1382693796156 "E"
%<S "O:eu.fittest.actionscript.automation::RecordEvent"
%<P
%<{ I=0:ID }%>
%<{ targetID="IDY_purchase_this":String }%>
%<{ type="click":String }%>
%<{ args=> }%>
%>
%<S "O:Array"
%<P
%<{ I=1:ID }%>
%>
%>
%>
%<S "O:AppAbstractState"
%<P
%<{ I=2:ID }%>
%<{ numOfSelectedItems=18:int }%>
%<{ numInShopCart=1:int }%>
%<{ cartCurrency="$":String }%>
%<{ cartTotal="$370.99":String }%>
%<{ numInCompareCart=0:int }%>
%<{ selectedProduct=11:int }%>
%<{ catalogContents=> }%>
%>
%<S "O:Array"
%<P
%<{ I=3:ID }%>
%<{ elem=1:int }%>
%<{ elem=12:int }%>
%<{ elem=5:int }%>
%<{ elem=16:int }%>
%<{ elem=9:int }%>
%<{ elem=2:int }%>
%<{ elem=13:int }%>
%<{ elem=6:int }%>
%<{ elem=17:int }%>
%<{ elem=10:int }%>
%<{ elem=3:int }%>
%<{ elem=14:int }%>
%<{ elem=7:int }%>
%<{ elem=18:int }%>
%<{ elem=11:int }%>
%<{ elem=4:int }%>
%<{ elem=15:int }%>
%<{ elem=8:int }%>
%>
%>
%<P
%<{ shoppingCartContents=> }%>
%>
%<S "O:Array"
%<P
%<{ I=4:ID }%>
%<{ elem=11:int }%>
%>
%>
%<P
%<{ compareCartContents=> }%>
%>
%<S "O:Array"
%<P
%<{ I=5:ID }%>
%>
%>
%>
%>
%<S -120:1382693802077 "E"
%<S "O:eu.fittest.actionscript.automation::RecordEvent"
%<P
%<{ I=0:ID }%>
%<{ targetID="IDY_textFeature_15":String }%>
%<{ type="click":String }%>
%<{ args=> }%>
%>
%<S "O:Array"
%<P
%<{ I=1:ID }%>
%>
%>
%>
%<S "O:AppAbstractState"
%<P
%<{ I=2:ID }%>
%<{ numOfSelectedItems=18:int }%>
%<{ numInShopCart=1:int }%>
%<{ cartCurrency="$":String }%>
%<{ cartTotal="$370.99":String }%>
%<{ numInCompareCart=0:int }%>
%<{ selectedProduct=11:int }%>
%<{ catalogContents=> }%>
%>
%<S "O:Array"
%<P
%<{ I=3:ID }%>
%<{ elem=1:int }%>
%<{ elem=12:int }%>
%<{ elem=5:int }%>
%<{ elem=16:int }%>
%<{ elem=9:int }%>
%<{ elem=2:int }%>
%<{ elem=13:int }%>
%<{ elem=6:int }%>
%<{ elem=17:int }%>
%<{ elem=10:int }%>
%<{ elem=3:int }%>
%<{ elem=14:int }%>
%<{ elem=7:int }%>
%<{ elem=18:int }%>
%<{ elem=11:int }%>
%<{ elem=4:int }%>
%<{ elem=15:int }%>
%<{ elem=8:int }%>
%>
%>
%<P
%<{ shoppingCartContents=> }%>
%>
%<S "O:Array"
%<P
%<{ I=4:ID }%>
%<{ elem=11:int }%>
%>
%>
%<P
%<{ compareCartContents=> }%>
%>
%<S "O:Array"
%<P
%<{ I=5:ID }%>
%>
%>
%>
%>
%<S -120:1382693802081 "E"
%<S "O:eu.fittest.actionscript.automation::RecordEvent"
%<P
%<{ I=0:ID }%>
%<{ targetID="IDY_cancas_15":String }%>
%<{ type="click":String }%>
%<{ args=> }%>
%>
%<S "O:Array"
%<P
%<{ I=1:ID }%>
%>
%>
%>
%<S "O:AppAbstractState"
%<P
%<{ I=2:ID }%>
%<{ numOfSelectedItems=18:int }%>
%<{ numInShopCart=1:int }%>
%<{ cartCurrency="$":String }%>
%<{ cartTotal="$370.99":String }%>
%<{ numInCompareCart=0:int }%>
%<{ selectedProduct=15:int }%>
%<{ catalogContents=> }%>
%>
%<S "O:Array"
%<P
%<{ I=3:ID }%>
%<{ elem=1:int }%>
%<{ elem=12:int }%>
%<{ elem=5:int }%>
%<{ elem=16:int }%>
%<{ elem=9:int }%>
%<{ elem=2:int }%>
%<{ elem=13:int }%>
%<{ elem=6:int }%>
%<{ elem=17:int }%>
%<{ elem=10:int }%>
%<{ elem=3:int }%>
%<{ elem=14:int }%>
%<{ elem=7:int }%>
%<{ elem=18:int }%>
%<{ elem=11:int }%>
%<{ elem=4:int }%>
%<{ elem=15:int }%>
%<{ elem=8:int }%>
%>
%>
%<P
%<{ shoppingCartContents=> }%>
%>
%<S "O:Array"
%<P
%<{ I=4:ID }%>
%<{ elem=11:int }%>
%>
%>
%<P
%<{ compareCartContents=> }%>
%>
%<S "O:Array"
%<P
%<{ I=5:ID }%>
%>
%>
%>
%>
%<S -120:1382693805044 "E"
%<S "O:eu.fittest.actionscript.automation::RecordEvent"
%<P
%<{ I=0:ID }%>
%<{ targetID="IDY_purchase_this":String }%>
%<{ type="click":String }%>
%<{ args=> }%>
%>
%<S "O:Array"
%<P
%<{ I=1:ID }%>
%>
%>
%>
%<S "O:AppAbstractState"
%<P
%<{ I=2:ID }%>
%<{ numOfSelectedItems=18:int }%>
%<{ numInShopCart=2:int }%>
%<{ cartCurrency="$":String }%>
%<{ cartTotal="$881.98":String }%>
%<{ numInCompareCart=0:int }%>
%<{ selectedProduct=15:int }%>
%<{ catalogContents=> }%>
%>
%<S "O:Array"
%<P
%<{ I=3:ID }%>
%<{ elem=1:int }%>
%<{ elem=12:int }%>
%<{ elem=5:int }%>
%<{ elem=16:int }%>
%<{ elem=9:int }%>
%<{ elem=2:int }%>
%<{ elem=13:int }%>
%<{ elem=6:int }%>
%<{ elem=17:int }%>
%<{ elem=10:int }%>
%<{ elem=3:int }%>
%<{ elem=14:int }%>
%<{ elem=7:int }%>
%<{ elem=18:int }%>
%<{ elem=11:int }%>
%<{ elem=4:int }%>
%<{ elem=15:int }%>
%<{ elem=8:int }%>
%>
%>
%<P
%<{ shoppingCartContents=> }%>
%>
%<S "O:Array"
%<P
%<{ I=4:ID }%>
%<{ elem=11:int }%>
%<{ elem=15:int }%>
%>
%>
%<P
%<{ compareCartContents=> }%>
%>
%<S "O:Array"
%<P
%<{ I=5:ID }%>
%>
%>
%>
%>
%<S -120:1382693808967 "E"
%<S "O:eu.fittest.actionscript.automation::RecordEvent"
%<P
%<{ I=0:ID }%>
%<{ targetID="IDY_textFeature_17":String }%>
%<{ type="click":String }%>
%<{ args=> }%>
%>
%<S "O:Array"
%<P
%<{ I=1:ID }%>
%>
%>
%>
%<S "O:AppAbstractState"
%<P
%<{ I=2:ID }%>
%<{ numOfSelectedItems=18:int }%>
%<{ numInShopCart=2:int }%>
%<{ cartCurrency="$":String }%>
%<{ cartTotal="$881.98":String }%>
%<{ numInCompareCart=0:int }%>
%<{ selectedProduct=15:int }%>
%<{ catalogContents=> }%>
%>
%<S "O:Array"
%<P
%<{ I=3:ID }%>
%<{ elem=1:int }%>
%<{ elem=12:int }%>
%<{ elem=5:int }%>
%<{ elem=16:int }%>
%<{ elem=9:int }%>
%<{ elem=2:int }%>
%<{ elem=13:int }%>
%<{ elem=6:int }%>
%<{ elem=17:int }%>
%<{ elem=10:int }%>
%<{ elem=3:int }%>
%<{ elem=14:int }%>
%<{ elem=7:int }%>
%<{ elem=18:int }%>
%<{ elem=11:int }%>
%<{ elem=4:int }%>
%<{ elem=15:int }%>
%<{ elem=8:int }%>
%>
%>
%<P
%<{ shoppingCartContents=> }%>
%>
%<S "O:Array"
%<P
%<{ I=4:ID }%>
%<{ elem=11:int }%>
%<{ elem=15:int }%>
%>
%>
%<P
%<{ compareCartContents=> }%>
%>
%<S "O:Array"
%<P
%<{ I=5:ID }%>
%>
%>
%>
%>
%<S -120:1382693808970 "E"
%<S "O:eu.fittest.actionscript.automation::RecordEvent"
%<P
%<{ I=0:ID }%>
%<{ targetID="IDY_cancas_17":String }%>
%<{ type="click":String }%>
%<{ args=> }%>
%>
%<S "O:Array"
%<P
%<{ I=1:ID }%>
%>
%>
%>
%<S "O:AppAbstractState"
%<P
%<{ I=2:ID }%>
%<{ numOfSelectedItems=18:int }%>
%<{ numInShopCart=2:int }%>
%<{ cartCurrency="$":String }%>
%<{ cartTotal="$881.98":String }%>
%<{ numInCompareCart=0:int }%>
%<{ selectedProduct=17:int }%>
%<{ catalogContents=> }%>
%>
%<S "O:Array"
%<P
%<{ I=3:ID }%>
%<{ elem=1:int }%>
%<{ elem=12:int }%>
%<{ elem=5:int }%>
%<{ elem=16:int }%>
%<{ elem=9:int }%>
%<{ elem=2:int }%>
%<{ elem=13:int }%>
%<{ elem=6:int }%>
%<{ elem=17:int }%>
%<{ elem=10:int }%>
%<{ elem=3:int }%>
%<{ elem=14:int }%>
%<{ elem=7:int }%>
%<{ elem=18:int }%>
%<{ elem=11:int }%>
%<{ elem=4:int }%>
%<{ elem=15:int }%>
%<{ elem=8:int }%>
%>
%>
%<P
%<{ shoppingCartContents=> }%>
%>
%<S "O:Array"
%<P
%<{ I=4:ID }%>
%<{ elem=11:int }%>
%<{ elem=15:int }%>
%>
%>
%<P
%<{ compareCartContents=> }%>
%>
%<S "O:Array"
%<P
%<{ I=5:ID }%>
%>
%>
%>
%>
%<S -120:1382693810103 "E"
%<S "O:eu.fittest.actionscript.automation::RecordEvent"
%<P
%<{ I=0:ID }%>
%<{ targetID="IDY_purchase_this":String }%>
%<{ type="click":String }%>
%<{ args=> }%>
%>
%<S "O:Array"
%<P
%<{ I=1:ID }%>
%>
%>
%>
%<S "O:AppAbstractState"
%<P
%<{ I=2:ID }%>
%<{ numOfSelectedItems=18:int }%>
%<{ numInShopCart=3:int }%>
%<{ cartCurrency="$":String }%>
%<{ cartTotal="$1,683.96":String }%>
%<{ numInCompareCart=0:int }%>
%<{ selectedProduct=17:int }%>
%<{ catalogContents=> }%>
%>
%<S "O:Array"
%<P
%<{ I=3:ID }%>
%<{ elem=1:int }%>
%<{ elem=12:int }%>
%<{ elem=5:int }%>
%<{ elem=16:int }%>
%<{ elem=9:int }%>
%<{ elem=2:int }%>
%<{ elem=13:int }%>
%<{ elem=6:int }%>
%<{ elem=17:int }%>
%<{ elem=10:int }%>
%<{ elem=3:int }%>
%<{ elem=14:int }%>
%<{ elem=7:int }%>
%<{ elem=18:int }%>
%<{ elem=11:int }%>
%<{ elem=4:int }%>
%<{ elem=15:int }%>
%<{ elem=8:int }%>
%>
%>
%<P
%<{ shoppingCartContents=> }%>
%>
%<S "O:Array"
%<P
%<{ I=4:ID }%>
%<{ elem=11:int }%>
%<{ elem=15:int }%>
%<{ elem=17:int }%>
%>
%>
%<P
%<{ compareCartContents=> }%>
%>
%<S "O:Array"
%<P
%<{ I=5:ID }%>
%>
%>
%>
%>
%<S -120:1382693813466 "E"
%<S "O:eu.fittest.actionscript.automation::RecordEvent"
%<P
%<{ I=0:ID }%>
%<{ targetID="IDY_textFeature_18":String }%>
%<{ type="click":String }%>
%<{ args=> }%>
%>
%<S "O:Array"
%<P
%<{ I=1:ID }%>
%>
%>
%>
%<S "O:AppAbstractState"
%<P
%<{ I=2:ID }%>
%<{ numOfSelectedItems=18:int }%>
%<{ numInShopCart=3:int }%>
%<{ cartCurrency="$":String }%>
%<{ cartTotal="$1,683.96":String }%>
%<{ numInCompareCart=0:int }%>
%<{ selectedProduct=17:int }%>
%<{ catalogContents=> }%>
%>
%<S "O:Array"
%<P
%<{ I=3:ID }%>
%<{ elem=1:int }%>
%<{ elem=12:int }%>
%<{ elem=5:int }%>
%<{ elem=16:int }%>
%<{ elem=9:int }%>
%<{ elem=2:int }%>
%<{ elem=13:int }%>
%<{ elem=6:int }%>
%<{ elem=17:int }%>
%<{ elem=10:int }%>
%<{ elem=3:int }%>
%<{ elem=14:int }%>
%<{ elem=7:int }%>
%<{ elem=18:int }%>
%<{ elem=11:int }%>
%<{ elem=4:int }%>
%<{ elem=15:int }%>
%<{ elem=8:int }%>
%>
%>
%<P
%<{ shoppingCartContents=> }%>
%>
%<S "O:Array"
%<P
%<{ I=4:ID }%>
%<{ elem=11:int }%>
%<{ elem=15:int }%>
%<{ elem=17:int }%>
%>
%>
%<P
%<{ compareCartContents=> }%>
%>
%<S "O:Array"
%<P
%<{ I=5:ID }%>
%>
%>
%>
%>
%<S -120:1382693813469 "E"
%<S "O:eu.fittest.actionscript.automation::RecordEvent"
%<P
%<{ I=0:ID }%>
%<{ targetID="IDY_cancas_18":String }%>
%<{ type="click":String }%>
%<{ args=> }%>
%>
%<S "O:Array"
%<P
%<{ I=1:ID }%>
%>
%>
%>
%<S "O:AppAbstractState"
%<P
%<{ I=2:ID }%>
%<{ numOfSelectedItems=18:int }%>
%<{ numInShopCart=3:int }%>
%<{ cartCurrency="$":String }%>
%<{ cartTotal="$1,683.96":String }%>
%<{ numInCompareCart=0:int }%>
%<{ selectedProduct=18:int }%>
%<{ catalogContents=> }%>
%>
%<S "O:Array"
%<P
%<{ I=3:ID }%>
%<{ elem=1:int }%>
%<{ elem=12:int }%>
%<{ elem=5:int }%>
%<{ elem=16:int }%>
%<{ elem=9:int }%>
%<{ elem=2:int }%>
%<{ elem=13:int }%>
%<{ elem=6:int }%>
%<{ elem=17:int }%>
%<{ elem=10:int }%>
%<{ elem=3:int }%>
%<{ elem=14:int }%>
%<{ elem=7:int }%>
%<{ elem=18:int }%>
%<{ elem=11:int }%>
%<{ elem=4:int }%>
%<{ elem=15:int }%>
%<{ elem=8:int }%>
%>
%>
%<P
%<{ shoppingCartContents=> }%>
%>
%<S "O:Array"
%<P
%<{ I=4:ID }%>
%<{ elem=11:int }%>
%<{ elem=15:int }%>
%<{ elem=17:int }%>
%>
%>
%<P
%<{ compareCartContents=> }%>
%>
%<S "O:Array"
%<P
%<{ I=5:ID }%>
%>
%>
%>
%>
%<S -120:1382693814394 "E"
%<S "O:eu.fittest.actionscript.automation::RecordEvent"
%<P
%<{ I=0:ID }%>
%<{ targetID="IDY_purchase_this":String }%>
%<{ type="click":String }%>
%<{ args=> }%>
%>
%<S "O:Array"
%<P
%<{ I=1:ID }%>
%>
%>
%>
%<S "O:AppAbstractState"
%<P
%<{ I=2:ID }%>
%<{ numOfSelectedItems=18:int }%>
%<{ numInShopCart=4:int }%>
%<{ cartCurrency="$":String }%>
%<{ cartTotal="$2,784.95":String }%>
%<{ numInCompareCart=0:int }%>
%<{ selectedProduct=18:int }%>
%<{ catalogContents=> }%>
%>
%<S "O:Array"
%<P
%<{ I=3:ID }%>
%<{ elem=1:int }%>
%<{ elem=12:int }%>
%<{ elem=5:int }%>
%<{ elem=16:int }%>
%<{ elem=9:int }%>
%<{ elem=2:int }%>
%<{ elem=13:int }%>
%<{ elem=6:int }%>
%<{ elem=17:int }%>
%<{ elem=10:int }%>
%<{ elem=3:int }%>
%<{ elem=14:int }%>
%<{ elem=7:int }%>
%<{ elem=18:int }%>
%<{ elem=11:int }%>
%<{ elem=4:int }%>
%<{ elem=15:int }%>
%<{ elem=8:int }%>
%>
%>
%<P
%<{ shoppingCartContents=> }%>
%>
%<S "O:Array"
%<P
%<{ I=4:ID }%>
%<{ elem=11:int }%>
%<{ elem=15:int }%>
%<{ elem=17:int }%>
%<{ elem=18:int }%>
%>
%>
%<P
%<{ compareCartContents=> }%>
%>
%<S "O:Array"
%<P
%<{ I=5:ID }%>
%>
%>
%>
%>
%<S -120:1382693818834 "E"
%<S "O:eu.fittest.actionscript.automation::RecordEvent"
%<P
%<{ I=0:ID }%>
%<{ targetID="IDY_img_3":String }%>
%<{ type="click":String }%>
%<{ args=> }%>
%>
%<S "O:Array"
%<P
%<{ I=1:ID }%>
%>
%>
%>
%<S "O:AppAbstractState"
%<P
%<{ I=2:ID }%>
%<{ numOfSelectedItems=18:int }%>
%<{ numInShopCart=4:int }%>
%<{ cartCurrency="$":String }%>
%<{ cartTotal="$2,784.95":String }%>
%<{ numInCompareCart=0:int }%>
%<{ selectedProduct=18:int }%>
%<{ catalogContents=> }%>
%>
%<S "O:Array"
%<P
%<{ I=3:ID }%>
%<{ elem=1:int }%>
%<{ elem=12:int }%>
%<{ elem=5:int }%>
%<{ elem=16:int }%>
%<{ elem=9:int }%>
%<{ elem=2:int }%>
%<{ elem=13:int }%>
%<{ elem=6:int }%>
%<{ elem=17:int }%>
%<{ elem=10:int }%>
%<{ elem=3:int }%>
%<{ elem=14:int }%>
%<{ elem=7:int }%>
%<{ elem=18:int }%>
%<{ elem=11:int }%>
%<{ elem=4:int }%>
%<{ elem=15:int }%>
%<{ elem=8:int }%>
%>
%>
%<P
%<{ shoppingCartContents=> }%>
%>
%<S "O:Array"
%<P
%<{ I=4:ID }%>
%<{ elem=11:int }%>
%<{ elem=15:int }%>
%<{ elem=17:int }%>
%<{ elem=18:int }%>
%>
%>
%<P
%<{ compareCartContents=> }%>
%>
%<S "O:Array"
%<P
%<{ I=5:ID }%>
%>
%>
%>
%>
%<S -120:1382693818837 "E"
%<S "O:eu.fittest.actionscript.automation::RecordEvent"
%<P
%<{ I=0:ID }%>
%<{ targetID="IDY_cancas_3":String }%>
%<{ type="click":String }%>
%<{ args=> }%>
%>
%<S "O:Array"
%<P
%<{ I=1:ID }%>
%>
%>
%>
%<S "O:AppAbstractState"
%<P
%<{ I=2:ID }%>
%<{ numOfSelectedItems=18:int }%>
%<{ numInShopCart=4:int }%>
%<{ cartCurrency="$":String }%>
%<{ cartTotal="$2,784.95":String }%>
%<{ numInCompareCart=0:int }%>
%<{ selectedProduct=3:int }%>
%<{ catalogContents=> }%>
%>
%<S "O:Array"
%<P
%<{ I=3:ID }%>
%<{ elem=1:int }%>
%<{ elem=12:int }%>
%<{ elem=5:int }%>
%<{ elem=16:int }%>
%<{ elem=9:int }%>
%<{ elem=2:int }%>
%<{ elem=13:int }%>
%<{ elem=6:int }%>
%<{ elem=17:int }%>
%<{ elem=10:int }%>
%<{ elem=3:int }%>
%<{ elem=14:int }%>
%<{ elem=7:int }%>
%<{ elem=18:int }%>
%<{ elem=11:int }%>
%<{ elem=4:int }%>
%<{ elem=15:int }%>
%<{ elem=8:int }%>
%>
%>
%<P
%<{ shoppingCartContents=> }%>
%>
%<S "O:Array"
%<P
%<{ I=4:ID }%>
%<{ elem=11:int }%>
%<{ elem=15:int }%>
%<{ elem=17:int }%>
%<{ elem=18:int }%>
%>
%>
%<P
%<{ compareCartContents=> }%>
%>
%<S "O:Array"
%<P
%<{ I=5:ID }%>
%>
%>
%>
%>
%<S -120:1382693819792 "E"
%<S "O:eu.fittest.actionscript.automation::RecordEvent"
%<P
%<{ I=0:ID }%>
%<{ targetID="IDY_purchase_this":String }%>
%<{ type="click":String }%>
%<{ args=> }%>
%>
%<S "O:Array"
%<P
%<{ I=1:ID }%>
%>
%>
%>
%<S "O:AppAbstractState"
%<P
%<{ I=2:ID }%>
%<{ numOfSelectedItems=18:int }%>
%<{ numInShopCart=5:int }%>
%<{ cartCurrency="$":String }%>
%<{ cartTotal="$2,925.93":String }%>
%<{ numInCompareCart=0:int }%>
%<{ selectedProduct=3:int }%>
%<{ catalogContents=> }%>
%>
%<S "O:Array"
%<P
%<{ I=3:ID }%>
%<{ elem=1:int }%>
%<{ elem=12:int }%>
%<{ elem=5:int }%>
%<{ elem=16:int }%>
%<{ elem=9:int }%>
%<{ elem=2:int }%>
%<{ elem=13:int }%>
%<{ elem=6:int }%>
%<{ elem=17:int }%>
%<{ elem=10:int }%>
%<{ elem=3:int }%>
%<{ elem=14:int }%>
%<{ elem=7:int }%>
%<{ elem=18:int }%>
%<{ elem=11:int }%>
%<{ elem=4:int }%>
%<{ elem=15:int }%>
%<{ elem=8:int }%>
%>
%>
%<P
%<{ shoppingCartContents=> }%>
%>
%<S "O:Array"
%<P
%<{ I=4:ID }%>
%<{ elem=11:int }%>
%<{ elem=15:int }%>
%<{ elem=17:int }%>
%<{ elem=18:int }%>
%<{ elem=3:int }%>
%>
%>
%<P
%<{ compareCartContents=> }%>
%>
%<S "O:Array"
%<P
%<{ I=5:ID }%>
%>
%>
%>
%>
%<S -120:1382693823428 "E"
%<S "O:eu.fittest.actionscript.automation::RecordEvent"
%<P
%<{ I=0:ID }%>
%<{ targetID="IDY_shoppingCart_labelName_17":String }%>
%<{ type="click":String }%>
%<{ args=> }%>
%>
%<S "O:Array"
%<P
%<{ I=1:ID }%>
%>
%>
%>
%<S "O:AppAbstractState"
%<P
%<{ I=2:ID }%>
%<{ numOfSelectedItems=18:int }%>
%<{ numInShopCart=5:int }%>
%<{ cartCurrency="$":String }%>
%<{ cartTotal="$2,925.93":String }%>
%<{ numInCompareCart=0:int }%>
%<{ selectedProduct=3:int }%>
%<{ catalogContents=> }%>
%>
%<S "O:Array"
%<P
%<{ I=3:ID }%>
%<{ elem=1:int }%>
%<{ elem=12:int }%>
%<{ elem=5:int }%>
%<{ elem=16:int }%>
%<{ elem=9:int }%>
%<{ elem=2:int }%>
%<{ elem=13:int }%>
%<{ elem=6:int }%>
%<{ elem=17:int }%>
%<{ elem=10:int }%>
%<{ elem=3:int }%>
%<{ elem=14:int }%>
%<{ elem=7:int }%>
%<{ elem=18:int }%>
%<{ elem=11:int }%>
%<{ elem=4:int }%>
%<{ elem=15:int }%>
%<{ elem=8:int }%>
%>
%>
%<P
%<{ shoppingCartContents=> }%>
%>
%<S "O:Array"
%<P
%<{ I=4:ID }%>
%<{ elem=11:int }%>
%<{ elem=15:int }%>
%<{ elem=17:int }%>
%<{ elem=18:int }%>
%<{ elem=3:int }%>
%>
%>
%<P
%<{ compareCartContents=> }%>
%>
%<S "O:Array"
%<P
%<{ I=5:ID }%>
%>
%>
%>
%>
%<S -120:1382693824688 "E"
%<S "O:eu.fittest.actionscript.automation::RecordEvent"
%<P
%<{ I=0:ID }%>
%<{ targetID="IDY_compare_this":String }%>
%<{ type="click":String }%>
%<{ args=> }%>
%>
%<S "O:Array"
%<P
%<{ I=1:ID }%>
%>
%>
%>
%<S "O:AppAbstractState"
%<P
%<{ I=2:ID }%>
%<{ numOfSelectedItems=18:int }%>
%<{ numInShopCart=5:int }%>
%<{ cartCurrency="$":String }%>
%<{ cartTotal="$2,925.93":String }%>
%<{ numInCompareCart=1:int }%>
%<{ selectedProduct=3:int }%>
%<{ catalogContents=> }%>
%>
%<S "O:Array"
%<P
%<{ I=3:ID }%>
%<{ elem=1:int }%>
%<{ elem=12:int }%>
%<{ elem=5:int }%>
%<{ elem=16:int }%>
%<{ elem=9:int }%>
%<{ elem=2:int }%>
%<{ elem=13:int }%>
%<{ elem=6:int }%>
%<{ elem=17:int }%>
%<{ elem=10:int }%>
%<{ elem=3:int }%>
%<{ elem=14:int }%>
%<{ elem=7:int }%>
%<{ elem=18:int }%>
%<{ elem=11:int }%>
%<{ elem=4:int }%>
%<{ elem=15:int }%>
%<{ elem=8:int }%>
%>
%>
%<P
%<{ shoppingCartContents=> }%>
%>
%<S "O:Array"
%<P
%<{ I=4:ID }%>
%<{ elem=11:int }%>
%<{ elem=15:int }%>
%<{ elem=17:int }%>
%<{ elem=18:int }%>
%<{ elem=3:int }%>
%>
%>
%<P
%<{ compareCartContents=> }%>
%>
%<S "O:Array"
%<P
%<{ I=5:ID }%>
%<{ elem=3:int }%>
%>
%>
%>
%>
%<S -120:1382693827336 "E"
%<S "O:eu.fittest.actionscript.automation::RecordEvent"
%<P
%<{ I=0:ID }%>
%<{ targetID="IDY_compare_this":String }%>
%<{ type="click":String }%>
%<{ args=> }%>
%>
%<S "O:Array"
%<P
%<{ I=1:ID }%>
%>
%>
%>
%<S "O:AppAbstractState"
%<P
%<{ I=2:ID }%>
%<{ numOfSelectedItems=18:int }%>
%<{ numInShopCart=5:int }%>
%<{ cartCurrency="$":String }%>
%<{ cartTotal="$2,925.93":String }%>
%<{ numInCompareCart=1:int }%>
%<{ selectedProduct=3:int }%>
%<{ catalogContents=> }%>
%>
%<S "O:Array"
%<P
%<{ I=3:ID }%>
%<{ elem=1:int }%>
%<{ elem=12:int }%>
%<{ elem=5:int }%>
%<{ elem=16:int }%>
%<{ elem=9:int }%>
%<{ elem=2:int }%>
%<{ elem=13:int }%>
%<{ elem=6:int }%>
%<{ elem=17:int }%>
%<{ elem=10:int }%>
%<{ elem=3:int }%>
%<{ elem=14:int }%>
%<{ elem=7:int }%>
%<{ elem=18:int }%>
%<{ elem=11:int }%>
%<{ elem=4:int }%>
%<{ elem=15:int }%>
%<{ elem=8:int }%>
%>
%>
%<P
%<{ shoppingCartContents=> }%>
%>
%<S "O:Array"
%<P
%<{ I=4:ID }%>
%<{ elem=11:int }%>
%<{ elem=15:int }%>
%<{ elem=17:int }%>
%<{ elem=18:int }%>
%<{ elem=3:int }%>
%>
%>
%<P
%<{ compareCartContents=> }%>
%>
%<S "O:Array"
%<P
%<{ I=5:ID }%>
%<{ elem=3:int }%>
%>
%>
%>
%>
%<S -120:1382693827363 "E"
%<S "O:eu.fittest.actionscript.automation::RecordEvent"
%<P
%<{ I=0:ID }%>
%<{ targetID="IDY_compare_this":String }%>
%<{ type="click":String }%>
%<{ args=> }%>
%>
%<S "O:Array"
%<P
%<{ I=1:ID }%>
%>
%>
%>
%<S "O:AppAbstractState"
%<P
%<{ I=2:ID }%>
%<{ numOfSelectedItems=18:int }%>
%<{ numInShopCart=5:int }%>
%<{ cartCurrency="$":String }%>
%<{ cartTotal="$2,925.93":String }%>
%<{ numInCompareCart=1:int }%>
%<{ selectedProduct=3:int }%>
%<{ catalogContents=> }%>
%>
%<S "O:Array"
%<P
%<{ I=3:ID }%>
%<{ elem=1:int }%>
%<{ elem=12:int }%>
%<{ elem=5:int }%>
%<{ elem=16:int }%>
%<{ elem=9:int }%>
%<{ elem=2:int }%>
%<{ elem=13:int }%>
%<{ elem=6:int }%>
%<{ elem=17:int }%>
%<{ elem=10:int }%>
%<{ elem=3:int }%>
%<{ elem=14:int }%>
%<{ elem=7:int }%>
%<{ elem=18:int }%>
%<{ elem=11:int }%>
%<{ elem=4:int }%>
%<{ elem=15:int }%>
%<{ elem=8:int }%>
%>
%>
%<P
%<{ shoppingCartContents=> }%>
%>
%<S "O:Array"
%<P
%<{ I=4:ID }%>
%<{ elem=11:int }%>
%<{ elem=15:int }%>
%<{ elem=17:int }%>
%<{ elem=18:int }%>
%<{ elem=3:int }%>
%>
%>
%<P
%<{ compareCartContents=> }%>
%>
%<S "O:Array"
%<P
%<{ I=5:ID }%>
%<{ elem=3:int }%>
%>
%>
%>
%>
%<S -120:1382693828572 "E"
%<S "O:eu.fittest.actionscript.automation::RecordEvent"
%<P
%<{ I=0:ID }%>
%<{ targetID="back_thumb":String }%>
%<{ type="click":String }%>
%<{ args=> }%>
%>
%<S "O:Array"
%<P
%<{ I=1:ID }%>
%>
%>
%>
%<S "O:AppAbstractState"
%<P
%<{ I=2:ID }%>
%<{ numOfSelectedItems=18:int }%>
%<{ numInShopCart=5:int }%>
%<{ cartCurrency="$":String }%>
%<{ cartTotal="$2,925.93":String }%>
%<{ numInCompareCart=1:int }%>
%<{ selectedProduct=3:int }%>
%<{ catalogContents=> }%>
%>
%<S "O:Array"
%<P
%<{ I=3:ID }%>
%<{ elem=1:int }%>
%<{ elem=12:int }%>
%<{ elem=5:int }%>
%<{ elem=16:int }%>
%<{ elem=9:int }%>
%<{ elem=2:int }%>
%<{ elem=13:int }%>
%<{ elem=6:int }%>
%<{ elem=17:int }%>
%<{ elem=10:int }%>
%<{ elem=3:int }%>
%<{ elem=14:int }%>
%<{ elem=7:int }%>
%<{ elem=18:int }%>
%<{ elem=11:int }%>
%<{ elem=4:int }%>
%<{ elem=15:int }%>
%<{ elem=8:int }%>
%>
%>
%<P
%<{ shoppingCartContents=> }%>
%>
%<S "O:Array"
%<P
%<{ I=4:ID }%>
%<{ elem=11:int }%>
%<{ elem=15:int }%>
%<{ elem=17:int }%>
%<{ elem=18:int }%>
%<{ elem=3:int }%>
%>
%>
%<P
%<{ compareCartContents=> }%>
%>
%<S "O:Array"
%<P
%<{ I=5:ID }%>
%<{ elem=3:int }%>
%>
%>
%>
%>
%<S -120:1382693836559 "E"
%<S "O:eu.fittest.actionscript.automation::RecordEvent"
%<P
%<{ I=0:ID }%>
%<{ targetID="IDY_img_3":String }%>
%<{ type="click":String }%>
%<{ args=> }%>
%>
%<S "O:Array"
%<P
%<{ I=1:ID }%>
%>
%>
%>
%<S "O:AppAbstractState"
%<P
%<{ I=2:ID }%>
%<{ numOfSelectedItems=18:int }%>
%<{ numInShopCart=5:int }%>
%<{ cartCurrency="$":String }%>
%<{ cartTotal="$2,925.93":String }%>
%<{ numInCompareCart=1:int }%>
%<{ selectedProduct=3:int }%>
%<{ catalogContents=> }%>
%>
%<S "O:Array"
%<P
%<{ I=3:ID }%>
%<{ elem=1:int }%>
%<{ elem=12:int }%>
%<{ elem=5:int }%>
%<{ elem=16:int }%>
%<{ elem=9:int }%>
%<{ elem=2:int }%>
%<{ elem=13:int }%>
%<{ elem=6:int }%>
%<{ elem=17:int }%>
%<{ elem=10:int }%>
%<{ elem=3:int }%>
%<{ elem=14:int }%>
%<{ elem=7:int }%>
%<{ elem=18:int }%>
%<{ elem=11:int }%>
%<{ elem=4:int }%>
%<{ elem=15:int }%>
%<{ elem=8:int }%>
%>
%>
%<P
%<{ shoppingCartContents=> }%>
%>
%<S "O:Array"
%<P
%<{ I=4:ID }%>
%<{ elem=11:int }%>
%<{ elem=15:int }%>
%<{ elem=17:int }%>
%<{ elem=18:int }%>
%<{ elem=3:int }%>
%>
%>
%<P
%<{ compareCartContents=> }%>
%>
%<S "O:Array"
%<P
%<{ I=5:ID }%>
%<{ elem=3:int }%>
%>
%>
%>
%>
%<S -120:1382693836583 "E"
%<S "O:eu.fittest.actionscript.automation::RecordEvent"
%<P
%<{ I=0:ID }%>
%<{ targetID="IDY_cancas_3":String }%>
%<{ type="click":String }%>
%<{ args=> }%>
%>
%<S "O:Array"
%<P
%<{ I=1:ID }%>
%>
%>
%>
%<S "O:AppAbstractState"
%<P
%<{ I=2:ID }%>
%<{ numOfSelectedItems=18:int }%>
%<{ numInShopCart=5:int }%>
%<{ cartCurrency="$":String }%>
%<{ cartTotal="$2,925.93":String }%>
%<{ numInCompareCart=1:int }%>
%<{ selectedProduct=3:int }%>
%<{ catalogContents=> }%>
%>
%<S "O:Array"
%<P
%<{ I=3:ID }%>
%<{ elem=1:int }%>
%<{ elem=12:int }%>
%<{ elem=5:int }%>
%<{ elem=16:int }%>
%<{ elem=9:int }%>
%<{ elem=2:int }%>
%<{ elem=13:int }%>
%<{ elem=6:int }%>
%<{ elem=17:int }%>
%<{ elem=10:int }%>
%<{ elem=3:int }%>
%<{ elem=14:int }%>
%<{ elem=7:int }%>
%<{ elem=18:int }%>
%<{ elem=11:int }%>
%<{ elem=4:int }%>
%<{ elem=15:int }%>
%<{ elem=8:int }%>
%>
%>
%<P
%<{ shoppingCartContents=> }%>
%>
%<S "O:Array"
%<P
%<{ I=4:ID }%>
%<{ elem=11:int }%>
%<{ elem=15:int }%>
%<{ elem=17:int }%>
%<{ elem=18:int }%>
%<{ elem=3:int }%>
%>
%>
%<P
%<{ compareCartContents=> }%>
%>
%<S "O:Array"
%<P
%<{ I=5:ID }%>
%<{ elem=3:int }%>
%>
%>
%>
%>
%<S -120:1382693836660 "E"
%<S "O:eu.fittest.actionscript.automation::RecordEvent"
%<P
%<{ I=0:ID }%>
%<{ targetID="IDY_img_3":String }%>
%<{ type="click":String }%>
%<{ args=> }%>
%>
%<S "O:Array"
%<P
%<{ I=1:ID }%>
%>
%>
%>
%<S "O:AppAbstractState"
%<P
%<{ I=2:ID }%>
%<{ numOfSelectedItems=18:int }%>
%<{ numInShopCart=5:int }%>
%<{ cartCurrency="$":String }%>
%<{ cartTotal="$2,925.93":String }%>
%<{ numInCompareCart=1:int }%>
%<{ selectedProduct=3:int }%>
%<{ catalogContents=> }%>
%>
%<S "O:Array"
%<P
%<{ I=3:ID }%>
%<{ elem=1:int }%>
%<{ elem=12:int }%>
%<{ elem=5:int }%>
%<{ elem=16:int }%>
%<{ elem=9:int }%>
%<{ elem=2:int }%>
%<{ elem=13:int }%>
%<{ elem=6:int }%>
%<{ elem=17:int }%>
%<{ elem=10:int }%>
%<{ elem=3:int }%>
%<{ elem=14:int }%>
%<{ elem=7:int }%>
%<{ elem=18:int }%>
%<{ elem=11:int }%>
%<{ elem=4:int }%>
%<{ elem=15:int }%>
%<{ elem=8:int }%>
%>
%>
%<P
%<{ shoppingCartContents=> }%>
%>
%<S "O:Array"
%<P
%<{ I=4:ID }%>
%<{ elem=11:int }%>
%<{ elem=15:int }%>
%<{ elem=17:int }%>
%<{ elem=18:int }%>
%<{ elem=3:int }%>
%>
%>
%<P
%<{ compareCartContents=> }%>
%>
%<S "O:Array"
%<P
%<{ I=5:ID }%>
%<{ elem=3:int }%>
%>
%>
%>
%>
%<S -120:1382693836687 "E"
%<S "O:eu.fittest.actionscript.automation::RecordEvent"
%<P
%<{ I=0:ID }%>
%<{ targetID="IDY_cancas_3":String }%>
%<{ type="click":String }%>
%<{ args=> }%>
%>
%<S "O:Array"
%<P
%<{ I=1:ID }%>
%>
%>
%>
%<S "O:AppAbstractState"
%<P
%<{ I=2:ID }%>
%<{ numOfSelectedItems=18:int }%>
%<{ numInShopCart=5:int }%>
%<{ cartCurrency="$":String }%>
%<{ cartTotal="$2,925.93":String }%>
%<{ numInCompareCart=1:int }%>
%<{ selectedProduct=3:int }%>
%<{ catalogContents=> }%>
%>
%<S "O:Array"
%<P
%<{ I=3:ID }%>
%<{ elem=1:int }%>
%<{ elem=12:int }%>
%<{ elem=5:int }%>
%<{ elem=16:int }%>
%<{ elem=9:int }%>
%<{ elem=2:int }%>
%<{ elem=13:int }%>
%<{ elem=6:int }%>
%<{ elem=17:int }%>
%<{ elem=10:int }%>
%<{ elem=3:int }%>
%<{ elem=14:int }%>
%<{ elem=7:int }%>
%<{ elem=18:int }%>
%<{ elem=11:int }%>
%<{ elem=4:int }%>
%<{ elem=15:int }%>
%<{ elem=8:int }%>
%>
%>
%<P
%<{ shoppingCartContents=> }%>
%>
%<S "O:Array"
%<P
%<{ I=4:ID }%>
%<{ elem=11:int }%>
%<{ elem=15:int }%>
%<{ elem=17:int }%>
%<{ elem=18:int }%>
%<{ elem=3:int }%>
%>
%>
%<P
%<{ compareCartContents=> }%>
%>
%<S "O:Array"
%<P
%<{ I=5:ID }%>
%<{ elem=3:int }%>
%>
%>
%>
%>
%<S -120:1382693840452 "E"
%<S "O:eu.fittest.actionscript.automation::RecordEvent"
%<P
%<{ I=0:ID }%>
%<{ targetID="TabNavigator0":String }%>
%<{ type="change":String }%>
%<{ args=> }%>
%>
%<S "O:Array"
%<P
%<{ I=1:ID }%>
%<{ elem=1:int }%>
%>
%>
%>
%<S "O:AppAbstractState"
%<P
%<{ I=2:ID }%>
%<{ numOfSelectedItems=18:int }%>
%<{ numInShopCart=5:int }%>
%<{ cartCurrency="$":String }%>
%<{ cartTotal="$2,925.93":String }%>
%<{ numInCompareCart=1:int }%>
%<{ selectedProduct=3:int }%>
%<{ catalogContents=> }%>
%>
%<S "O:Array"
%<P
%<{ I=3:ID }%>
%<{ elem=1:int }%>
%<{ elem=12:int }%>
%<{ elem=5:int }%>
%<{ elem=16:int }%>
%<{ elem=9:int }%>
%<{ elem=2:int }%>
%<{ elem=13:int }%>
%<{ elem=6:int }%>
%<{ elem=17:int }%>
%<{ elem=10:int }%>
%<{ elem=3:int }%>
%<{ elem=14:int }%>
%<{ elem=7:int }%>
%<{ elem=18:int }%>
%<{ elem=11:int }%>
%<{ elem=4:int }%>
%<{ elem=15:int }%>
%<{ elem=8:int }%>
%>
%>
%<P
%<{ shoppingCartContents=> }%>
%>
%<S "O:Array"
%<P
%<{ I=4:ID }%>
%<{ elem=11:int }%>
%<{ elem=15:int }%>
%<{ elem=17:int }%>
%<{ elem=18:int }%>
%<{ elem=3:int }%>
%>
%>
%<P
%<{ compareCartContents=> }%>
%>
%<S "O:Array"
%<P
%<{ I=5:ID }%>
%<{ elem=3:int }%>
%>
%>
%>
%>
%<S -120:1382693841780 "E"
%<S "O:eu.fittest.actionscript.automation::RecordEvent"
%<P
%<{ I=0:ID }%>
%<{ targetID="TabNavigator0":String }%>
%<{ type="change":String }%>
%<{ args=> }%>
%>
%<S "O:Array"
%<P
%<{ I=1:ID }%>
%<{ elem=0:int }%>
%>
%>
%>
%<S "O:AppAbstractState"
%<P
%<{ I=2:ID }%>
%<{ numOfSelectedItems=18:int }%>
%<{ numInShopCart=5:int }%>
%<{ cartCurrency="$":String }%>
%<{ cartTotal="$2,925.93":String }%>
%<{ numInCompareCart=1:int }%>
%<{ selectedProduct=3:int }%>
%<{ catalogContents=> }%>
%>
%<S "O:Array"
%<P
%<{ I=3:ID }%>
%<{ elem=1:int }%>
%<{ elem=12:int }%>
%<{ elem=5:int }%>
%<{ elem=16:int }%>
%<{ elem=9:int }%>
%<{ elem=2:int }%>
%<{ elem=13:int }%>
%<{ elem=6:int }%>
%<{ elem=17:int }%>
%<{ elem=10:int }%>
%<{ elem=3:int }%>
%<{ elem=14:int }%>
%<{ elem=7:int }%>
%<{ elem=18:int }%>
%<{ elem=11:int }%>
%<{ elem=4:int }%>
%<{ elem=15:int }%>
%<{ elem=8:int }%>
%>
%>
%<P
%<{ shoppingCartContents=> }%>
%>
%<S "O:Array"
%<P
%<{ I=4:ID }%>
%<{ elem=11:int }%>
%<{ elem=15:int }%>
%<{ elem=17:int }%>
%<{ elem=18:int }%>
%<{ elem=3:int }%>
%>
%>
%<P
%<{ compareCartContents=> }%>
%>
%<S "O:Array"
%<P
%<{ I=5:ID }%>
%<{ elem=3:int }%>
%>
%>
%>
%>
%<S -120:1382693843123 "E"
%<S "O:eu.fittest.actionscript.automation::RecordEvent"
%<P
%<{ I=0:ID }%>
%<{ targetID="IDY_img_2":String }%>
%<{ type="click":String }%>
%<{ args=> }%>
%>
%<S "O:Array"
%<P
%<{ I=1:ID }%>
%>
%>
%>
%<S "O:AppAbstractState"
%<P
%<{ I=2:ID }%>
%<{ numOfSelectedItems=18:int }%>
%<{ numInShopCart=5:int }%>
%<{ cartCurrency="$":String }%>
%<{ cartTotal="$2,925.93":String }%>
%<{ numInCompareCart=1:int }%>
%<{ selectedProduct=3:int }%>
%<{ catalogContents=> }%>
%>
%<S "O:Array"
%<P
%<{ I=3:ID }%>
%<{ elem=1:int }%>
%<{ elem=12:int }%>
%<{ elem=5:int }%>
%<{ elem=16:int }%>
%<{ elem=9:int }%>
%<{ elem=2:int }%>
%<{ elem=13:int }%>
%<{ elem=6:int }%>
%<{ elem=17:int }%>
%<{ elem=10:int }%>
%<{ elem=3:int }%>
%<{ elem=14:int }%>
%<{ elem=7:int }%>
%<{ elem=18:int }%>
%<{ elem=11:int }%>
%<{ elem=4:int }%>
%<{ elem=15:int }%>
%<{ elem=8:int }%>
%>
%>
%<P
%<{ shoppingCartContents=> }%>
%>
%<S "O:Array"
%<P
%<{ I=4:ID }%>
%<{ elem=11:int }%>
%<{ elem=15:int }%>
%<{ elem=17:int }%>
%<{ elem=18:int }%>
%<{ elem=3:int }%>
%>
%>
%<P
%<{ compareCartContents=> }%>
%>
%<S "O:Array"
%<P
%<{ I=5:ID }%>
%<{ elem=3:int }%>
%>
%>
%>
%>
%<S -120:1382693843125 "E"
%<S "O:eu.fittest.actionscript.automation::RecordEvent"
%<P
%<{ I=0:ID }%>
%<{ targetID="IDY_cancas_2":String }%>
%<{ type="click":String }%>
%<{ args=> }%>
%>
%<S "O:Array"
%<P
%<{ I=1:ID }%>
%>
%>
%>
%<S "O:AppAbstractState"
%<P
%<{ I=2:ID }%>
%<{ numOfSelectedItems=18:int }%>
%<{ numInShopCart=5:int }%>
%<{ cartCurrency="$":String }%>
%<{ cartTotal="$2,925.93":String }%>
%<{ numInCompareCart=1:int }%>
%<{ selectedProduct=2:int }%>
%<{ catalogContents=> }%>
%>
%<S "O:Array"
%<P
%<{ I=3:ID }%>
%<{ elem=1:int }%>
%<{ elem=12:int }%>
%<{ elem=5:int }%>
%<{ elem=16:int }%>
%<{ elem=9:int }%>
%<{ elem=2:int }%>
%<{ elem=13:int }%>
%<{ elem=6:int }%>
%<{ elem=17:int }%>
%<{ elem=10:int }%>
%<{ elem=3:int }%>
%<{ elem=14:int }%>
%<{ elem=7:int }%>
%<{ elem=18:int }%>
%<{ elem=11:int }%>
%<{ elem=4:int }%>
%<{ elem=15:int }%>
%<{ elem=8:int }%>
%>
%>
%<P
%<{ shoppingCartContents=> }%>
%>
%<S "O:Array"
%<P
%<{ I=4:ID }%>
%<{ elem=11:int }%>
%<{ elem=15:int }%>
%<{ elem=17:int }%>
%<{ elem=18:int }%>
%<{ elem=3:int }%>
%>
%>
%<P
%<{ compareCartContents=> }%>
%>
%<S "O:Array"
%<P
%<{ I=5:ID }%>
%<{ elem=3:int }%>
%>
%>
%>
%>
%<S -120:1382693844226 "E"
%<S "O:eu.fittest.actionscript.automation::RecordEvent"
%<P
%<{ I=0:ID }%>
%<{ targetID="IDY_purchase_this":String }%>
%<{ type="click":String }%>
%<{ args=> }%>
%>
%<S "O:Array"
%<P
%<{ I=1:ID }%>
%>
%>
%>
%<S "O:AppAbstractState"
%<P
%<{ I=2:ID }%>
%<{ numOfSelectedItems=18:int }%>
%<{ numInShopCart=6:int }%>
%<{ cartCurrency="$":String }%>
%<{ cartTotal="$3,066.93":String }%>
%<{ numInCompareCart=1:int }%>
%<{ selectedProduct=2:int }%>
%<{ catalogContents=> }%>
%>
%<S "O:Array"
%<P
%<{ I=3:ID }%>
%<{ elem=1:int }%>
%<{ elem=12:int }%>
%<{ elem=5:int }%>
%<{ elem=16:int }%>
%<{ elem=9:int }%>
%<{ elem=2:int }%>
%<{ elem=13:int }%>
%<{ elem=6:int }%>
%<{ elem=17:int }%>
%<{ elem=10:int }%>
%<{ elem=3:int }%>
%<{ elem=14:int }%>
%<{ elem=7:int }%>
%<{ elem=18:int }%>
%<{ elem=11:int }%>
%<{ elem=4:int }%>
%<{ elem=15:int }%>
%<{ elem=8:int }%>
%>
%>
%<P
%<{ shoppingCartContents=> }%>
%>
%<S "O:Array"
%<P
%<{ I=4:ID }%>
%<{ elem=11:int }%>
%<{ elem=15:int }%>
%<{ elem=17:int }%>
%<{ elem=18:int }%>
%<{ elem=3:int }%>
%<{ elem=2:int }%>
%>
%>
%<P
%<{ compareCartContents=> }%>
%>
%<S "O:Array"
%<P
%<{ I=5:ID }%>
%<{ elem=3:int }%>
%>
%>
%>
%>
%<S -120:1382693846821 "E"
%<S "O:eu.fittest.actionscript.automation::RecordEvent"
%<P
%<{ I=0:ID }%>
%<{ targetID="IDY_remove_shoppingCart_11":String }%>
%<{ type="click":String }%>
%<{ args=> }%>
%>
%<S "O:Array"
%<P
%<{ I=1:ID }%>
%>
%>
%>
%<S "O:AppAbstractState"
%<P
%<{ I=2:ID }%>
%<{ numOfSelectedItems=18:int }%>
%<{ numInShopCart=5:int }%>
%<{ cartCurrency="$":String }%>
%<{ cartTotal="$2,695.93":String }%>
%<{ numInCompareCart=1:int }%>
%<{ selectedProduct=2:int }%>
%<{ catalogContents=> }%>
%>
%<S "O:Array"
%<P
%<{ I=3:ID }%>
%<{ elem=1:int }%>
%<{ elem=12:int }%>
%<{ elem=5:int }%>
%<{ elem=16:int }%>
%<{ elem=9:int }%>
%<{ elem=2:int }%>
%<{ elem=13:int }%>
%<{ elem=6:int }%>
%<{ elem=17:int }%>
%<{ elem=10:int }%>
%<{ elem=3:int }%>
%<{ elem=14:int }%>
%<{ elem=7:int }%>
%<{ elem=18:int }%>
%<{ elem=11:int }%>
%<{ elem=4:int }%>
%<{ elem=15:int }%>
%<{ elem=8:int }%>
%>
%>
%<P
%<{ shoppingCartContents=> }%>
%>
%<S "O:Array"
%<P
%<{ I=4:ID }%>
%<{ elem=15:int }%>
%<{ elem=17:int }%>
%<{ elem=18:int }%>
%<{ elem=3:int }%>
%<{ elem=2:int }%>
%>
%>
%<P
%<{ compareCartContents=> }%>
%>
%<S "O:Array"
%<P
%<{ I=5:ID }%>
%<{ elem=3:int }%>
%>
%>
%>
%>
%<S -120:1382693849020 "E"
%<S "O:eu.fittest.actionscript.automation::RecordEvent"
%<P
%<{ I=0:ID }%>
%<{ targetID="IDY_remove_shoppingCart_3":String }%>
%<{ type="click":String }%>
%<{ args=> }%>
%>
%<S "O:Array"
%<P
%<{ I=1:ID }%>
%>
%>
%>
%<S "O:AppAbstractState"
%<P
%<{ I=2:ID }%>
%<{ numOfSelectedItems=18:int }%>
%<{ numInShopCart=4:int }%>
%<{ cartCurrency="$":String }%>
%<{ cartTotal="$2,554.95":String }%>
%<{ numInCompareCart=1:int }%>
%<{ selectedProduct=2:int }%>
%<{ catalogContents=> }%>
%>
%<S "O:Array"
%<P
%<{ I=3:ID }%>
%<{ elem=1:int }%>
%<{ elem=12:int }%>
%<{ elem=5:int }%>
%<{ elem=16:int }%>
%<{ elem=9:int }%>
%<{ elem=2:int }%>
%<{ elem=13:int }%>
%<{ elem=6:int }%>
%<{ elem=17:int }%>
%<{ elem=10:int }%>
%<{ elem=3:int }%>
%<{ elem=14:int }%>
%<{ elem=7:int }%>
%<{ elem=18:int }%>
%<{ elem=11:int }%>
%<{ elem=4:int }%>
%<{ elem=15:int }%>
%<{ elem=8:int }%>
%>
%>
%<P
%<{ shoppingCartContents=> }%>
%>
%<S "O:Array"
%<P
%<{ I=4:ID }%>
%<{ elem=15:int }%>
%<{ elem=17:int }%>
%<{ elem=18:int }%>
%<{ elem=2:int }%>
%>
%>
%<P
%<{ compareCartContents=> }%>
%>
%<S "O:Array"
%<P
%<{ I=5:ID }%>
%<{ elem=3:int }%>
%>
%>
%>
%>
%<S -120:1382693851566 "E"
%<S "O:eu.fittest.actionscript.automation::RecordEvent"
%<P
%<{ I=0:ID }%>
%<{ targetID="IDY_remove_shoppingCart_2":String }%>
%<{ type="click":String }%>
%<{ args=> }%>
%>
%<S "O:Array"
%<P
%<{ I=1:ID }%>
%>
%>
%>
%<S "O:AppAbstractState"
%<P
%<{ I=2:ID }%>
%<{ numOfSelectedItems=18:int }%>
%<{ numInShopCart=3:int }%>
%<{ cartCurrency="$":String }%>
%<{ cartTotal="$2,413.95":String }%>
%<{ numInCompareCart=1:int }%>
%<{ selectedProduct=2:int }%>
%<{ catalogContents=> }%>
%>
%<S "O:Array"
%<P
%<{ I=3:ID }%>
%<{ elem=1:int }%>
%<{ elem=12:int }%>
%<{ elem=5:int }%>
%<{ elem=16:int }%>
%<{ elem=9:int }%>
%<{ elem=2:int }%>
%<{ elem=13:int }%>
%<{ elem=6:int }%>
%<{ elem=17:int }%>
%<{ elem=10:int }%>
%<{ elem=3:int }%>
%<{ elem=14:int }%>
%<{ elem=7:int }%>
%<{ elem=18:int }%>
%<{ elem=11:int }%>
%<{ elem=4:int }%>
%<{ elem=15:int }%>
%<{ elem=8:int }%>
%>
%>
%<P
%<{ shoppingCartContents=> }%>
%>
%<S "O:Array"
%<P
%<{ I=4:ID }%>
%<{ elem=15:int }%>
%<{ elem=17:int }%>
%<{ elem=18:int }%>
%>
%>
%<P
%<{ compareCartContents=> }%>
%>
%<S "O:Array"
%<P
%<{ I=5:ID }%>
%<{ elem=3:int }%>
%>
%>
%>
%>
%<S -120:1382693852182 "E"
%<S "O:eu.fittest.actionscript.automation::RecordEvent"
%<P
%<{ I=0:ID }%>
%<{ targetID="IDY_remove_shoppingCart_18":String }%>
%<{ type="click":String }%>
%<{ args=> }%>
%>
%<S "O:Array"
%<P
%<{ I=1:ID }%>
%>
%>
%>
%<S "O:AppAbstractState"
%<P
%<{ I=2:ID }%>
%<{ numOfSelectedItems=18:int }%>
%<{ numInShopCart=2:int }%>
%<{ cartCurrency="$":String }%>
%<{ cartTotal="$1,312.97":String }%>
%<{ numInCompareCart=1:int }%>
%<{ selectedProduct=2:int }%>
%<{ catalogContents=> }%>
%>
%<S "O:Array"
%<P
%<{ I=3:ID }%>
%<{ elem=1:int }%>
%<{ elem=12:int }%>
%<{ elem=5:int }%>
%<{ elem=16:int }%>
%<{ elem=9:int }%>
%<{ elem=2:int }%>
%<{ elem=13:int }%>
%<{ elem=6:int }%>
%<{ elem=17:int }%>
%<{ elem=10:int }%>
%<{ elem=3:int }%>
%<{ elem=14:int }%>
%<{ elem=7:int }%>
%<{ elem=18:int }%>
%<{ elem=11:int }%>
%<{ elem=4:int }%>
%<{ elem=15:int }%>
%<{ elem=8:int }%>
%>
%>
%<P
%<{ shoppingCartContents=> }%>
%>
%<S "O:Array"
%<P
%<{ I=4:ID }%>
%<{ elem=15:int }%>
%<{ elem=17:int }%>
%>
%>
%<P
%<{ compareCartContents=> }%>
%>
%<S "O:Array"
%<P
%<{ I=5:ID }%>
%<{ elem=3:int }%>
%>
%>
%>
%>
%<S -120:1382693853544 "E"
%<S "O:eu.fittest.actionscript.automation::RecordEvent"
%<P
%<{ I=0:ID }%>
%<{ targetID="IDY_remove_shoppingCart_15":String }%>
%<{ type="click":String }%>
%<{ args=> }%>
%>
%<S "O:Array"
%<P
%<{ I=1:ID }%>
%>
%>
%>
%<S "O:AppAbstractState"
%<P
%<{ I=2:ID }%>
%<{ numOfSelectedItems=18:int }%>
%<{ numInShopCart=1:int }%>
%<{ cartCurrency="$":String }%>
%<{ cartTotal="$801.98":String }%>
%<{ numInCompareCart=1:int }%>
%<{ selectedProduct=2:int }%>
%<{ catalogContents=> }%>
%>
%<S "O:Array"
%<P
%<{ I=3:ID }%>
%<{ elem=1:int }%>
%<{ elem=12:int }%>
%<{ elem=5:int }%>
%<{ elem=16:int }%>
%<{ elem=9:int }%>
%<{ elem=2:int }%>
%<{ elem=13:int }%>
%<{ elem=6:int }%>
%<{ elem=17:int }%>
%<{ elem=10:int }%>
%<{ elem=3:int }%>
%<{ elem=14:int }%>
%<{ elem=7:int }%>
%<{ elem=18:int }%>
%<{ elem=11:int }%>
%<{ elem=4:int }%>
%<{ elem=15:int }%>
%<{ elem=8:int }%>
%>
%>
%<P
%<{ shoppingCartContents=> }%>
%>
%<S "O:Array"
%<P
%<{ I=4:ID }%>
%<{ elem=17:int }%>
%>
%>
%<P
%<{ compareCartContents=> }%>
%>
%<S "O:Array"
%<P
%<{ I=5:ID }%>
%<{ elem=3:int }%>
%>
%>
%>
%>
%<S -120:1382693854551 "E"
%<S "O:eu.fittest.actionscript.automation::RecordEvent"
%<P
%<{ I=0:ID }%>
%<{ targetID="IDY_remove_shoppingCart_17":String }%>
%<{ type="click":String }%>
%<{ args=> }%>
%>
%<S "O:Array"
%<P
%<{ I=1:ID }%>
%>
%>
%>
%<S "O:AppAbstractState"
%<P
%<{ I=2:ID }%>
%<{ numOfSelectedItems=18:int }%>
%<{ numInShopCart=0:int }%>
%<{ cartCurrency="$":String }%>
%<{ cartTotal="$0.00":String }%>
%<{ numInCompareCart=1:int }%>
%<{ selectedProduct=2:int }%>
%<{ catalogContents=> }%>
%>
%<S "O:Array"
%<P
%<{ I=3:ID }%>
%<{ elem=1:int }%>
%<{ elem=12:int }%>
%<{ elem=5:int }%>
%<{ elem=16:int }%>
%<{ elem=9:int }%>
%<{ elem=2:int }%>
%<{ elem=13:int }%>
%<{ elem=6:int }%>
%<{ elem=17:int }%>
%<{ elem=10:int }%>
%<{ elem=3:int }%>
%<{ elem=14:int }%>
%<{ elem=7:int }%>
%<{ elem=18:int }%>
%<{ elem=11:int }%>
%<{ elem=4:int }%>
%<{ elem=15:int }%>
%<{ elem=8:int }%>
%>
%>
%<P
%<{ shoppingCartContents=> }%>
%>
%<S "O:Array"
%<P
%<{ I=4:ID }%>
%>
%>
%<P
%<{ compareCartContents=> }%>
%>
%<S "O:Array"
%<P
%<{ I=5:ID }%>
%<{ elem=3:int }%>
%>
%>
%>
%>
%<S -120:1382693865732 "E"
%<S "O:eu.fittest.actionscript.automation::RecordEvent"
%<P
%<{ I=0:ID }%>
%<{ targetID="IDY_textFeature_17":String }%>
%<{ type="click":String }%>
%<{ args=> }%>
%>
%<S "O:Array"
%<P
%<{ I=1:ID }%>
%>
%>
%>
%<S "O:AppAbstractState"
%<P
%<{ I=2:ID }%>
%<{ numOfSelectedItems=18:int }%>
%<{ numInShopCart=0:int }%>
%<{ cartCurrency="$":String }%>
%<{ cartTotal="$0.00":String }%>
%<{ numInCompareCart=1:int }%>
%<{ selectedProduct=2:int }%>
%<{ catalogContents=> }%>
%>
%<S "O:Array"
%<P
%<{ I=3:ID }%>
%<{ elem=1:int }%>
%<{ elem=12:int }%>
%<{ elem=5:int }%>
%<{ elem=16:int }%>
%<{ elem=9:int }%>
%<{ elem=2:int }%>
%<{ elem=13:int }%>
%<{ elem=6:int }%>
%<{ elem=17:int }%>
%<{ elem=10:int }%>
%<{ elem=3:int }%>
%<{ elem=14:int }%>
%<{ elem=7:int }%>
%<{ elem=18:int }%>
%<{ elem=11:int }%>
%<{ elem=4:int }%>
%<{ elem=15:int }%>
%<{ elem=8:int }%>
%>
%>
%<P
%<{ shoppingCartContents=> }%>
%>
%<S "O:Array"
%<P
%<{ I=4:ID }%>
%>
%>
%<P
%<{ compareCartContents=> }%>
%>
%<S "O:Array"
%<P
%<{ I=5:ID }%>
%<{ elem=3:int }%>
%>
%>
%>
%>
%<S -120:1382693865735 "E"
%<S "O:eu.fittest.actionscript.automation::RecordEvent"
%<P
%<{ I=0:ID }%>
%<{ targetID="IDY_cancas_17":String }%>
%<{ type="click":String }%>
%<{ args=> }%>
%>
%<S "O:Array"
%<P
%<{ I=1:ID }%>
%>
%>
%>
%<S "O:AppAbstractState"
%<P
%<{ I=2:ID }%>
%<{ numOfSelectedItems=18:int }%>
%<{ numInShopCart=0:int }%>
%<{ cartCurrency="$":String }%>
%<{ cartTotal="$0.00":String }%>
%<{ numInCompareCart=1:int }%>
%<{ selectedProduct=17:int }%>
%<{ catalogContents=> }%>
%>
%<S "O:Array"
%<P
%<{ I=3:ID }%>
%<{ elem=1:int }%>
%<{ elem=12:int }%>
%<{ elem=5:int }%>
%<{ elem=16:int }%>
%<{ elem=9:int }%>
%<{ elem=2:int }%>
%<{ elem=13:int }%>
%<{ elem=6:int }%>
%<{ elem=17:int }%>
%<{ elem=10:int }%>
%<{ elem=3:int }%>
%<{ elem=14:int }%>
%<{ elem=7:int }%>
%<{ elem=18:int }%>
%<{ elem=11:int }%>
%<{ elem=4:int }%>
%<{ elem=15:int }%>
%<{ elem=8:int }%>
%>
%>
%<P
%<{ shoppingCartContents=> }%>
%>
%<S "O:Array"
%<P
%<{ I=4:ID }%>
%>
%>
%<P
%<{ compareCartContents=> }%>
%>
%<S "O:Array"
%<P
%<{ I=5:ID }%>
%<{ elem=3:int }%>
%>
%>
%>
%>
%<S -120:1382693867480 "E"
%<S "O:eu.fittest.actionscript.automation::RecordEvent"
%<P
%<{ I=0:ID }%>
%<{ targetID="IDY_purchase_18":String }%>
%<{ type="click":String }%>
%<{ args=> }%>
%>
%<S "O:Array"
%<P
%<{ I=1:ID }%>
%>
%>
%>
%<S "O:AppAbstractState"
%<P
%<{ I=2:ID }%>
%<{ numOfSelectedItems=18:int }%>
%<{ numInShopCart=1:int }%>
%<{ cartCurrency="$":String }%>
%<{ cartTotal="$1,100.99":String }%>
%<{ numInCompareCart=1:int }%>
%<{ selectedProduct=17:int }%>
%<{ catalogContents=> }%>
%>
%<S "O:Array"
%<P
%<{ I=3:ID }%>
%<{ elem=1:int }%>
%<{ elem=12:int }%>
%<{ elem=5:int }%>
%<{ elem=16:int }%>
%<{ elem=9:int }%>
%<{ elem=2:int }%>
%<{ elem=13:int }%>
%<{ elem=6:int }%>
%<{ elem=17:int }%>
%<{ elem=10:int }%>
%<{ elem=3:int }%>
%<{ elem=14:int }%>
%<{ elem=7:int }%>
%<{ elem=18:int }%>
%<{ elem=11:int }%>
%<{ elem=4:int }%>
%<{ elem=15:int }%>
%<{ elem=8:int }%>
%>
%>
%<P
%<{ shoppingCartContents=> }%>
%>
%<S "O:Array"
%<P
%<{ I=4:ID }%>
%<{ elem=18:int }%>
%>
%>
%<P
%<{ compareCartContents=> }%>
%>
%<S "O:Array"
%<P
%<{ I=5:ID }%>
%<{ elem=3:int }%>
%>
%>
%>
%>
%<S -120:1382693867481 "E"
%<S "O:eu.fittest.actionscript.automation::RecordEvent"
%<P
%<{ I=0:ID }%>
%<{ targetID="IDY_cancas_18":String }%>
%<{ type="click":String }%>
%<{ args=> }%>
%>
%<S "O:Array"
%<P
%<{ I=1:ID }%>
%>
%>
%>
%<S "O:AppAbstractState"
%<P
%<{ I=2:ID }%>
%<{ numOfSelectedItems=18:int }%>
%<{ numInShopCart=1:int }%>
%<{ cartCurrency="$":String }%>
%<{ cartTotal="$1,100.99":String }%>
%<{ numInCompareCart=1:int }%>
%<{ selectedProduct=17:int }%>
%<{ catalogContents=> }%>
%>
%<S "O:Array"
%<P
%<{ I=3:ID }%>
%<{ elem=1:int }%>
%<{ elem=12:int }%>
%<{ elem=5:int }%>
%<{ elem=16:int }%>
%<{ elem=9:int }%>
%<{ elem=2:int }%>
%<{ elem=13:int }%>
%<{ elem=6:int }%>
%<{ elem=17:int }%>
%<{ elem=10:int }%>
%<{ elem=3:int }%>
%<{ elem=14:int }%>
%<{ elem=7:int }%>
%<{ elem=18:int }%>
%<{ elem=11:int }%>
%<{ elem=4:int }%>
%<{ elem=15:int }%>
%<{ elem=8:int }%>
%>
%>
%<P
%<{ shoppingCartContents=> }%>
%>
%<S "O:Array"
%<P
%<{ I=4:ID }%>
%<{ elem=18:int }%>
%>
%>
%<P
%<{ compareCartContents=> }%>
%>
%<S "O:Array"
%<P
%<{ I=5:ID }%>
%<{ elem=3:int }%>
%>
%>
%>
%>
%<S -120:1382693867515 "E"
%<S "O:eu.fittest.actionscript.automation::RecordEvent"
%<P
%<{ I=0:ID }%>
%<{ targetID="IDY_purchase_18":String }%>
%<{ type="click":String }%>
%<{ args=> }%>
%>
%<S "O:Array"
%<P
%<{ I=1:ID }%>
%>
%>
%>
%<S "O:AppAbstractState"
%<P
%<{ I=2:ID }%>
%<{ numOfSelectedItems=18:int }%>
%<{ numInShopCart=2:int }%>
%<{ cartCurrency="$":String }%>
%<{ cartTotal="$2,201.98":String }%>
%<{ numInCompareCart=1:int }%>
%<{ selectedProduct=17:int }%>
%<{ catalogContents=> }%>
%>
%<S "O:Array"
%<P
%<{ I=3:ID }%>
%<{ elem=1:int }%>
%<{ elem=12:int }%>
%<{ elem=5:int }%>
%<{ elem=16:int }%>
%<{ elem=9:int }%>
%<{ elem=2:int }%>
%<{ elem=13:int }%>
%<{ elem=6:int }%>
%<{ elem=17:int }%>
%<{ elem=10:int }%>
%<{ elem=3:int }%>
%<{ elem=14:int }%>
%<{ elem=7:int }%>
%<{ elem=18:int }%>
%<{ elem=11:int }%>
%<{ elem=4:int }%>
%<{ elem=15:int }%>
%<{ elem=8:int }%>
%>
%>
%<P
%<{ shoppingCartContents=> }%>
%>
%<S "O:Array"
%<P
%<{ I=4:ID }%>
%<{ elem=18:int }%>
%>
%>
%<P
%<{ compareCartContents=> }%>
%>
%<S "O:Array"
%<P
%<{ I=5:ID }%>
%<{ elem=3:int }%>
%>
%>
%>
%>
%<S -120:1382693867516 "E"
%<S "O:eu.fittest.actionscript.automation::RecordEvent"
%<P
%<{ I=0:ID }%>
%<{ targetID="IDY_cancas_18":String }%>
%<{ type="click":String }%>
%<{ args=> }%>
%>
%<S "O:Array"
%<P
%<{ I=1:ID }%>
%>
%>
%>
%<S "O:AppAbstractState"
%<P
%<{ I=2:ID }%>
%<{ numOfSelectedItems=18:int }%>
%<{ numInShopCart=2:int }%>
%<{ cartCurrency="$":String }%>
%<{ cartTotal="$2,201.98":String }%>
%<{ numInCompareCart=1:int }%>
%<{ selectedProduct=17:int }%>
%<{ catalogContents=> }%>
%>
%<S "O:Array"
%<P
%<{ I=3:ID }%>
%<{ elem=1:int }%>
%<{ elem=12:int }%>
%<{ elem=5:int }%>
%<{ elem=16:int }%>
%<{ elem=9:int }%>
%<{ elem=2:int }%>
%<{ elem=13:int }%>
%<{ elem=6:int }%>
%<{ elem=17:int }%>
%<{ elem=10:int }%>
%<{ elem=3:int }%>
%<{ elem=14:int }%>
%<{ elem=7:int }%>
%<{ elem=18:int }%>
%<{ elem=11:int }%>
%<{ elem=4:int }%>
%<{ elem=15:int }%>
%<{ elem=8:int }%>
%>
%>
%<P
%<{ shoppingCartContents=> }%>
%>
%<S "O:Array"
%<P
%<{ I=4:ID }%>
%<{ elem=18:int }%>
%>
%>
%<P
%<{ compareCartContents=> }%>
%>
%<S "O:Array"
%<P
%<{ I=5:ID }%>
%<{ elem=3:int }%>
%>
%>
%>
%>
%<S -120:1382693876563 "E"
%<S "O:eu.fittest.actionscript.automation::RecordEvent"
%<P
%<{ I=0:ID }%>
%<{ targetID="back_thumb":String }%>
%<{ type="click":String }%>
%<{ args=> }%>
%>
%<S "O:Array"
%<P
%<{ I=1:ID }%>
%>
%>
%>
%<S "O:AppAbstractState"
%<P
%<{ I=2:ID }%>
%<{ numOfSelectedItems=18:int }%>
%<{ numInShopCart=2:int }%>
%<{ cartCurrency="$":String }%>
%<{ cartTotal="$2,201.98":String }%>
%<{ numInCompareCart=1:int }%>
%<{ selectedProduct=17:int }%>
%<{ catalogContents=> }%>
%>
%<S "O:Array"
%<P
%<{ I=3:ID }%>
%<{ elem=1:int }%>
%<{ elem=12:int }%>
%<{ elem=5:int }%>
%<{ elem=16:int }%>
%<{ elem=9:int }%>
%<{ elem=2:int }%>
%<{ elem=13:int }%>
%<{ elem=6:int }%>
%<{ elem=17:int }%>
%<{ elem=10:int }%>
%<{ elem=3:int }%>
%<{ elem=14:int }%>
%<{ elem=7:int }%>
%<{ elem=18:int }%>
%<{ elem=11:int }%>
%<{ elem=4:int }%>
%<{ elem=15:int }%>
%<{ elem=8:int }%>
%>
%>
%<P
%<{ shoppingCartContents=> }%>
%>
%<S "O:Array"
%<P
%<{ I=4:ID }%>
%<{ elem=18:int }%>
%>
%>
%<P
%<{ compareCartContents=> }%>
%>
%<S "O:Array"
%<P
%<{ I=5:ID }%>
%<{ elem=3:int }%>
%>
%>
%>
%>
%<S -120:1382693880272 "E"
%<S "O:eu.fittest.actionscript.automation::RecordEvent"
%<P
%<{ I=0:ID }%>
%<{ targetID="ButtonBar0":String }%>
%<{ type="itemclick":String }%>
%<{ args=> }%>
%>
%<S "O:Array"
%<P
%<{ I=1:ID }%>
%<{ elem=2:int }%>
%>
%>
%>
%<S "O:AppAbstractState"
%<P
%<{ I=2:ID }%>
%<{ numOfSelectedItems=18:int }%>
%<{ numInShopCart=2:int }%>
%<{ cartCurrency="$":String }%>
%<{ cartTotal="$2,201.98":String }%>
%<{ numInCompareCart=1:int }%>
%<{ selectedProduct=17:int }%>
%<{ catalogContents=> }%>
%>
%<S "O:Array"
%<P
%<{ I=3:ID }%>
%<{ elem=1:int }%>
%<{ elem=12:int }%>
%<{ elem=5:int }%>
%<{ elem=16:int }%>
%<{ elem=9:int }%>
%<{ elem=2:int }%>
%<{ elem=13:int }%>
%<{ elem=6:int }%>
%<{ elem=17:int }%>
%<{ elem=10:int }%>
%<{ elem=3:int }%>
%<{ elem=14:int }%>
%<{ elem=7:int }%>
%<{ elem=18:int }%>
%<{ elem=11:int }%>
%<{ elem=4:int }%>
%<{ elem=15:int }%>
%<{ elem=8:int }%>
%>
%>
%<P
%<{ shoppingCartContents=> }%>
%>
%<S "O:Array"
%<P
%<{ I=4:ID }%>
%<{ elem=18:int }%>
%>
%>
%<P
%<{ compareCartContents=> }%>
%>
%<S "O:Array"
%<P
%<{ I=5:ID }%>
%<{ elem=3:int }%>
%>
%>
%>
%>
%<S -120:1382693885325 "E"
%<S "O:eu.fittest.actionscript.automation::RecordEvent"
%<P
%<{ I=0:ID }%>
%<{ targetID="Image7":String }%>
%<{ type="click":String }%>
%<{ args=> }%>
%>
%<S "O:Array"
%<P
%<{ I=1:ID }%>
%>
%>
%>
%<S "O:AppAbstractState"
%<P
%<{ I=2:ID }%>
%<{ numOfSelectedItems=18:int }%>
%<{ numInShopCart=2:int }%>
%<{ cartCurrency="$":String }%>
%<{ cartTotal="$2,201.98":String }%>
%<{ numInCompareCart=1:int }%>
%<{ selectedProduct=17:int }%>
%<{ catalogContents=> }%>
%>
%<S "O:Array"
%<P
%<{ I=3:ID }%>
%<{ elem=1:int }%>
%<{ elem=12:int }%>
%<{ elem=5:int }%>
%<{ elem=16:int }%>
%<{ elem=9:int }%>
%<{ elem=2:int }%>
%<{ elem=13:int }%>
%<{ elem=6:int }%>
%<{ elem=17:int }%>
%<{ elem=10:int }%>
%<{ elem=3:int }%>
%<{ elem=14:int }%>
%<{ elem=7:int }%>
%<{ elem=18:int }%>
%<{ elem=11:int }%>
%<{ elem=4:int }%>
%<{ elem=15:int }%>
%<{ elem=8:int }%>
%>
%>
%<P
%<{ shoppingCartContents=> }%>
%>
%<S "O:Array"
%<P
%<{ I=4:ID }%>
%<{ elem=18:int }%>
%>
%>
%<P
%<{ compareCartContents=> }%>
%>
%<S "O:Array"
%<P
%<{ I=5:ID }%>
%<{ elem=3:int }%>
%>
%>
%>
%>
%<S -120:1382693887325 "E"
%<S "O:eu.fittest.actionscript.automation::RecordEvent"
%<P
%<{ I=0:ID }%>
%<{ targetID="Image7":String }%>
%<{ type="click":String }%>
%<{ args=> }%>
%>
%<S "O:Array"
%<P
%<{ I=1:ID }%>
%>
%>
%>
%<S "O:AppAbstractState"
%<P
%<{ I=2:ID }%>
%<{ numOfSelectedItems=18:int }%>
%<{ numInShopCart=2:int }%>
%<{ cartCurrency="$":String }%>
%<{ cartTotal="$2,201.98":String }%>
%<{ numInCompareCart=1:int }%>
%<{ selectedProduct=17:int }%>
%<{ catalogContents=> }%>
%>
%<S "O:Array"
%<P
%<{ I=3:ID }%>
%<{ elem=1:int }%>
%<{ elem=12:int }%>
%<{ elem=5:int }%>
%<{ elem=16:int }%>
%<{ elem=9:int }%>
%<{ elem=2:int }%>
%<{ elem=13:int }%>
%<{ elem=6:int }%>
%<{ elem=17:int }%>
%<{ elem=10:int }%>
%<{ elem=3:int }%>
%<{ elem=14:int }%>
%<{ elem=7:int }%>
%<{ elem=18:int }%>
%<{ elem=11:int }%>
%<{ elem=4:int }%>
%<{ elem=15:int }%>
%<{ elem=8:int }%>
%>
%>
%<P
%<{ shoppingCartContents=> }%>
%>
%<S "O:Array"
%<P
%<{ I=4:ID }%>
%<{ elem=18:int }%>
%>
%>
%<P
%<{ compareCartContents=> }%>
%>
%<S "O:Array"
%<P
%<{ I=5:ID }%>
%<{ elem=3:int }%>
%>
%>
%>
%>
%<S -120:1382693888254 "E"
%<S "O:eu.fittest.actionscript.automation::RecordEvent"
%<P
%<{ I=0:ID }%>
%<{ targetID="Image7":String }%>
%<{ type="click":String }%>
%<{ args=> }%>
%>
%<S "O:Array"
%<P
%<{ I=1:ID }%>
%>
%>
%>
%<S "O:AppAbstractState"
%<P
%<{ I=2:ID }%>
%<{ numOfSelectedItems=18:int }%>
%<{ numInShopCart=2:int }%>
%<{ cartCurrency="$":String }%>
%<{ cartTotal="$2,201.98":String }%>
%<{ numInCompareCart=1:int }%>
%<{ selectedProduct=17:int }%>
%<{ catalogContents=> }%>
%>
%<S "O:Array"
%<P
%<{ I=3:ID }%>
%<{ elem=1:int }%>
%<{ elem=12:int }%>
%<{ elem=5:int }%>
%<{ elem=16:int }%>
%<{ elem=9:int }%>
%<{ elem=2:int }%>
%<{ elem=13:int }%>
%<{ elem=6:int }%>
%<{ elem=17:int }%>
%<{ elem=10:int }%>
%<{ elem=3:int }%>
%<{ elem=14:int }%>
%<{ elem=7:int }%>
%<{ elem=18:int }%>
%<{ elem=11:int }%>
%<{ elem=4:int }%>
%<{ elem=15:int }%>
%<{ elem=8:int }%>
%>
%>
%<P
%<{ shoppingCartContents=> }%>
%>
%<S "O:Array"
%<P
%<{ I=4:ID }%>
%<{ elem=18:int }%>
%>
%>
%<P
%<{ compareCartContents=> }%>
%>
%<S "O:Array"
%<P
%<{ I=5:ID }%>
%<{ elem=3:int }%>
%>
%>
%>
%>
%<S -120:1382693889718 "E"
%<S "O:eu.fittest.actionscript.automation::RecordEvent"
%<P
%<{ I=0:ID }%>
%<{ targetID="HID_IDY_addressState_1_button":String }%>
%<{ type="click":String }%>
%<{ args=> }%>
%>
%<S "O:Array"
%<P
%<{ I=1:ID }%>
%>
%>
%>
%<S "O:AppAbstractState"
%<P
%<{ I=2:ID }%>
%<{ numOfSelectedItems=18:int }%>
%<{ numInShopCart=2:int }%>
%<{ cartCurrency="$":String }%>
%<{ cartTotal="$2,201.98":String }%>
%<{ numInCompareCart=1:int }%>
%<{ selectedProduct=17:int }%>
%<{ catalogContents=> }%>
%>
%<S "O:Array"
%<P
%<{ I=3:ID }%>
%<{ elem=1:int }%>
%<{ elem=12:int }%>
%<{ elem=5:int }%>
%<{ elem=16:int }%>
%<{ elem=9:int }%>
%<{ elem=2:int }%>
%<{ elem=13:int }%>
%<{ elem=6:int }%>
%<{ elem=17:int }%>
%<{ elem=10:int }%>
%<{ elem=3:int }%>
%<{ elem=14:int }%>
%<{ elem=7:int }%>
%<{ elem=18:int }%>
%<{ elem=11:int }%>
%<{ elem=4:int }%>
%<{ elem=15:int }%>
%<{ elem=8:int }%>
%>
%>
%<P
%<{ shoppingCartContents=> }%>
%>
%<S "O:Array"
%<P
%<{ I=4:ID }%>
%<{ elem=18:int }%>
%>
%>
%<P
%<{ compareCartContents=> }%>
%>
%<S "O:Array"
%<P
%<{ I=5:ID }%>
%<{ elem=3:int }%>
%>
%>
%>
%>
%<S -120:1382693889891 "E"
%<S "O:eu.fittest.actionscript.automation::RecordEvent"
%<P
%<{ I=0:ID }%>
%<{ targetID="IDY_addressState":String }%>
%<{ type="open":String }%>
%<{ args=> }%>
%>
%<S "O:Array"
%<P
%<{ I=1:ID }%>
%>
%>
%>
%<S "O:AppAbstractState"
%<P
%<{ I=2:ID }%>
%<{ numOfSelectedItems=18:int }%>
%<{ numInShopCart=2:int }%>
%<{ cartCurrency="$":String }%>
%<{ cartTotal="$2,201.98":String }%>
%<{ numInCompareCart=1:int }%>
%<{ selectedProduct=17:int }%>
%<{ catalogContents=> }%>
%>
%<S "O:Array"
%<P
%<{ I=3:ID }%>
%<{ elem=1:int }%>
%<{ elem=12:int }%>
%<{ elem=5:int }%>
%<{ elem=16:int }%>
%<{ elem=9:int }%>
%<{ elem=2:int }%>
%<{ elem=13:int }%>
%<{ elem=6:int }%>
%<{ elem=17:int }%>
%<{ elem=10:int }%>
%<{ elem=3:int }%>
%<{ elem=14:int }%>
%<{ elem=7:int }%>
%<{ elem=18:int }%>
%<{ elem=11:int }%>
%<{ elem=4:int }%>
%<{ elem=15:int }%>
%<{ elem=8:int }%>
%>
%>
%<P
%<{ shoppingCartContents=> }%>
%>
%<S "O:Array"
%<P
%<{ I=4:ID }%>
%<{ elem=18:int }%>
%>
%>
%<P
%<{ compareCartContents=> }%>
%>
%<S "O:Array"
%<P
%<{ I=5:ID }%>
%<{ elem=3:int }%>
%>
%>
%>
%>
%<S -120:1382693890588 "E"
%<S "O:eu.fittest.actionscript.automation::RecordEvent"
%<P
%<{ I=0:ID }%>
%<{ targetID="IDY_addressState":String }%>
%<{ type="change":String }%>
%<{ args=> }%>
%>
%<S "O:Array"
%<P
%<{ I=1:ID }%>
%<{ elem=1:int }%>
%>
%>
%>
%<S "O:AppAbstractState"
%<P
%<{ I=2:ID }%>
%<{ numOfSelectedItems=18:int }%>
%<{ numInShopCart=2:int }%>
%<{ cartCurrency="$":String }%>
%<{ cartTotal="$2,201.98":String }%>
%<{ numInCompareCart=1:int }%>
%<{ selectedProduct=17:int }%>
%<{ catalogContents=> }%>
%>
%<S "O:Array"
%<P
%<{ I=3:ID }%>
%<{ elem=1:int }%>
%<{ elem=12:int }%>
%<{ elem=5:int }%>
%<{ elem=16:int }%>
%<{ elem=9:int }%>
%<{ elem=2:int }%>
%<{ elem=13:int }%>
%<{ elem=6:int }%>
%<{ elem=17:int }%>
%<{ elem=10:int }%>
%<{ elem=3:int }%>
%<{ elem=14:int }%>
%<{ elem=7:int }%>
%<{ elem=18:int }%>
%<{ elem=11:int }%>
%<{ elem=4:int }%>
%<{ elem=15:int }%>
%<{ elem=8:int }%>
%>
%>
%<P
%<{ shoppingCartContents=> }%>
%>
%<S "O:Array"
%<P
%<{ I=4:ID }%>
%<{ elem=18:int }%>
%>
%>
%<P
%<{ compareCartContents=> }%>
%>
%<S "O:Array"
%<P
%<{ I=5:ID }%>
%<{ elem=3:int }%>
%>
%>
%>
%>
%<S -120:1382693890857 "E"
%<S "O:eu.fittest.actionscript.automation::RecordEvent"
%<P
%<{ I=0:ID }%>
%<{ targetID="IDY_addressState":String }%>
%<{ type="close":String }%>
%<{ args=> }%>
%>
%<S "O:Array"
%<P
%<{ I=1:ID }%>
%>
%>
%>
%<S "O:AppAbstractState"
%<P
%<{ I=2:ID }%>
%<{ numOfSelectedItems=18:int }%>
%<{ numInShopCart=2:int }%>
%<{ cartCurrency="$":String }%>
%<{ cartTotal="$2,201.98":String }%>
%<{ numInCompareCart=1:int }%>
%<{ selectedProduct=17:int }%>
%<{ catalogContents=> }%>
%>
%<S "O:Array"
%<P
%<{ I=3:ID }%>
%<{ elem=1:int }%>
%<{ elem=12:int }%>
%<{ elem=5:int }%>
%<{ elem=16:int }%>
%<{ elem=9:int }%>
%<{ elem=2:int }%>
%<{ elem=13:int }%>
%<{ elem=6:int }%>
%<{ elem=17:int }%>
%<{ elem=10:int }%>
%<{ elem=3:int }%>
%<{ elem=14:int }%>
%<{ elem=7:int }%>
%<{ elem=18:int }%>
%<{ elem=11:int }%>
%<{ elem=4:int }%>
%<{ elem=15:int }%>
%<{ elem=8:int }%>
%>
%>
%<P
%<{ shoppingCartContents=> }%>
%>
%<S "O:Array"
%<P
%<{ I=4:ID }%>
%<{ elem=18:int }%>
%>
%>
%<P
%<{ compareCartContents=> }%>
%>
%<S "O:Array"
%<P
%<{ I=5:ID }%>
%<{ elem=3:int }%>
%>
%>
%>
%>
%<S -120:1382693893686 "E"
%<S "O:eu.fittest.actionscript.automation::RecordEvent"
%<P
%<{ I=0:ID }%>
%<{ targetID="ButtonBar0":String }%>
%<{ type="itemclick":String }%>
%<{ args=> }%>
%>
%<S "O:Array"
%<P
%<{ I=1:ID }%>
%<{ elem=1:int }%>
%>
%>
%>
%<S "O:AppAbstractState"
%<P
%<{ I=2:ID }%>
%<{ numOfSelectedItems=18:int }%>
%<{ numInShopCart=2:int }%>
%<{ cartCurrency="$":String }%>
%<{ cartTotal="$2,201.98":String }%>
%<{ numInCompareCart=1:int }%>
%<{ selectedProduct=17:int }%>
%<{ catalogContents=> }%>
%>
%<S "O:Array"
%<P
%<{ I=3:ID }%>
%<{ elem=1:int }%>
%<{ elem=12:int }%>
%<{ elem=5:int }%>
%<{ elem=16:int }%>
%<{ elem=9:int }%>
%<{ elem=2:int }%>
%<{ elem=13:int }%>
%<{ elem=6:int }%>
%<{ elem=17:int }%>
%<{ elem=10:int }%>
%<{ elem=3:int }%>
%<{ elem=14:int }%>
%<{ elem=7:int }%>
%<{ elem=18:int }%>
%<{ elem=11:int }%>
%<{ elem=4:int }%>
%<{ elem=15:int }%>
%<{ elem=8:int }%>
%>
%>
%<P
%<{ shoppingCartContents=> }%>
%>
%<S "O:Array"
%<P
%<{ I=4:ID }%>
%<{ elem=18:int }%>
%>
%>
%<P
%<{ compareCartContents=> }%>
%>
%<S "O:Array"
%<P
%<{ I=5:ID }%>
%<{ elem=3:int }%>
%>
%>
%>
%>
%<S -120:1382693910221 "E"
%<S "O:eu.fittest.actionscript.automation::RecordEvent"
%<P
%<{ I=0:ID }%>
%<{ targetID="IDY_img_lang_French":String }%>
%<{ type="click":String }%>
%<{ args=> }%>
%>
%<S "O:Array"
%<P
%<{ I=1:ID }%>
%>
%>
%>
%<S "O:AppAbstractState"
%<P
%<{ I=2:ID }%>
%<{ numOfSelectedItems=18:int }%>
%<{ numInShopCart=2:int }%>
%<{ cartCurrency="$":String }%>
%<{ cartTotal="$2,201.98":String }%>
%<{ numInCompareCart=1:int }%>
%<{ selectedProduct=17:int }%>
%<{ catalogContents=> }%>
%>
%<S "O:Array"
%<P
%<{ I=3:ID }%>
%<{ elem=1:int }%>
%<{ elem=12:int }%>
%<{ elem=5:int }%>
%<{ elem=16:int }%>
%<{ elem=9:int }%>
%<{ elem=2:int }%>
%<{ elem=13:int }%>
%<{ elem=6:int }%>
%<{ elem=17:int }%>
%<{ elem=10:int }%>
%<{ elem=3:int }%>
%<{ elem=14:int }%>
%<{ elem=7:int }%>
%<{ elem=18:int }%>
%<{ elem=11:int }%>
%<{ elem=4:int }%>
%<{ elem=15:int }%>
%<{ elem=8:int }%>
%>
%>
%<P
%<{ shoppingCartContents=> }%>
%>
%<S "O:Array"
%<P
%<{ I=4:ID }%>
%<{ elem=18:int }%>
%>
%>
%<P
%<{ compareCartContents=> }%>
%>
%<S "O:Array"
%<P
%<{ I=5:ID }%>
%<{ elem=3:int }%>
%>
%>
%>
%>
%<S -120:1382693910490 "E"
%<S "O:eu.fittest.actionscript.automation::RecordEvent"
%<P
%<{ I=0:ID }%>
%<{ targetID="IDY_img_lang_French":String }%>
%<{ type="click":String }%>
%<{ args=> }%>
%>
%<S "O:Array"
%<P
%<{ I=1:ID }%>
%>
%>
%>
%<S "O:AppAbstractState"
%<P
%<{ I=2:ID }%>
%<{ numOfSelectedItems=18:int }%>
%<{ numInShopCart=2:int }%>
%<{ cartCurrency="$":String }%>
%<{ cartTotal="$2,201.98":String }%>
%<{ numInCompareCart=1:int }%>
%<{ selectedProduct=17:int }%>
%<{ catalogContents=> }%>
%>
%<S "O:Array"
%<P
%<{ I=3:ID }%>
%<{ elem=1:int }%>
%<{ elem=12:int }%>
%<{ elem=5:int }%>
%<{ elem=16:int }%>
%<{ elem=9:int }%>
%<{ elem=2:int }%>
%<{ elem=13:int }%>
%<{ elem=6:int }%>
%<{ elem=17:int }%>
%<{ elem=10:int }%>
%<{ elem=3:int }%>
%<{ elem=14:int }%>
%<{ elem=7:int }%>
%<{ elem=18:int }%>
%<{ elem=11:int }%>
%<{ elem=4:int }%>
%<{ elem=15:int }%>
%<{ elem=8:int }%>
%>
%>
%<P
%<{ shoppingCartContents=> }%>
%>
%<S "O:Array"
%<P
%<{ I=4:ID }%>
%<{ elem=18:int }%>
%>
%>
%<P
%<{ compareCartContents=> }%>
%>
%<S "O:Array"
%<P
%<{ I=5:ID }%>
%<{ elem=3:int }%>
%>
%>
%>
%>
%<S -120:1382693917165 "E"
%<S "O:eu.fittest.actionscript.automation::RecordEvent"
%<P
%<{ I=0:ID }%>
%<{ targetID="IDY_img_lang_Russian":String }%>
%<{ type="click":String }%>
%<{ args=> }%>
%>
%<S "O:Array"
%<P
%<{ I=1:ID }%>
%>
%>
%>
%<S "O:AppAbstractState"
%<P
%<{ I=2:ID }%>
%<{ numOfSelectedItems=18:int }%>
%<{ numInShopCart=2:int }%>
%<{ cartCurrency="$":String }%>
%<{ cartTotal="$2,201.98":String }%>
%<{ numInCompareCart=1:int }%>
%<{ selectedProduct=17:int }%>
%<{ catalogContents=> }%>
%>
%<S "O:Array"
%<P
%<{ I=3:ID }%>
%<{ elem=1:int }%>
%<{ elem=12:int }%>
%<{ elem=5:int }%>
%<{ elem=16:int }%>
%<{ elem=9:int }%>
%<{ elem=2:int }%>
%<{ elem=13:int }%>
%<{ elem=6:int }%>
%<{ elem=17:int }%>
%<{ elem=10:int }%>
%<{ elem=3:int }%>
%<{ elem=14:int }%>
%<{ elem=7:int }%>
%<{ elem=18:int }%>
%<{ elem=11:int }%>
%<{ elem=4:int }%>
%<{ elem=15:int }%>
%<{ elem=8:int }%>
%>
%>
%<P
%<{ shoppingCartContents=> }%>
%>
%<S "O:Array"
%<P
%<{ I=4:ID }%>
%<{ elem=18:int }%>
%>
%>
%<P
%<{ compareCartContents=> }%>
%>
%<S "O:Array"
%<P
%<{ I=5:ID }%>
%<{ elem=3:int }%>
%>
%>
%>
%>
%<S -120:1382693920846 "E"
%<S "O:eu.fittest.actionscript.automation::RecordEvent"
%<P
%<{ I=0:ID }%>
%<{ targetID="IDY_img_lang_Spanish":String }%>
%<{ type="click":String }%>
%<{ args=> }%>
%>
%<S "O:Array"
%<P
%<{ I=1:ID }%>
%>
%>
%>
%<S "O:AppAbstractState"
%<P
%<{ I=2:ID }%>
%<{ numOfSelectedItems=18:int }%>
%<{ numInShopCart=2:int }%>
%<{ cartCurrency="$":String }%>
%<{ cartTotal="$2,201.98":String }%>
%<{ numInCompareCart=1:int }%>
%<{ selectedProduct=17:int }%>
%<{ catalogContents=> }%>
%>
%<S "O:Array"
%<P
%<{ I=3:ID }%>
%<{ elem=1:int }%>
%<{ elem=12:int }%>
%<{ elem=5:int }%>
%<{ elem=16:int }%>
%<{ elem=9:int }%>
%<{ elem=2:int }%>
%<{ elem=13:int }%>
%<{ elem=6:int }%>
%<{ elem=17:int }%>
%<{ elem=10:int }%>
%<{ elem=3:int }%>
%<{ elem=14:int }%>
%<{ elem=7:int }%>
%<{ elem=18:int }%>
%<{ elem=11:int }%>
%<{ elem=4:int }%>
%<{ elem=15:int }%>
%<{ elem=8:int }%>
%>
%>
%<P
%<{ shoppingCartContents=> }%>
%>
%<S "O:Array"
%<P
%<{ I=4:ID }%>
%<{ elem=18:int }%>
%>
%>
%<P
%<{ compareCartContents=> }%>
%>
%<S "O:Array"
%<P
%<{ I=5:ID }%>
%<{ elem=3:int }%>
%>
%>
%>
%>
%<S -120:1382693922641 "E"
%<S "O:eu.fittest.actionscript.automation::RecordEvent"
%<P
%<{ I=0:ID }%>
%<{ targetID="IDY_img_lang_English (USA)":String }%>
%<{ type="click":String }%>
%<{ args=> }%>
%>
%<S "O:Array"
%<P
%<{ I=1:ID }%>
%>
%>
%>
%<S "O:AppAbstractState"
%<P
%<{ I=2:ID }%>
%<{ numOfSelectedItems=18:int }%>
%<{ numInShopCart=2:int }%>
%<{ cartCurrency="$":String }%>
%<{ cartTotal="$2,201.98":String }%>
%<{ numInCompareCart=1:int }%>
%<{ selectedProduct=17:int }%>
%<{ catalogContents=> }%>
%>
%<S "O:Array"
%<P
%<{ I=3:ID }%>
%<{ elem=1:int }%>
%<{ elem=12:int }%>
%<{ elem=5:int }%>
%<{ elem=16:int }%>
%<{ elem=9:int }%>
%<{ elem=2:int }%>
%<{ elem=13:int }%>
%<{ elem=6:int }%>
%<{ elem=17:int }%>
%<{ elem=10:int }%>
%<{ elem=3:int }%>
%<{ elem=14:int }%>
%<{ elem=7:int }%>
%<{ elem=18:int }%>
%<{ elem=11:int }%>
%<{ elem=4:int }%>
%<{ elem=15:int }%>
%<{ elem=8:int }%>
%>
%>
%<P
%<{ shoppingCartContents=> }%>
%>
%<S "O:Array"
%<P
%<{ I=4:ID }%>
%<{ elem=18:int }%>
%>
%>
%<P
%<{ compareCartContents=> }%>
%>
%<S "O:Array"
%<P
%<{ I=5:ID }%>
%<{ elem=3:int }%>
%>
%>
%>
%>
%<S -120:1382693924973 "E"
%<S "O:eu.fittest.actionscript.automation::RecordEvent"
%<P
%<{ I=0:ID }%>
%<{ targetID="IDY_img_lang_French":String }%>
%<{ type="click":String }%>
%<{ args=> }%>
%>
%<S "O:Array"
%<P
%<{ I=1:ID }%>
%>
%>
%>
%<S "O:AppAbstractState"
%<P
%<{ I=2:ID }%>
%<{ numOfSelectedItems=18:int }%>
%<{ numInShopCart=2:int }%>
%<{ cartCurrency="$":String }%>
%<{ cartTotal="$2,201.98":String }%>
%<{ numInCompareCart=1:int }%>
%<{ selectedProduct=17:int }%>
%<{ catalogContents=> }%>
%>
%<S "O:Array"
%<P
%<{ I=3:ID }%>
%<{ elem=1:int }%>
%<{ elem=12:int }%>
%<{ elem=5:int }%>
%<{ elem=16:int }%>
%<{ elem=9:int }%>
%<{ elem=2:int }%>
%<{ elem=13:int }%>
%<{ elem=6:int }%>
%<{ elem=17:int }%>
%<{ elem=10:int }%>
%<{ elem=3:int }%>
%<{ elem=14:int }%>
%<{ elem=7:int }%>
%<{ elem=18:int }%>
%<{ elem=11:int }%>
%<{ elem=4:int }%>
%<{ elem=15:int }%>
%<{ elem=8:int }%>
%>
%>
%<P
%<{ shoppingCartContents=> }%>
%>
%<S "O:Array"
%<P
%<{ I=4:ID }%>
%<{ elem=18:int }%>
%>
%>
%<P
%<{ compareCartContents=> }%>
%>
%<S "O:Array"
%<P
%<{ I=5:ID }%>
%<{ elem=3:int }%>
%>
%>
%>
%>
%<S -120:1382693926949 "E"
%<S "O:eu.fittest.actionscript.automation::RecordEvent"
%<P
%<{ I=0:ID }%>
%<{ targetID="IDY_img_lang_Russian":String }%>
%<{ type="click":String }%>
%<{ args=> }%>
%>
%<S "O:Array"
%<P
%<{ I=1:ID }%>
%>
%>
%>
%<S "O:AppAbstractState"
%<P
%<{ I=2:ID }%>
%<{ numOfSelectedItems=18:int }%>
%<{ numInShopCart=2:int }%>
%<{ cartCurrency="$":String }%>
%<{ cartTotal="$2,201.98":String }%>
%<{ numInCompareCart=1:int }%>
%<{ selectedProduct=17:int }%>
%<{ catalogContents=> }%>
%>
%<S "O:Array"
%<P
%<{ I=3:ID }%>
%<{ elem=1:int }%>
%<{ elem=12:int }%>
%<{ elem=5:int }%>
%<{ elem=16:int }%>
%<{ elem=9:int }%>
%<{ elem=2:int }%>
%<{ elem=13:int }%>
%<{ elem=6:int }%>
%<{ elem=17:int }%>
%<{ elem=10:int }%>
%<{ elem=3:int }%>
%<{ elem=14:int }%>
%<{ elem=7:int }%>
%<{ elem=18:int }%>
%<{ elem=11:int }%>
%<{ elem=4:int }%>
%<{ elem=15:int }%>
%<{ elem=8:int }%>
%>
%>
%<P
%<{ shoppingCartContents=> }%>
%>
%<S "O:Array"
%<P
%<{ I=4:ID }%>
%<{ elem=18:int }%>
%>
%>
%<P
%<{ compareCartContents=> }%>
%>
%<S "O:Array"
%<P
%<{ I=5:ID }%>
%<{ elem=3:int }%>
%>
%>
%>
%>
%<S -120:1382693927090 "E"
%<S "O:eu.fittest.actionscript.automation::RecordEvent"
%<P
%<{ I=0:ID }%>
%<{ targetID="IDY_img_lang_Russian":String }%>
%<{ type="click":String }%>
%<{ args=> }%>
%>
%<S "O:Array"
%<P
%<{ I=1:ID }%>
%>
%>
%>
%<S "O:AppAbstractState"
%<P
%<{ I=2:ID }%>
%<{ numOfSelectedItems=18:int }%>
%<{ numInShopCart=2:int }%>
%<{ cartCurrency="$":String }%>
%<{ cartTotal="$2,201.98":String }%>
%<{ numInCompareCart=1:int }%>
%<{ selectedProduct=17:int }%>
%<{ catalogContents=> }%>
%>
%<S "O:Array"
%<P
%<{ I=3:ID }%>
%<{ elem=1:int }%>
%<{ elem=12:int }%>
%<{ elem=5:int }%>
%<{ elem=16:int }%>
%<{ elem=9:int }%>
%<{ elem=2:int }%>
%<{ elem=13:int }%>
%<{ elem=6:int }%>
%<{ elem=17:int }%>
%<{ elem=10:int }%>
%<{ elem=3:int }%>
%<{ elem=14:int }%>
%<{ elem=7:int }%>
%<{ elem=18:int }%>
%<{ elem=11:int }%>
%<{ elem=4:int }%>
%<{ elem=15:int }%>
%<{ elem=8:int }%>
%>
%>
%<P
%<{ shoppingCartContents=> }%>
%>
%<S "O:Array"
%<P
%<{ I=4:ID }%>
%<{ elem=18:int }%>
%>
%>
%<P
%<{ compareCartContents=> }%>
%>
%<S "O:Array"
%<P
%<{ I=5:ID }%>
%<{ elem=3:int }%>
%>
%>
%>
%>
%<S -120:1382693927908 "E"
%<S "O:eu.fittest.actionscript.automation::RecordEvent"
%<P
%<{ I=0:ID }%>
%<{ targetID="IDY_img_lang_Spanish":String }%>
%<{ type="click":String }%>
%<{ args=> }%>
%>
%<S "O:Array"
%<P
%<{ I=1:ID }%>
%>
%>
%>
%<S "O:AppAbstractState"
%<P
%<{ I=2:ID }%>
%<{ numOfSelectedItems=18:int }%>
%<{ numInShopCart=2:int }%>
%<{ cartCurrency="$":String }%>
%<{ cartTotal="$2,201.98":String }%>
%<{ numInCompareCart=1:int }%>
%<{ selectedProduct=17:int }%>
%<{ catalogContents=> }%>
%>
%<S "O:Array"
%<P
%<{ I=3:ID }%>
%<{ elem=1:int }%>
%<{ elem=12:int }%>
%<{ elem=5:int }%>
%<{ elem=16:int }%>
%<{ elem=9:int }%>
%<{ elem=2:int }%>
%<{ elem=13:int }%>
%<{ elem=6:int }%>
%<{ elem=17:int }%>
%<{ elem=10:int }%>
%<{ elem=3:int }%>
%<{ elem=14:int }%>
%<{ elem=7:int }%>
%<{ elem=18:int }%>
%<{ elem=11:int }%>
%<{ elem=4:int }%>
%<{ elem=15:int }%>
%<{ elem=8:int }%>
%>
%>
%<P
%<{ shoppingCartContents=> }%>
%>
%<S "O:Array"
%<P
%<{ I=4:ID }%>
%<{ elem=18:int }%>
%>
%>
%<P
%<{ compareCartContents=> }%>
%>
%<S "O:Array"
%<P
%<{ I=5:ID }%>
%<{ elem=3:int }%>
%>
%>
%>
%>
%<S -120:1382693935891 "E"
%<S "O:eu.fittest.actionscript.automation::RecordEvent"
%<P
%<{ I=0:ID }%>
%<{ targetID="IDY_compare_4":String }%>
%<{ type="click":String }%>
%<{ args=> }%>
%>
%<S "O:Array"
%<P
%<{ I=1:ID }%>
%>
%>
%>
%<S "O:AppAbstractState"
%<P
%<{ I=2:ID }%>
%<{ numOfSelectedItems=18:int }%>
%<{ numInShopCart=2:int }%>
%<{ cartCurrency="$":String }%>
%<{ cartTotal="$2,201.98":String }%>
%<{ numInCompareCart=2:int }%>
%<{ selectedProduct=17:int }%>
%<{ catalogContents=> }%>
%>
%<S "O:Array"
%<P
%<{ I=3:ID }%>
%<{ elem=1:int }%>
%<{ elem=12:int }%>
%<{ elem=5:int }%>
%<{ elem=16:int }%>
%<{ elem=9:int }%>
%<{ elem=2:int }%>
%<{ elem=13:int }%>
%<{ elem=6:int }%>
%<{ elem=17:int }%>
%<{ elem=10:int }%>
%<{ elem=3:int }%>
%<{ elem=14:int }%>
%<{ elem=7:int }%>
%<{ elem=18:int }%>
%<{ elem=11:int }%>
%<{ elem=4:int }%>
%<{ elem=15:int }%>
%<{ elem=8:int }%>
%>
%>
%<P
%<{ shoppingCartContents=> }%>
%>
%<S "O:Array"
%<P
%<{ I=4:ID }%>
%<{ elem=18:int }%>
%>
%>
%<P
%<{ compareCartContents=> }%>
%>
%<S "O:Array"
%<P
%<{ I=5:ID }%>
%<{ elem=3:int }%>
%<{ elem=4:int }%>
%>
%>
%>
%>
%<S -120:1382693935892 "E"
%<S "O:eu.fittest.actionscript.automation::RecordEvent"
%<P
%<{ I=0:ID }%>
%<{ targetID="IDY_cancas_4":String }%>
%<{ type="click":String }%>
%<{ args=> }%>
%>
%<S "O:Array"
%<P
%<{ I=1:ID }%>
%>
%>
%>
%<S "O:AppAbstractState"
%<P
%<{ I=2:ID }%>
%<{ numOfSelectedItems=18:int }%>
%<{ numInShopCart=2:int }%>
%<{ cartCurrency="$":String }%>
%<{ cartTotal="$2,201.98":String }%>
%<{ numInCompareCart=2:int }%>
%<{ selectedProduct=17:int }%>
%<{ catalogContents=> }%>
%>
%<S "O:Array"
%<P
%<{ I=3:ID }%>
%<{ elem=1:int }%>
%<{ elem=12:int }%>
%<{ elem=5:int }%>
%<{ elem=16:int }%>
%<{ elem=9:int }%>
%<{ elem=2:int }%>
%<{ elem=13:int }%>
%<{ elem=6:int }%>
%<{ elem=17:int }%>
%<{ elem=10:int }%>
%<{ elem=3:int }%>
%<{ elem=14:int }%>
%<{ elem=7:int }%>
%<{ elem=18:int }%>
%<{ elem=11:int }%>
%<{ elem=4:int }%>
%<{ elem=15:int }%>
%<{ elem=8:int }%>
%>
%>
%<P
%<{ shoppingCartContents=> }%>
%>
%<S "O:Array"
%<P
%<{ I=4:ID }%>
%<{ elem=18:int }%>
%>
%>
%<P
%<{ compareCartContents=> }%>
%>
%<S "O:Array"
%<P
%<{ I=5:ID }%>
%<{ elem=3:int }%>
%<{ elem=4:int }%>
%>
%>
%>
%>
%<S -120:1382693942750 "E"
%<S "O:eu.fittest.actionscript.automation::RecordEvent"
%<P
%<{ I=0:ID }%>
%<{ targetID="IDY_compare_button":String }%>
%<{ type="click":String }%>
%<{ args=> }%>
%>
%<S "O:Array"
%<P
%<{ I=1:ID }%>
%>
%>
%>
%<S "O:AppAbstractState"
%<P
%<{ I=2:ID }%>
%<{ numOfSelectedItems=18:int }%>
%<{ numInShopCart=2:int }%>
%<{ cartCurrency="$":String }%>
%<{ cartTotal="$2,201.98":String }%>
%<{ numInCompareCart=2:int }%>
%<{ selectedProduct=17:int }%>
%<{ catalogContents=> }%>
%>
%<S "O:Array"
%<P
%<{ I=3:ID }%>
%<{ elem=3:int }%>
%<{ elem=4:int }%>
%>
%>
%<P
%<{ shoppingCartContents=> }%>
%>
%<S "O:Array"
%<P
%<{ I=4:ID }%>
%<{ elem=18:int }%>
%>
%>
%<P
%<{ compareCartContents=> }%>
%>
%<S "O:Array"
%<P
%<{ I=5:ID }%>
%<{ elem=3:int }%>
%<{ elem=4:int }%>
%>
%>
%>
%>
%<S -120:1382693948745 "E"
%<S "O:eu.fittest.actionscript.automation::RecordEvent"
%<P
%<{ I=0:ID }%>
%<{ targetID="IDY_filterPanel_cbCamera":String }%>
%<{ type="click":String }%>
%<{ args=> }%>
%>
%<S "O:Array"
%<P
%<{ I=1:ID }%>
%>
%>
%>
%<S "O:AppAbstractState"
%<P
%<{ I=2:ID }%>
%<{ numOfSelectedItems=13:int }%>
%<{ numInShopCart=2:int }%>
%<{ cartCurrency="$":String }%>
%<{ cartTotal="$2,201.98":String }%>
%<{ numInCompareCart=2:int }%>
%<{ selectedProduct=17:int }%>
%<{ catalogContents=> }%>
%>
%<S "O:Array"
%<P
%<{ I=3:ID }%>
%<{ elem=12:int }%>
%<{ elem=5:int }%>
%<{ elem=9:int }%>
%<{ elem=13:int }%>
%<{ elem=6:int }%>
%<{ elem=17:int }%>
%<{ elem=10:int }%>
%<{ elem=14:int }%>
%<{ elem=7:int }%>
%<{ elem=18:int }%>
%<{ elem=11:int }%>
%<{ elem=15:int }%>
%<{ elem=8:int }%>
%>
%>
%<P
%<{ shoppingCartContents=> }%>
%>
%<S "O:Array"
%<P
%<{ I=4:ID }%>
%<{ elem=18:int }%>
%>
%>
%<P
%<{ compareCartContents=> }%>
%>
%<S "O:Array"
%<P
%<{ I=5:ID }%>
%<{ elem=3:int }%>
%<{ elem=4:int }%>
%>
%>
%>
%>
%<S -120:1382693955004 "E"
%<S "O:eu.fittest.actionscript.automation::RecordEvent"
%<P
%<{ I=0:ID }%>
%<{ targetID="IDY_filterPanel_cbCamera":String }%>
%<{ type="click":String }%>
%<{ args=> }%>
%>
%<S "O:Array"
%<P
%<{ I=1:ID }%>
%>
%>
%>
%<S "O:AppAbstractState"
%<P
%<{ I=2:ID }%>
%<{ numOfSelectedItems=18:int }%>
%<{ numInShopCart=2:int }%>
%<{ cartCurrency="$":String }%>
%<{ cartTotal="$2,201.98":String }%>
%<{ numInCompareCart=2:int }%>
%<{ selectedProduct=17:int }%>
%<{ catalogContents=> }%>
%>
%<S "O:Array"
%<P
%<{ I=3:ID }%>
%<{ elem=1:int }%>
%<{ elem=12:int }%>
%<{ elem=5:int }%>
%<{ elem=16:int }%>
%<{ elem=9:int }%>
%<{ elem=2:int }%>
%<{ elem=13:int }%>
%<{ elem=6:int }%>
%<{ elem=17:int }%>
%<{ elem=10:int }%>
%<{ elem=3:int }%>
%<{ elem=14:int }%>
%<{ elem=7:int }%>
%<{ elem=18:int }%>
%<{ elem=11:int }%>
%<{ elem=4:int }%>
%<{ elem=15:int }%>
%<{ elem=8:int }%>
%>
%>
%<P
%<{ shoppingCartContents=> }%>
%>
%<S "O:Array"
%<P
%<{ I=4:ID }%>
%<{ elem=18:int }%>
%>
%>
%<P
%<{ compareCartContents=> }%>
%>
%<S "O:Array"
%<P
%<{ I=5:ID }%>
%<{ elem=3:int }%>
%<{ elem=4:int }%>
%>
%>
%>
%>
%<S -120:1382693956140 "E"
%<S "O:eu.fittest.actionscript.automation::RecordEvent"
%<P
%<{ I=0:ID }%>
%<{ targetID="IDY_filterPanel_cbTriband":String }%>
%<{ type="click":String }%>
%<{ args=> }%>
%>
%<S "O:Array"
%<P
%<{ I=1:ID }%>
%>
%>
%>
%<S "O:AppAbstractState"
%<P
%<{ I=2:ID }%>
%<{ numOfSelectedItems=6:int }%>
%<{ numInShopCart=2:int }%>
%<{ cartCurrency="$":String }%>
%<{ cartTotal="$2,201.98":String }%>
%<{ numInCompareCart=2:int }%>
%<{ selectedProduct=17:int }%>
%<{ catalogContents=> }%>
%>
%<S "O:Array"
%<P
%<{ I=3:ID }%>
%<{ elem=16:int }%>
%<{ elem=2:int }%>
%<{ elem=17:int }%>
%<{ elem=3:int }%>
%<{ elem=7:int }%>
%<{ elem=4:int }%>
%>
%>
%<P
%<{ shoppingCartContents=> }%>
%>
%<S "O:Array"
%<P
%<{ I=4:ID }%>
%<{ elem=18:int }%>
%>
%>
%<P
%<{ compareCartContents=> }%>
%>
%<S "O:Array"
%<P
%<{ I=5:ID }%>
%<{ elem=3:int }%>
%<{ elem=4:int }%>
%>
%>
%>
%>
%<S -120:1382693960078 "E"
%<S "O:eu.fittest.actionscript.automation::RecordEvent"
%<P
%<{ I=0:ID }%>
%<{ targetID="IDY_filterPanel_cbVideo":String }%>
%<{ type="click":String }%>
%<{ args=> }%>
%>
%<S "O:Array"
%<P
%<{ I=1:ID }%>
%>
%>
%>
%<S "O:AppAbstractState"
%<P
%<{ I=2:ID }%>
%<{ numOfSelectedItems=1:int }%>
%<{ numInShopCart=2:int }%>
%<{ cartCurrency="$":String }%>
%<{ cartTotal="$2,201.98":String }%>
%<{ numInCompareCart=2:int }%>
%<{ selectedProduct=17:int }%>
%<{ catalogContents=> }%>
%>
%<S "O:Array"
%<P
%<{ I=3:ID }%>
%<{ elem=17:int }%>
%>
%>
%<P
%<{ shoppingCartContents=> }%>
%>
%<S "O:Array"
%<P
%<{ I=4:ID }%>
%<{ elem=18:int }%>
%>
%>
%<P
%<{ compareCartContents=> }%>
%>
%<S "O:Array"
%<P
%<{ I=5:ID }%>
%<{ elem=3:int }%>
%<{ elem=4:int }%>
%>
%>
%>
%>
%<S -120:1382693963297 "E"
%<S "O:eu.fittest.actionscript.automation::RecordEvent"
%<P
%<{ I=0:ID }%>
%<{ targetID="IDY_filterPanel_cbTriband":String }%>
%<{ type="click":String }%>
%<{ args=> }%>
%>
%<S "O:Array"
%<P
%<{ I=1:ID }%>
%>
%>
%>
%<S "O:AppAbstractState"
%<P
%<{ I=2:ID }%>
%<{ numOfSelectedItems=11:int }%>
%<{ numInShopCart=2:int }%>
%<{ cartCurrency="$":String }%>
%<{ cartTotal="$2,201.98":String }%>
%<{ numInCompareCart=2:int }%>
%<{ selectedProduct=17:int }%>
%<{ catalogContents=> }%>
%>
%<S "O:Array"
%<P
%<{ I=3:ID }%>
%<{ elem=12:int }%>
%<{ elem=9:int }%>
%<{ elem=13:int }%>
%<{ elem=6:int }%>
%<{ elem=17:int }%>
%<{ elem=10:int }%>
%<{ elem=14:int }%>
%<{ elem=18:int }%>
%<{ elem=11:int }%>
%<{ elem=15:int }%>
%<{ elem=8:int }%>
%>
%>
%<P
%<{ shoppingCartContents=> }%>
%>
%<S "O:Array"
%<P
%<{ I=4:ID }%>
%<{ elem=18:int }%>
%>
%>
%<P
%<{ compareCartContents=> }%>
%>
%<S "O:Array"
%<P
%<{ I=5:ID }%>
%<{ elem=3:int }%>
%<{ elem=4:int }%>
%>
%>
%>
%>
%<S -120:1382693974758 "E"
%<S "O:eu.fittest.actionscript.automation::RecordEvent"
%<P
%<{ I=0:ID }%>
%<{ targetID="IDY_filterPanel_cbVideo":String }%>
%<{ type="click":String }%>
%<{ args=> }%>
%>
%<S "O:Array"
%<P
%<{ I=1:ID }%>
%>
%>
%>
%<S "O:AppAbstractState"
%<P
%<{ I=2:ID }%>
%<{ numOfSelectedItems=18:int }%>
%<{ numInShopCart=2:int }%>
%<{ cartCurrency="$":String }%>
%<{ cartTotal="$2,201.98":String }%>
%<{ numInCompareCart=2:int }%>
%<{ selectedProduct=17:int }%>
%<{ catalogContents=> }%>
%>
%<S "O:Array"
%<P
%<{ I=3:ID }%>
%<{ elem=1:int }%>
%<{ elem=12:int }%>
%<{ elem=5:int }%>
%<{ elem=16:int }%>
%<{ elem=9:int }%>
%<{ elem=2:int }%>
%<{ elem=13:int }%>
%<{ elem=6:int }%>
%<{ elem=17:int }%>
%<{ elem=10:int }%>
%<{ elem=3:int }%>
%<{ elem=14:int }%>
%<{ elem=7:int }%>
%<{ elem=18:int }%>
%<{ elem=11:int }%>
%<{ elem=4:int }%>
%<{ elem=15:int }%>
%<{ elem=8:int }%>
%>
%>
%<P
%<{ shoppingCartContents=> }%>
%>
%<S "O:Array"
%<P
%<{ I=4:ID }%>
%<{ elem=18:int }%>
%>
%>
%<P
%<{ compareCartContents=> }%>
%>
%<S "O:Array"
%<P
%<{ I=5:ID }%>
%<{ elem=3:int }%>
%<{ elem=4:int }%>
%>
%>
%>
%>
%<S -120:1382693974848 "E"
%<S "O:eu.fittest.actionscript.automation::RecordEvent"
%<P
%<{ I=0:ID }%>
%<{ targetID="IDY_filterPanel_cbVideo":String }%>
%<{ type="click":String }%>
%<{ args=> }%>
%>
%<S "O:Array"
%<P
%<{ I=1:ID }%>
%>
%>
%>
%<S "O:AppAbstractState"
%<P
%<{ I=2:ID }%>
%<{ numOfSelectedItems=11:int }%>
%<{ numInShopCart=2:int }%>
%<{ cartCurrency="$":String }%>
%<{ cartTotal="$2,201.98":String }%>
%<{ numInCompareCart=2:int }%>
%<{ selectedProduct=17:int }%>
%<{ catalogContents=> }%>
%>
%<S "O:Array"
%<P
%<{ I=3:ID }%>
%<{ elem=12:int }%>
%<{ elem=9:int }%>
%<{ elem=13:int }%>
%<{ elem=6:int }%>
%<{ elem=17:int }%>
%<{ elem=10:int }%>
%<{ elem=14:int }%>
%<{ elem=18:int }%>
%<{ elem=11:int }%>
%<{ elem=15:int }%>
%<{ elem=8:int }%>
%>
%>
%<P
%<{ shoppingCartContents=> }%>
%>
%<S "O:Array"
%<P
%<{ I=4:ID }%>
%<{ elem=18:int }%>
%>
%>
%<P
%<{ compareCartContents=> }%>
%>
%<S "O:Array"
%<P
%<{ I=5:ID }%>
%<{ elem=3:int }%>
%<{ elem=4:int }%>
%>
%>
%>
%>
%<S -120:1382693984920 "E"
%<S "O:eu.fittest.actionscript.automation::RecordEvent"
%<P
%<{ I=0:ID }%>
%<{ targetID="ButtonBar0":String }%>
%<{ type="itemclick":String }%>
%<{ args=> }%>
%>
%<S "O:Array"
%<P
%<{ I=1:ID }%>
%<{ elem=2:int }%>
%>
%>
%>
%<S "O:AppAbstractState"
%<P
%<{ I=2:ID }%>
%<{ numOfSelectedItems=11:int }%>
%<{ numInShopCart=2:int }%>
%<{ cartCurrency="$":String }%>
%<{ cartTotal="$2,201.98":String }%>
%<{ numInCompareCart=2:int }%>
%<{ selectedProduct=17:int }%>
%<{ catalogContents=> }%>
%>
%<S "O:Array"
%<P
%<{ I=3:ID }%>
%<{ elem=12:int }%>
%<{ elem=9:int }%>
%<{ elem=13:int }%>
%<{ elem=6:int }%>
%<{ elem=17:int }%>
%<{ elem=10:int }%>
%<{ elem=14:int }%>
%<{ elem=18:int }%>
%<{ elem=11:int }%>
%<{ elem=15:int }%>
%<{ elem=8:int }%>
%>
%>
%<P
%<{ shoppingCartContents=> }%>
%>
%<S "O:Array"
%<P
%<{ I=4:ID }%>
%<{ elem=18:int }%>
%>
%>
%<P
%<{ compareCartContents=> }%>
%>
%<S "O:Array"
%<P
%<{ I=5:ID }%>
%<{ elem=3:int }%>
%<{ elem=4:int }%>
%>
%>
%>
%>
%<S -120:1382693985852 "E"
%<S "O:eu.fittest.actionscript.automation::RecordEvent"
%<P
%<{ I=0:ID }%>
%<{ targetID="ButtonBar0":String }%>
%<{ type="itemclick":String }%>
%<{ args=> }%>
%>
%<S "O:Array"
%<P
%<{ I=1:ID }%>
%<{ elem=1:int }%>
%>
%>
%>
%<S "O:AppAbstractState"
%<P
%<{ I=2:ID }%>
%<{ numOfSelectedItems=11:int }%>
%<{ numInShopCart=2:int }%>
%<{ cartCurrency="$":String }%>
%<{ cartTotal="$2,201.98":String }%>
%<{ numInCompareCart=2:int }%>
%<{ selectedProduct=17:int }%>
%<{ catalogContents=> }%>
%>
%<S "O:Array"
%<P
%<{ I=3:ID }%>
%<{ elem=12:int }%>
%<{ elem=9:int }%>
%<{ elem=13:int }%>
%<{ elem=6:int }%>
%<{ elem=17:int }%>
%<{ elem=10:int }%>
%<{ elem=14:int }%>
%<{ elem=18:int }%>
%<{ elem=11:int }%>
%<{ elem=15:int }%>
%<{ elem=8:int }%>
%>
%>
%<P
%<{ shoppingCartContents=> }%>
%>
%<S "O:Array"
%<P
%<{ I=4:ID }%>
%<{ elem=18:int }%>
%>
%>
%<P
%<{ compareCartContents=> }%>
%>
%<S "O:Array"
%<P
%<{ I=5:ID }%>
%<{ elem=3:int }%>
%<{ elem=4:int }%>
%>
%>
%>
%>
