%<S -120:1382370796146 "E"
%<S "O:eu.fittest.actionscript.automation::RecordEvent"
%<P
%<{ I=0:ID }%>
%<{ targetID="ButtonBar0":String }%>
%<{ type="itemclick":String }%>
%<{ args=> }%>
%>
%<S "O:Array"
%<P
%<{ I=1:ID }%>
%<{ elem=1:int }%>
%>
%>
%>
%<S "O:AppAbstractState"
%<P
%<{ I=2:ID }%>
%<{ numOfSelectedItems=18:int }%>
%<{ numInShopCart=0:int }%>
%<{ cartTotal="$0.00":String }%>
%<{ numInCompareCart=0:int }%>
%<{ catalogContents=> }%>
%>
%<S "O:Array"
%<P
%<{ I=3:ID }%>
%<{ elem=12:int }%>
%<{ elem=5:int }%>
%<{ elem=16:int }%>
%<{ elem=9:int }%>
%<{ elem=2:int }%>
%<{ elem=13:int }%>
%<{ elem=6:int }%>
%<{ elem=17:int }%>
%<{ elem=10:int }%>
%<{ elem=3:int }%>
%<{ elem=14:int }%>
%<{ elem=7:int }%>
%<{ elem=18:int }%>
%<{ elem=11:int }%>
%<{ elem=4:int }%>
%<{ elem=15:int }%>
%<{ elem=8:int }%>
%<{ elem=1:int }%>
%>
%>
%<P
%<{ shoppingCartContents=> }%>
%>
%<S "O:Array"
%<P
%<{ I=4:ID }%>
%>
%>
%<P
%<{ compareCartContents=> }%>
%>
%<S "O:Array"
%<P
%<{ I=5:ID }%>
%>
%>
%>
%>
%<S -120:1382370799117 "E"
%<S "O:eu.fittest.actionscript.automation::RecordEvent"
%<P
%<{ I=0:ID }%>
%<{ targetID="HID_Nokia 6010_1_0_button":String }%>
%<{ type="click":String }%>
%<{ args=> }%>
%>
%<S "O:Array"
%<P
%<{ I=1:ID }%>
%>
%>
%>
%<S "O:AppAbstractState"
%<P
%<{ I=2:ID }%>
%<{ numOfSelectedItems=18:int }%>
%<{ numInShopCart=1:int }%>
%<{ cartTotal="$101.97":String }%>
%<{ numInCompareCart=0:int }%>
%<{ catalogContents=> }%>
%>
%<S "O:Array"
%<P
%<{ I=3:ID }%>
%<{ elem=12:int }%>
%<{ elem=5:int }%>
%<{ elem=16:int }%>
%<{ elem=9:int }%>
%<{ elem=2:int }%>
%<{ elem=13:int }%>
%<{ elem=6:int }%>
%<{ elem=17:int }%>
%<{ elem=10:int }%>
%<{ elem=3:int }%>
%<{ elem=14:int }%>
%<{ elem=7:int }%>
%<{ elem=18:int }%>
%<{ elem=11:int }%>
%<{ elem=4:int }%>
%<{ elem=15:int }%>
%<{ elem=8:int }%>
%<{ elem=1:int }%>
%>
%>
%<P
%<{ shoppingCartContents=> }%>
%>
%<S "O:Array"
%<P
%<{ I=4:ID }%>
%<{ elem=1:int }%>
%>
%>
%<P
%<{ compareCartContents=> }%>
%>
%<S "O:Array"
%<P
%<{ I=5:ID }%>
%>
%>
%>
%>
%<S -120:1382370799120 "E"
%<S "O:eu.fittest.actionscript.automation::RecordEvent"
%<P
%<{ I=0:ID }%>
%<{ targetID="Nokia 6010":String }%>
%<{ type="click":String }%>
%<{ args=> }%>
%>
%<S "O:Array"
%<P
%<{ I=1:ID }%>
%>
%>
%>
%<S "O:AppAbstractState"
%<P
%<{ I=2:ID }%>
%<{ numOfSelectedItems=18:int }%>
%<{ numInShopCart=1:int }%>
%<{ cartTotal="$101.97":String }%>
%<{ numInCompareCart=0:int }%>
%<{ catalogContents=> }%>
%>
%<S "O:Array"
%<P
%<{ I=3:ID }%>
%<{ elem=12:int }%>
%<{ elem=5:int }%>
%<{ elem=16:int }%>
%<{ elem=9:int }%>
%<{ elem=2:int }%>
%<{ elem=13:int }%>
%<{ elem=6:int }%>
%<{ elem=17:int }%>
%<{ elem=10:int }%>
%<{ elem=3:int }%>
%<{ elem=14:int }%>
%<{ elem=7:int }%>
%<{ elem=18:int }%>
%<{ elem=11:int }%>
%<{ elem=4:int }%>
%<{ elem=15:int }%>
%<{ elem=8:int }%>
%<{ elem=1:int }%>
%>
%>
%<P
%<{ shoppingCartContents=> }%>
%>
%<S "O:Array"
%<P
%<{ I=4:ID }%>
%<{ elem=1:int }%>
%>
%>
%<P
%<{ compareCartContents=> }%>
%>
%<S "O:Array"
%<P
%<{ I=5:ID }%>
%>
%>
%>
%>
%<S -120:1382370799120 "E"
%<S "O:eu.fittest.actionscript.automation::RecordEvent"
%<P
%<{ I=0:ID }%>
%<{ targetID="thumbContent":String }%>
%<{ type="click":String }%>
%<{ args=> }%>
%>
%<S "O:Array"
%<P
%<{ I=1:ID }%>
%>
%>
%>
%<S "O:AppAbstractState"
%<P
%<{ I=2:ID }%>
%<{ numOfSelectedItems=18:int }%>
%<{ numInShopCart=1:int }%>
%<{ cartTotal="$101.97":String }%>
%<{ numInCompareCart=0:int }%>
%<{ catalogContents=> }%>
%>
%<S "O:Array"
%<P
%<{ I=3:ID }%>
%<{ elem=12:int }%>
%<{ elem=5:int }%>
%<{ elem=16:int }%>
%<{ elem=9:int }%>
%<{ elem=2:int }%>
%<{ elem=13:int }%>
%<{ elem=6:int }%>
%<{ elem=17:int }%>
%<{ elem=10:int }%>
%<{ elem=3:int }%>
%<{ elem=14:int }%>
%<{ elem=7:int }%>
%<{ elem=18:int }%>
%<{ elem=11:int }%>
%<{ elem=4:int }%>
%<{ elem=15:int }%>
%<{ elem=8:int }%>
%<{ elem=1:int }%>
%>
%>
%<P
%<{ shoppingCartContents=> }%>
%>
%<S "O:Array"
%<P
%<{ I=4:ID }%>
%<{ elem=1:int }%>
%>
%>
%<P
%<{ compareCartContents=> }%>
%>
%<S "O:Array"
%<P
%<{ I=5:ID }%>
%>
%>
%>
%>
%<S -120:1382370799120 "E"
%<S "O:eu.fittest.actionscript.automation::RecordEvent"
%<P
%<{ I=0:ID }%>
%<{ targetID="Canvas228":String }%>
%<{ type="click":String }%>
%<{ args=> }%>
%>
%<S "O:Array"
%<P
%<{ I=1:ID }%>
%>
%>
%>
%<S "O:AppAbstractState"
%<P
%<{ I=2:ID }%>
%<{ numOfSelectedItems=18:int }%>
%<{ numInShopCart=1:int }%>
%<{ cartTotal="$101.97":String }%>
%<{ numInCompareCart=0:int }%>
%<{ catalogContents=> }%>
%>
%<S "O:Array"
%<P
%<{ I=3:ID }%>
%<{ elem=12:int }%>
%<{ elem=5:int }%>
%<{ elem=16:int }%>
%<{ elem=9:int }%>
%<{ elem=2:int }%>
%<{ elem=13:int }%>
%<{ elem=6:int }%>
%<{ elem=17:int }%>
%<{ elem=10:int }%>
%<{ elem=3:int }%>
%<{ elem=14:int }%>
%<{ elem=7:int }%>
%<{ elem=18:int }%>
%<{ elem=11:int }%>
%<{ elem=4:int }%>
%<{ elem=15:int }%>
%<{ elem=8:int }%>
%<{ elem=1:int }%>
%>
%>
%<P
%<{ shoppingCartContents=> }%>
%>
%<S "O:Array"
%<P
%<{ I=4:ID }%>
%<{ elem=1:int }%>
%>
%>
%<P
%<{ compareCartContents=> }%>
%>
%<S "O:Array"
%<P
%<{ I=5:ID }%>
%>
%>
%>
%>
%<S -120:1382370799121 "E"
%<S "O:eu.fittest.actionscript.automation::RecordEvent"
%<P
%<{ I=0:ID }%>
%<{ targetID="pView":String }%>
%<{ type="click":String }%>
%<{ args=> }%>
%>
%<S "O:Array"
%<P
%<{ I=1:ID }%>
%>
%>
%>
%<S "O:AppAbstractState"
%<P
%<{ I=2:ID }%>
%<{ numOfSelectedItems=18:int }%>
%<{ numInShopCart=1:int }%>
%<{ cartTotal="$101.97":String }%>
%<{ numInCompareCart=0:int }%>
%<{ catalogContents=> }%>
%>
%<S "O:Array"
%<P
%<{ I=3:ID }%>
%<{ elem=12:int }%>
%<{ elem=5:int }%>
%<{ elem=16:int }%>
%<{ elem=9:int }%>
%<{ elem=2:int }%>
%<{ elem=13:int }%>
%<{ elem=6:int }%>
%<{ elem=17:int }%>
%<{ elem=10:int }%>
%<{ elem=3:int }%>
%<{ elem=14:int }%>
%<{ elem=7:int }%>
%<{ elem=18:int }%>
%<{ elem=11:int }%>
%<{ elem=4:int }%>
%<{ elem=15:int }%>
%<{ elem=8:int }%>
%<{ elem=1:int }%>
%>
%>
%<P
%<{ shoppingCartContents=> }%>
%>
%<S "O:Array"
%<P
%<{ I=4:ID }%>
%<{ elem=1:int }%>
%>
%>
%<P
%<{ compareCartContents=> }%>
%>
%<S "O:Array"
%<P
%<{ I=5:ID }%>
%>
%>
%>
%>
%<S -120:1382370801201 "E"
%<S "O:eu.fittest.actionscript.automation::RecordEvent"
%<P
%<{ I=0:ID }%>
%<{ targetID="HID_Nokia 3100 Blue_1_0_button":String }%>
%<{ type="click":String }%>
%<{ args=> }%>
%>
%<S "O:Array"
%<P
%<{ I=1:ID }%>
%>
%>
%>
%<S "O:AppAbstractState"
%<P
%<{ I=2:ID }%>
%<{ numOfSelectedItems=18:int }%>
%<{ numInShopCart=2:int }%>
%<{ cartTotal="$242.97":String }%>
%<{ numInCompareCart=0:int }%>
%<{ catalogContents=> }%>
%>
%<S "O:Array"
%<P
%<{ I=3:ID }%>
%<{ elem=12:int }%>
%<{ elem=5:int }%>
%<{ elem=16:int }%>
%<{ elem=9:int }%>
%<{ elem=2:int }%>
%<{ elem=13:int }%>
%<{ elem=6:int }%>
%<{ elem=17:int }%>
%<{ elem=10:int }%>
%<{ elem=3:int }%>
%<{ elem=14:int }%>
%<{ elem=7:int }%>
%<{ elem=18:int }%>
%<{ elem=11:int }%>
%<{ elem=4:int }%>
%<{ elem=15:int }%>
%<{ elem=8:int }%>
%<{ elem=1:int }%>
%>
%>
%<P
%<{ shoppingCartContents=> }%>
%>
%<S "O:Array"
%<P
%<{ I=4:ID }%>
%<{ elem=1:int }%>
%<{ elem=2:int }%>
%>
%>
%<P
%<{ compareCartContents=> }%>
%>
%<S "O:Array"
%<P
%<{ I=5:ID }%>
%>
%>
%>
%>
%<S -120:1382370801208 "E"
%<S "O:eu.fittest.actionscript.automation::RecordEvent"
%<P
%<{ I=0:ID }%>
%<{ targetID="Nokia 3100 Blue":String }%>
%<{ type="click":String }%>
%<{ args=> }%>
%>
%<S "O:Array"
%<P
%<{ I=1:ID }%>
%>
%>
%>
%<S "O:AppAbstractState"
%<P
%<{ I=2:ID }%>
%<{ numOfSelectedItems=18:int }%>
%<{ numInShopCart=2:int }%>
%<{ cartTotal="$242.97":String }%>
%<{ numInCompareCart=0:int }%>
%<{ catalogContents=> }%>
%>
%<S "O:Array"
%<P
%<{ I=3:ID }%>
%<{ elem=12:int }%>
%<{ elem=5:int }%>
%<{ elem=16:int }%>
%<{ elem=9:int }%>
%<{ elem=2:int }%>
%<{ elem=13:int }%>
%<{ elem=6:int }%>
%<{ elem=17:int }%>
%<{ elem=10:int }%>
%<{ elem=3:int }%>
%<{ elem=14:int }%>
%<{ elem=7:int }%>
%<{ elem=18:int }%>
%<{ elem=11:int }%>
%<{ elem=4:int }%>
%<{ elem=15:int }%>
%<{ elem=8:int }%>
%<{ elem=1:int }%>
%>
%>
%<P
%<{ shoppingCartContents=> }%>
%>
%<S "O:Array"
%<P
%<{ I=4:ID }%>
%<{ elem=1:int }%>
%<{ elem=2:int }%>
%>
%>
%<P
%<{ compareCartContents=> }%>
%>
%<S "O:Array"
%<P
%<{ I=5:ID }%>
%>
%>
%>
%>
%<S -120:1382370801208 "E"
%<S "O:eu.fittest.actionscript.automation::RecordEvent"
%<P
%<{ I=0:ID }%>
%<{ targetID="thumbContent":String }%>
%<{ type="click":String }%>
%<{ args=> }%>
%>
%<S "O:Array"
%<P
%<{ I=1:ID }%>
%>
%>
%>
%<S "O:AppAbstractState"
%<P
%<{ I=2:ID }%>
%<{ numOfSelectedItems=18:int }%>
%<{ numInShopCart=2:int }%>
%<{ cartTotal="$242.97":String }%>
%<{ numInCompareCart=0:int }%>
%<{ catalogContents=> }%>
%>
%<S "O:Array"
%<P
%<{ I=3:ID }%>
%<{ elem=12:int }%>
%<{ elem=5:int }%>
%<{ elem=16:int }%>
%<{ elem=9:int }%>
%<{ elem=2:int }%>
%<{ elem=13:int }%>
%<{ elem=6:int }%>
%<{ elem=17:int }%>
%<{ elem=10:int }%>
%<{ elem=3:int }%>
%<{ elem=14:int }%>
%<{ elem=7:int }%>
%<{ elem=18:int }%>
%<{ elem=11:int }%>
%<{ elem=4:int }%>
%<{ elem=15:int }%>
%<{ elem=8:int }%>
%<{ elem=1:int }%>
%>
%>
%<P
%<{ shoppingCartContents=> }%>
%>
%<S "O:Array"
%<P
%<{ I=4:ID }%>
%<{ elem=1:int }%>
%<{ elem=2:int }%>
%>
%>
%<P
%<{ compareCartContents=> }%>
%>
%<S "O:Array"
%<P
%<{ I=5:ID }%>
%>
%>
%>
%>
%<S -120:1382370801209 "E"
%<S "O:eu.fittest.actionscript.automation::RecordEvent"
%<P
%<{ I=0:ID }%>
%<{ targetID="Canvas228":String }%>
%<{ type="click":String }%>
%<{ args=> }%>
%>
%<S "O:Array"
%<P
%<{ I=1:ID }%>
%>
%>
%>
%<S "O:AppAbstractState"
%<P
%<{ I=2:ID }%>
%<{ numOfSelectedItems=18:int }%>
%<{ numInShopCart=2:int }%>
%<{ cartTotal="$242.97":String }%>
%<{ numInCompareCart=0:int }%>
%<{ catalogContents=> }%>
%>
%<S "O:Array"
%<P
%<{ I=3:ID }%>
%<{ elem=12:int }%>
%<{ elem=5:int }%>
%<{ elem=16:int }%>
%<{ elem=9:int }%>
%<{ elem=2:int }%>
%<{ elem=13:int }%>
%<{ elem=6:int }%>
%<{ elem=17:int }%>
%<{ elem=10:int }%>
%<{ elem=3:int }%>
%<{ elem=14:int }%>
%<{ elem=7:int }%>
%<{ elem=18:int }%>
%<{ elem=11:int }%>
%<{ elem=4:int }%>
%<{ elem=15:int }%>
%<{ elem=8:int }%>
%<{ elem=1:int }%>
%>
%>
%<P
%<{ shoppingCartContents=> }%>
%>
%<S "O:Array"
%<P
%<{ I=4:ID }%>
%<{ elem=1:int }%>
%<{ elem=2:int }%>
%>
%>
%<P
%<{ compareCartContents=> }%>
%>
%<S "O:Array"
%<P
%<{ I=5:ID }%>
%>
%>
%>
%>
%<S -120:1382370801209 "E"
%<S "O:eu.fittest.actionscript.automation::RecordEvent"
%<P
%<{ I=0:ID }%>
%<{ targetID="pView":String }%>
%<{ type="click":String }%>
%<{ args=> }%>
%>
%<S "O:Array"
%<P
%<{ I=1:ID }%>
%>
%>
%>
%<S "O:AppAbstractState"
%<P
%<{ I=2:ID }%>
%<{ numOfSelectedItems=18:int }%>
%<{ numInShopCart=2:int }%>
%<{ cartTotal="$242.97":String }%>
%<{ numInCompareCart=0:int }%>
%<{ catalogContents=> }%>
%>
%<S "O:Array"
%<P
%<{ I=3:ID }%>
%<{ elem=12:int }%>
%<{ elem=5:int }%>
%<{ elem=16:int }%>
%<{ elem=9:int }%>
%<{ elem=2:int }%>
%<{ elem=13:int }%>
%<{ elem=6:int }%>
%<{ elem=17:int }%>
%<{ elem=10:int }%>
%<{ elem=3:int }%>
%<{ elem=14:int }%>
%<{ elem=7:int }%>
%<{ elem=18:int }%>
%<{ elem=11:int }%>
%<{ elem=4:int }%>
%<{ elem=15:int }%>
%<{ elem=8:int }%>
%<{ elem=1:int }%>
%>
%>
%<P
%<{ shoppingCartContents=> }%>
%>
%<S "O:Array"
%<P
%<{ I=4:ID }%>
%<{ elem=1:int }%>
%<{ elem=2:int }%>
%>
%>
%<P
%<{ compareCartContents=> }%>
%>
%<S "O:Array"
%<P
%<{ I=5:ID }%>
%>
%>
%>
%>
%<S -120:1382370811173 "E"
%<S "O:eu.fittest.actionscript.automation::RecordEvent"
%<P
%<{ I=0:ID }%>
%<{ targetID="submit_order7":String }%>
%<{ type="click":String }%>
%<{ args=> }%>
%>
%<S "O:Array"
%<P
%<{ I=1:ID }%>
%>
%>
%>
%<S "O:AppAbstractState"
%<P
%<{ I=2:ID }%>
%<{ numOfSelectedItems=18:int }%>
%<{ numInShopCart=2:int }%>
%<{ cartTotal="$242.97":String }%>
%<{ numInCompareCart=0:int }%>
%<{ catalogContents=> }%>
%>
%<S "O:Array"
%<P
%<{ I=3:ID }%>
%<{ elem=12:int }%>
%<{ elem=5:int }%>
%<{ elem=16:int }%>
%<{ elem=9:int }%>
%<{ elem=2:int }%>
%<{ elem=13:int }%>
%<{ elem=6:int }%>
%<{ elem=17:int }%>
%<{ elem=10:int }%>
%<{ elem=3:int }%>
%<{ elem=14:int }%>
%<{ elem=7:int }%>
%<{ elem=18:int }%>
%<{ elem=11:int }%>
%<{ elem=4:int }%>
%<{ elem=15:int }%>
%<{ elem=8:int }%>
%<{ elem=1:int }%>
%>
%>
%<P
%<{ shoppingCartContents=> }%>
%>
%<S "O:Array"
%<P
%<{ I=4:ID }%>
%<{ elem=1:int }%>
%<{ elem=2:int }%>
%>
%>
%<P
%<{ compareCartContents=> }%>
%>
%<S "O:Array"
%<P
%<{ I=5:ID }%>
%>
%>
%>
%>
%<S -120:1382370811192 "E"
%<S "O:eu.fittest.actionscript.automation::RecordEvent"
%<P
%<{ I=0:ID }%>
%<{ targetID="pView":String }%>
%<{ type="click":String }%>
%<{ args=> }%>
%>
%<S "O:Array"
%<P
%<{ I=1:ID }%>
%>
%>
%>
%<S "O:AppAbstractState"
%<P
%<{ I=2:ID }%>
%<{ numOfSelectedItems=18:int }%>
%<{ numInShopCart=2:int }%>
%<{ cartTotal="$242.97":String }%>
%<{ numInCompareCart=0:int }%>
%<{ catalogContents=> }%>
%>
%<S "O:Array"
%<P
%<{ I=3:ID }%>
%<{ elem=12:int }%>
%<{ elem=5:int }%>
%<{ elem=16:int }%>
%<{ elem=9:int }%>
%<{ elem=2:int }%>
%<{ elem=13:int }%>
%<{ elem=6:int }%>
%<{ elem=17:int }%>
%<{ elem=10:int }%>
%<{ elem=3:int }%>
%<{ elem=14:int }%>
%<{ elem=7:int }%>
%<{ elem=18:int }%>
%<{ elem=11:int }%>
%<{ elem=4:int }%>
%<{ elem=15:int }%>
%<{ elem=8:int }%>
%<{ elem=1:int }%>
%>
%>
%<P
%<{ shoppingCartContents=> }%>
%>
%<S "O:Array"
%<P
%<{ I=4:ID }%>
%<{ elem=1:int }%>
%<{ elem=2:int }%>
%>
%>
%<P
%<{ compareCartContents=> }%>
%>
%<S "O:Array"
%<P
%<{ I=5:ID }%>
%>
%>
%>
%>
%<S -120:1382370815661 "E"
%<S "O:eu.fittest.actionscript.automation::RecordEvent"
%<P
%<{ I=0:ID }%>
%<{ targetID="HID_Nokia 3100 Pink_1_0_button":String }%>
%<{ type="click":String }%>
%<{ args=> }%>
%>
%<S "O:Array"
%<P
%<{ I=1:ID }%>
%>
%>
%>
%<S "O:AppAbstractState"
%<P
%<{ I=2:ID }%>
%<{ numOfSelectedItems=18:int }%>
%<{ numInShopCart=3:int }%>
%<{ cartTotal="$383.96":String }%>
%<{ numInCompareCart=0:int }%>
%<{ catalogContents=> }%>
%>
%<S "O:Array"
%<P
%<{ I=3:ID }%>
%<{ elem=12:int }%>
%<{ elem=5:int }%>
%<{ elem=16:int }%>
%<{ elem=9:int }%>
%<{ elem=2:int }%>
%<{ elem=13:int }%>
%<{ elem=6:int }%>
%<{ elem=17:int }%>
%<{ elem=10:int }%>
%<{ elem=3:int }%>
%<{ elem=14:int }%>
%<{ elem=7:int }%>
%<{ elem=18:int }%>
%<{ elem=11:int }%>
%<{ elem=4:int }%>
%<{ elem=15:int }%>
%<{ elem=8:int }%>
%<{ elem=1:int }%>
%>
%>
%<P
%<{ shoppingCartContents=> }%>
%>
%<S "O:Array"
%<P
%<{ I=4:ID }%>
%<{ elem=1:int }%>
%<{ elem=2:int }%>
%<{ elem=3:int }%>
%>
%>
%<P
%<{ compareCartContents=> }%>
%>
%<S "O:Array"
%<P
%<{ I=5:ID }%>
%>
%>
%>
%>
%<S -120:1382370815676 "E"
%<S "O:eu.fittest.actionscript.automation::RecordEvent"
%<P
%<{ I=0:ID }%>
%<{ targetID="Nokia 3100 Pink":String }%>
%<{ type="click":String }%>
%<{ args=> }%>
%>
%<S "O:Array"
%<P
%<{ I=1:ID }%>
%>
%>
%>
%<S "O:AppAbstractState"
%<P
%<{ I=2:ID }%>
%<{ numOfSelectedItems=18:int }%>
%<{ numInShopCart=3:int }%>
%<{ cartTotal="$383.96":String }%>
%<{ numInCompareCart=0:int }%>
%<{ catalogContents=> }%>
%>
%<S "O:Array"
%<P
%<{ I=3:ID }%>
%<{ elem=12:int }%>
%<{ elem=5:int }%>
%<{ elem=16:int }%>
%<{ elem=9:int }%>
%<{ elem=2:int }%>
%<{ elem=13:int }%>
%<{ elem=6:int }%>
%<{ elem=17:int }%>
%<{ elem=10:int }%>
%<{ elem=3:int }%>
%<{ elem=14:int }%>
%<{ elem=7:int }%>
%<{ elem=18:int }%>
%<{ elem=11:int }%>
%<{ elem=4:int }%>
%<{ elem=15:int }%>
%<{ elem=8:int }%>
%<{ elem=1:int }%>
%>
%>
%<P
%<{ shoppingCartContents=> }%>
%>
%<S "O:Array"
%<P
%<{ I=4:ID }%>
%<{ elem=1:int }%>
%<{ elem=2:int }%>
%<{ elem=3:int }%>
%>
%>
%<P
%<{ compareCartContents=> }%>
%>
%<S "O:Array"
%<P
%<{ I=5:ID }%>
%>
%>
%>
%>
%<S -120:1382370815677 "E"
%<S "O:eu.fittest.actionscript.automation::RecordEvent"
%<P
%<{ I=0:ID }%>
%<{ targetID="thumbContent":String }%>
%<{ type="click":String }%>
%<{ args=> }%>
%>
%<S "O:Array"
%<P
%<{ I=1:ID }%>
%>
%>
%>
%<S "O:AppAbstractState"
%<P
%<{ I=2:ID }%>
%<{ numOfSelectedItems=18:int }%>
%<{ numInShopCart=3:int }%>
%<{ cartTotal="$383.96":String }%>
%<{ numInCompareCart=0:int }%>
%<{ catalogContents=> }%>
%>
%<S "O:Array"
%<P
%<{ I=3:ID }%>
%<{ elem=12:int }%>
%<{ elem=5:int }%>
%<{ elem=16:int }%>
%<{ elem=9:int }%>
%<{ elem=2:int }%>
%<{ elem=13:int }%>
%<{ elem=6:int }%>
%<{ elem=17:int }%>
%<{ elem=10:int }%>
%<{ elem=3:int }%>
%<{ elem=14:int }%>
%<{ elem=7:int }%>
%<{ elem=18:int }%>
%<{ elem=11:int }%>
%<{ elem=4:int }%>
%<{ elem=15:int }%>
%<{ elem=8:int }%>
%<{ elem=1:int }%>
%>
%>
%<P
%<{ shoppingCartContents=> }%>
%>
%<S "O:Array"
%<P
%<{ I=4:ID }%>
%<{ elem=1:int }%>
%<{ elem=2:int }%>
%<{ elem=3:int }%>
%>
%>
%<P
%<{ compareCartContents=> }%>
%>
%<S "O:Array"
%<P
%<{ I=5:ID }%>
%>
%>
%>
%>
%<S -120:1382370815695 "E"
%<S "O:eu.fittest.actionscript.automation::RecordEvent"
%<P
%<{ I=0:ID }%>
%<{ targetID="Canvas228":String }%>
%<{ type="click":String }%>
%<{ args=> }%>
%>
%<S "O:Array"
%<P
%<{ I=1:ID }%>
%>
%>
%>
%<S "O:AppAbstractState"
%<P
%<{ I=2:ID }%>
%<{ numOfSelectedItems=18:int }%>
%<{ numInShopCart=3:int }%>
%<{ cartTotal="$383.96":String }%>
%<{ numInCompareCart=0:int }%>
%<{ catalogContents=> }%>
%>
%<S "O:Array"
%<P
%<{ I=3:ID }%>
%<{ elem=12:int }%>
%<{ elem=5:int }%>
%<{ elem=16:int }%>
%<{ elem=9:int }%>
%<{ elem=2:int }%>
%<{ elem=13:int }%>
%<{ elem=6:int }%>
%<{ elem=17:int }%>
%<{ elem=10:int }%>
%<{ elem=3:int }%>
%<{ elem=14:int }%>
%<{ elem=7:int }%>
%<{ elem=18:int }%>
%<{ elem=11:int }%>
%<{ elem=4:int }%>
%<{ elem=15:int }%>
%<{ elem=8:int }%>
%<{ elem=1:int }%>
%>
%>
%<P
%<{ shoppingCartContents=> }%>
%>
%<S "O:Array"
%<P
%<{ I=4:ID }%>
%<{ elem=1:int }%>
%<{ elem=2:int }%>
%<{ elem=3:int }%>
%>
%>
%<P
%<{ compareCartContents=> }%>
%>
%<S "O:Array"
%<P
%<{ I=5:ID }%>
%>
%>
%>
%>
%<S -120:1382370815695 "E"
%<S "O:eu.fittest.actionscript.automation::RecordEvent"
%<P
%<{ I=0:ID }%>
%<{ targetID="pView":String }%>
%<{ type="click":String }%>
%<{ args=> }%>
%>
%<S "O:Array"
%<P
%<{ I=1:ID }%>
%>
%>
%>
%<S "O:AppAbstractState"
%<P
%<{ I=2:ID }%>
%<{ numOfSelectedItems=18:int }%>
%<{ numInShopCart=3:int }%>
%<{ cartTotal="$383.96":String }%>
%<{ numInCompareCart=0:int }%>
%<{ catalogContents=> }%>
%>
%<S "O:Array"
%<P
%<{ I=3:ID }%>
%<{ elem=12:int }%>
%<{ elem=5:int }%>
%<{ elem=16:int }%>
%<{ elem=9:int }%>
%<{ elem=2:int }%>
%<{ elem=13:int }%>
%<{ elem=6:int }%>
%<{ elem=17:int }%>
%<{ elem=10:int }%>
%<{ elem=3:int }%>
%<{ elem=14:int }%>
%<{ elem=7:int }%>
%<{ elem=18:int }%>
%<{ elem=11:int }%>
%<{ elem=4:int }%>
%<{ elem=15:int }%>
%<{ elem=8:int }%>
%<{ elem=1:int }%>
%>
%>
%<P
%<{ shoppingCartContents=> }%>
%>
%<S "O:Array"
%<P
%<{ I=4:ID }%>
%<{ elem=1:int }%>
%<{ elem=2:int }%>
%<{ elem=3:int }%>
%>
%>
%<P
%<{ compareCartContents=> }%>
%>
%<S "O:Array"
%<P
%<{ I=5:ID }%>
%>
%>
%>
%>
%<S -120:1382370821091 "E"
%<S "O:eu.fittest.actionscript.automation::RecordEvent"
%<P
%<{ I=0:ID }%>
%<{ targetID="submit_order7":String }%>
%<{ type="click":String }%>
%<{ args=> }%>
%>
%<S "O:Array"
%<P
%<{ I=1:ID }%>
%>
%>
%>
%<S "O:AppAbstractState"
%<P
%<{ I=2:ID }%>
%<{ numOfSelectedItems=18:int }%>
%<{ numInShopCart=3:int }%>
%<{ cartTotal="$383.96":String }%>
%<{ numInCompareCart=0:int }%>
%<{ catalogContents=> }%>
%>
%<S "O:Array"
%<P
%<{ I=3:ID }%>
%<{ elem=12:int }%>
%<{ elem=5:int }%>
%<{ elem=16:int }%>
%<{ elem=9:int }%>
%<{ elem=2:int }%>
%<{ elem=13:int }%>
%<{ elem=6:int }%>
%<{ elem=17:int }%>
%<{ elem=10:int }%>
%<{ elem=3:int }%>
%<{ elem=14:int }%>
%<{ elem=7:int }%>
%<{ elem=18:int }%>
%<{ elem=11:int }%>
%<{ elem=4:int }%>
%<{ elem=15:int }%>
%<{ elem=8:int }%>
%<{ elem=1:int }%>
%>
%>
%<P
%<{ shoppingCartContents=> }%>
%>
%<S "O:Array"
%<P
%<{ I=4:ID }%>
%<{ elem=1:int }%>
%<{ elem=2:int }%>
%<{ elem=3:int }%>
%>
%>
%<P
%<{ compareCartContents=> }%>
%>
%<S "O:Array"
%<P
%<{ I=5:ID }%>
%>
%>
%>
%>
%<S -120:1382370821115 "E"
%<S "O:eu.fittest.actionscript.automation::RecordEvent"
%<P
%<{ I=0:ID }%>
%<{ targetID="pView":String }%>
%<{ type="click":String }%>
%<{ args=> }%>
%>
%<S "O:Array"
%<P
%<{ I=1:ID }%>
%>
%>
%>
%<S "O:AppAbstractState"
%<P
%<{ I=2:ID }%>
%<{ numOfSelectedItems=18:int }%>
%<{ numInShopCart=3:int }%>
%<{ cartTotal="$383.96":String }%>
%<{ numInCompareCart=0:int }%>
%<{ catalogContents=> }%>
%>
%<S "O:Array"
%<P
%<{ I=3:ID }%>
%<{ elem=12:int }%>
%<{ elem=5:int }%>
%<{ elem=16:int }%>
%<{ elem=9:int }%>
%<{ elem=2:int }%>
%<{ elem=13:int }%>
%<{ elem=6:int }%>
%<{ elem=17:int }%>
%<{ elem=10:int }%>
%<{ elem=3:int }%>
%<{ elem=14:int }%>
%<{ elem=7:int }%>
%<{ elem=18:int }%>
%<{ elem=11:int }%>
%<{ elem=4:int }%>
%<{ elem=15:int }%>
%<{ elem=8:int }%>
%<{ elem=1:int }%>
%>
%>
%<P
%<{ shoppingCartContents=> }%>
%>
%<S "O:Array"
%<P
%<{ I=4:ID }%>
%<{ elem=1:int }%>
%<{ elem=2:int }%>
%<{ elem=3:int }%>
%>
%>
%<P
%<{ compareCartContents=> }%>
%>
%<S "O:Array"
%<P
%<{ I=5:ID }%>
%>
%>
%>
%>
