%<S 300:1380141696237 "E"
%<S "O:eu.fittest.actionscript.automation::RecordEvent"
%<P
%<{ I=0:ID }%>
%<{ targetID="IDY_searchproduct":String }%>
%<{ type="click":String }%>
%<{ args=> }%>
%>
%<S "O:Array"
%<P
%<{ I=1:ID }%>
%>
%>
%>
%<S "O:AppAbstractState"
%<P
%<{ I=2:ID }%>
%<{ selectedProduct=-1:int }%>
%<{ catalogContents=> }%>
%>
%<S "O:Array"
%<P
%<{ I=3:ID }%>
%<{ elem=1:int }%>
%<{ elem=2:int }%>
%<{ elem=3:int }%>
%<{ elem=4:int }%>
%<{ elem=5:int }%>
%<{ elem=6:int }%>
%<{ elem=7:int }%>
%<{ elem=8:int }%>
%<{ elem=9:int }%>
%<{ elem=10:int }%>
%<{ elem=11:int }%>
%<{ elem=12:int }%>
%<{ elem=13:int }%>
%<{ elem=14:int }%>
%<{ elem=15:int }%>
%<{ elem=16:int }%>
%<{ elem=17:int }%>
%<{ elem=18:int }%>
%>
%>
%>
%>
%<S 300:1380141698874 "E"
%<S "O:eu.fittest.actionscript.automation::RecordEvent"
%<P
%<{ I=0:ID }%>
%<{ targetID="IDY_searchproduct":String }%>
%<{ type="type":String }%>
%<{ args=> }%>
%>
%<S "O:Array"
%<P
%<{ I=1:ID }%>
%<{ elem="nokia":String }%>
%>
%>
%>
%<S "O:AppAbstractState"
%<P
%<{ I=2:ID }%>
%<{ selectedProduct=-1:int }%>
%<{ catalogContents=> }%>
%>
%<S "O:Array"
%<P
%<{ I=3:ID }%>
%<{ elem=1:int }%>
%<{ elem=2:int }%>
%<{ elem=3:int }%>
%<{ elem=4:int }%>
%<{ elem=5:int }%>
%<{ elem=6:int }%>
%<{ elem=7:int }%>
%<{ elem=8:int }%>
%<{ elem=9:int }%>
%<{ elem=10:int }%>
%<{ elem=11:int }%>
%<{ elem=12:int }%>
%<{ elem=13:int }%>
%<{ elem=14:int }%>
%<{ elem=15:int }%>
%<{ elem=16:int }%>
%<{ elem=17:int }%>
%<{ elem=18:int }%>
%>
%>
%>
%>
%<S 300:1380141699550 "E"
%<S "O:eu.fittest.actionscript.automation::RecordEvent"
%<P
%<{ I=0:ID }%>
%<{ targetID="IDY_buttonSearch":String }%>
%<{ type="click":String }%>
%<{ args=> }%>
%>
%<S "O:Array"
%<P
%<{ I=1:ID }%>
%>
%>
%>
%<S "O:AppAbstractState"
%<P
%<{ I=2:ID }%>
%<{ selectedProduct=-1:int }%>
%<{ catalogContents=> }%>
%>
%<S "O:Array"
%<P
%<{ I=3:ID }%>
%<{ elem=1:int }%>
%<{ elem=2:int }%>
%<{ elem=3:int }%>
%<{ elem=4:int }%>
%<{ elem=5:int }%>
%<{ elem=6:int }%>
%<{ elem=7:int }%>
%<{ elem=8:int }%>
%<{ elem=9:int }%>
%<{ elem=10:int }%>
%<{ elem=11:int }%>
%<{ elem=12:int }%>
%<{ elem=13:int }%>
%<{ elem=14:int }%>
%<{ elem=15:int }%>
%<{ elem=16:int }%>
%<{ elem=17:int }%>
%<{ elem=18:int }%>
%>
%>
%>
%>
%<S 300:1380141700723 "E"
%<S "O:eu.fittest.actionscript.automation::RecordEvent"
%<P
%<{ I=0:ID }%>
%<{ targetID="OK":String }%>
%<{ type="click":String }%>
%<{ args=> }%>
%>
%<S "O:Array"
%<P
%<{ I=1:ID }%>
%>
%>
%>
%<S "O:AppAbstractState"
%<P
%<{ I=2:ID }%>
%<{ selectedProduct=-1:int }%>
%<{ catalogContents=> }%>
%>
%<S "O:Array"
%<P
%<{ I=3:ID }%>
%<{ elem=1:int }%>
%<{ elem=2:int }%>
%<{ elem=3:int }%>
%<{ elem=4:int }%>
%<{ elem=5:int }%>
%<{ elem=6:int }%>
%<{ elem=7:int }%>
%<{ elem=8:int }%>
%<{ elem=9:int }%>
%<{ elem=10:int }%>
%<{ elem=11:int }%>
%<{ elem=12:int }%>
%<{ elem=13:int }%>
%<{ elem=14:int }%>
%<{ elem=15:int }%>
%<{ elem=16:int }%>
%<{ elem=17:int }%>
%<{ elem=18:int }%>
%>
%>
%>
%>
%<S 300:1380141702461 "E"
%<S "O:eu.fittest.actionscript.automation::RecordEvent"
%<P
%<{ I=0:ID }%>
%<{ targetID="ButtonBar0":String }%>
%<{ type="itemclick":String }%>
%<{ args=> }%>
%>
%<S "O:Array"
%<P
%<{ I=1:ID }%>
%<{ elem=1:int }%>
%>
%>
%>
%<S "O:AppAbstractState"
%<P
%<{ I=2:ID }%>
%<{ selectedProduct=-1:int }%>
%<{ catalogContents=> }%>
%>
%<S "O:Array"
%<P
%<{ I=3:ID }%>
%<{ elem=1:int }%>
%<{ elem=2:int }%>
%<{ elem=3:int }%>
%<{ elem=4:int }%>
%<{ elem=5:int }%>
%<{ elem=6:int }%>
%<{ elem=7:int }%>
%<{ elem=8:int }%>
%<{ elem=9:int }%>
%<{ elem=10:int }%>
%<{ elem=11:int }%>
%<{ elem=12:int }%>
%<{ elem=13:int }%>
%<{ elem=14:int }%>
%<{ elem=15:int }%>
%<{ elem=16:int }%>
%<{ elem=17:int }%>
%<{ elem=18:int }%>
%>
%>
%>
%>
%<S 300:1380141712851 "E"
%<S "O:eu.fittest.actionscript.automation::RecordEvent"
%<P
%<{ I=0:ID }%>
%<{ targetID="IDY_labelPrice_2":String }%>
%<{ type="click":String }%>
%<{ args=> }%>
%>
%<S "O:Array"
%<P
%<{ I=1:ID }%>
%>
%>
%>
%<S "O:AppAbstractState"
%<P
%<{ I=2:ID }%>
%<{ selectedProduct=-1:int }%>
%<{ catalogContents=> }%>
%>
%<S "O:Array"
%<P
%<{ I=3:ID }%>
%<{ elem=1:int }%>
%<{ elem=2:int }%>
%<{ elem=3:int }%>
%<{ elem=4:int }%>
%<{ elem=5:int }%>
%<{ elem=6:int }%>
%<{ elem=7:int }%>
%<{ elem=8:int }%>
%<{ elem=9:int }%>
%<{ elem=10:int }%>
%<{ elem=11:int }%>
%<{ elem=12:int }%>
%<{ elem=13:int }%>
%<{ elem=14:int }%>
%<{ elem=15:int }%>
%<{ elem=16:int }%>
%<{ elem=17:int }%>
%<{ elem=18:int }%>
%>
%>
%>
%>
%<S 300:1380141712863 "E"
%<S "O:eu.fittest.actionscript.automation::RecordEvent"
%<P
%<{ I=0:ID }%>
%<{ targetID="IDY_cancas_2":String }%>
%<{ type="click":String }%>
%<{ args=> }%>
%>
%<S "O:Array"
%<P
%<{ I=1:ID }%>
%>
%>
%>
%<S "O:AppAbstractState"
%<P
%<{ I=2:ID }%>
%<{ selectedProduct=-1:int }%>
%<{ catalogContents=> }%>
%>
%<S "O:Array"
%<P
%<{ I=3:ID }%>
%<{ elem=1:int }%>
%<{ elem=2:int }%>
%<{ elem=3:int }%>
%<{ elem=4:int }%>
%<{ elem=5:int }%>
%<{ elem=6:int }%>
%<{ elem=7:int }%>
%<{ elem=8:int }%>
%<{ elem=9:int }%>
%<{ elem=10:int }%>
%<{ elem=11:int }%>
%<{ elem=12:int }%>
%<{ elem=13:int }%>
%<{ elem=14:int }%>
%<{ elem=15:int }%>
%<{ elem=16:int }%>
%<{ elem=17:int }%>
%<{ elem=18:int }%>
%>
%>
%>
%>
%<S 300:1380141720322 "E"
%<S "O:eu.fittest.actionscript.automation::RecordEvent"
%<P
%<{ I=0:ID }%>
%<{ targetID="IDY_textFeature_16":String }%>
%<{ type="click":String }%>
%<{ args=> }%>
%>
%<S "O:Array"
%<P
%<{ I=1:ID }%>
%>
%>
%>
%<S "O:AppAbstractState"
%<P
%<{ I=2:ID }%>
%<{ selectedProduct=2:int }%>
%<{ catalogContents=> }%>
%>
%<S "O:Array"
%<P
%<{ I=3:ID }%>
%<{ elem=1:int }%>
%<{ elem=2:int }%>
%<{ elem=3:int }%>
%<{ elem=4:int }%>
%<{ elem=5:int }%>
%<{ elem=6:int }%>
%<{ elem=7:int }%>
%<{ elem=8:int }%>
%<{ elem=9:int }%>
%<{ elem=10:int }%>
%<{ elem=11:int }%>
%<{ elem=12:int }%>
%<{ elem=13:int }%>
%<{ elem=14:int }%>
%<{ elem=15:int }%>
%<{ elem=16:int }%>
%<{ elem=17:int }%>
%<{ elem=18:int }%>
%>
%>
%>
%>
%<S 300:1380141720325 "E"
%<S "O:eu.fittest.actionscript.automation::RecordEvent"
%<P
%<{ I=0:ID }%>
%<{ targetID="IDY_cancas_16":String }%>
%<{ type="click":String }%>
%<{ args=> }%>
%>
%<S "O:Array"
%<P
%<{ I=1:ID }%>
%>
%>
%>
%<S "O:AppAbstractState"
%<P
%<{ I=2:ID }%>
%<{ selectedProduct=16:int }%>
%<{ catalogContents=> }%>
%>
%<S "O:Array"
%<P
%<{ I=3:ID }%>
%<{ elem=1:int }%>
%<{ elem=2:int }%>
%<{ elem=3:int }%>
%<{ elem=4:int }%>
%<{ elem=5:int }%>
%<{ elem=6:int }%>
%<{ elem=7:int }%>
%<{ elem=8:int }%>
%<{ elem=9:int }%>
%<{ elem=10:int }%>
%<{ elem=11:int }%>
%<{ elem=12:int }%>
%<{ elem=13:int }%>
%<{ elem=14:int }%>
%<{ elem=15:int }%>
%<{ elem=16:int }%>
%<{ elem=17:int }%>
%<{ elem=18:int }%>
%>
%>
%>
%>
%<S 300:1380141733835 "E"
%<S "O:eu.fittest.actionscript.automation::RecordEvent"
%<P
%<{ I=0:ID }%>
%<{ targetID="IDY_labelPrice_15":String }%>
%<{ type="click":String }%>
%<{ args=> }%>
%>
%<S "O:Array"
%<P
%<{ I=1:ID }%>
%>
%>
%>
%<S "O:AppAbstractState"
%<P
%<{ I=2:ID }%>
%<{ selectedProduct=16:int }%>
%<{ catalogContents=> }%>
%>
%<S "O:Array"
%<P
%<{ I=3:ID }%>
%<{ elem=1:int }%>
%<{ elem=2:int }%>
%<{ elem=3:int }%>
%<{ elem=4:int }%>
%<{ elem=5:int }%>
%<{ elem=6:int }%>
%<{ elem=7:int }%>
%<{ elem=8:int }%>
%<{ elem=9:int }%>
%<{ elem=10:int }%>
%<{ elem=11:int }%>
%<{ elem=12:int }%>
%<{ elem=13:int }%>
%<{ elem=14:int }%>
%<{ elem=15:int }%>
%<{ elem=16:int }%>
%<{ elem=17:int }%>
%<{ elem=18:int }%>
%>
%>
%>
%>
%<S 300:1380141733836 "E"
%<S "O:eu.fittest.actionscript.automation::RecordEvent"
%<P
%<{ I=0:ID }%>
%<{ targetID="IDY_cancas_15":String }%>
%<{ type="click":String }%>
%<{ args=> }%>
%>
%<S "O:Array"
%<P
%<{ I=1:ID }%>
%>
%>
%>
%<S "O:AppAbstractState"
%<P
%<{ I=2:ID }%>
%<{ selectedProduct=15:int }%>
%<{ catalogContents=> }%>
%>
%<S "O:Array"
%<P
%<{ I=3:ID }%>
%<{ elem=1:int }%>
%<{ elem=2:int }%>
%<{ elem=3:int }%>
%<{ elem=4:int }%>
%<{ elem=5:int }%>
%<{ elem=6:int }%>
%<{ elem=7:int }%>
%<{ elem=8:int }%>
%<{ elem=9:int }%>
%<{ elem=10:int }%>
%<{ elem=11:int }%>
%<{ elem=12:int }%>
%<{ elem=13:int }%>
%<{ elem=14:int }%>
%<{ elem=15:int }%>
%<{ elem=16:int }%>
%<{ elem=17:int }%>
%<{ elem=18:int }%>
%>
%>
%>
%>
%<S 300:1380141758915 "E"
%<S "O:eu.fittest.actionscript.automation::RecordEvent"
%<P
%<{ I=0:ID }%>
%<{ targetID="IDY_textFeature_17":String }%>
%<{ type="click":String }%>
%<{ args=> }%>
%>
%<S "O:Array"
%<P
%<{ I=1:ID }%>
%>
%>
%>
%<S "O:AppAbstractState"
%<P
%<{ I=2:ID }%>
%<{ selectedProduct=15:int }%>
%<{ catalogContents=> }%>
%>
%<S "O:Array"
%<P
%<{ I=3:ID }%>
%<{ elem=1:int }%>
%<{ elem=2:int }%>
%<{ elem=3:int }%>
%<{ elem=4:int }%>
%<{ elem=5:int }%>
%<{ elem=6:int }%>
%<{ elem=7:int }%>
%<{ elem=8:int }%>
%<{ elem=9:int }%>
%<{ elem=10:int }%>
%<{ elem=11:int }%>
%<{ elem=12:int }%>
%<{ elem=13:int }%>
%<{ elem=14:int }%>
%<{ elem=15:int }%>
%<{ elem=16:int }%>
%<{ elem=17:int }%>
%<{ elem=18:int }%>
%>
%>
%>
%>
%<S 300:1380141758917 "E"
%<S "O:eu.fittest.actionscript.automation::RecordEvent"
%<P
%<{ I=0:ID }%>
%<{ targetID="IDY_cancas_17":String }%>
%<{ type="click":String }%>
%<{ args=> }%>
%>
%<S "O:Array"
%<P
%<{ I=1:ID }%>
%>
%>
%>
%<S "O:AppAbstractState"
%<P
%<{ I=2:ID }%>
%<{ selectedProduct=17:int }%>
%<{ catalogContents=> }%>
%>
%<S "O:Array"
%<P
%<{ I=3:ID }%>
%<{ elem=1:int }%>
%<{ elem=2:int }%>
%<{ elem=3:int }%>
%<{ elem=4:int }%>
%<{ elem=5:int }%>
%<{ elem=6:int }%>
%<{ elem=7:int }%>
%<{ elem=8:int }%>
%<{ elem=9:int }%>
%<{ elem=10:int }%>
%<{ elem=11:int }%>
%<{ elem=12:int }%>
%<{ elem=13:int }%>
%<{ elem=14:int }%>
%<{ elem=15:int }%>
%<{ elem=16:int }%>
%<{ elem=17:int }%>
%<{ elem=18:int }%>
%>
%>
%>
%>
%<S 300:1380141759770 "E"
%<S "O:eu.fittest.actionscript.automation::RecordEvent"
%<P
%<{ I=0:ID }%>
%<{ targetID="IDY_textFeature_17":String }%>
%<{ type="click":String }%>
%<{ args=> }%>
%>
%<S "O:Array"
%<P
%<{ I=1:ID }%>
%>
%>
%>
%<S "O:AppAbstractState"
%<P
%<{ I=2:ID }%>
%<{ selectedProduct=17:int }%>
%<{ catalogContents=> }%>
%>
%<S "O:Array"
%<P
%<{ I=3:ID }%>
%<{ elem=1:int }%>
%<{ elem=2:int }%>
%<{ elem=3:int }%>
%<{ elem=4:int }%>
%<{ elem=5:int }%>
%<{ elem=6:int }%>
%<{ elem=7:int }%>
%<{ elem=8:int }%>
%<{ elem=9:int }%>
%<{ elem=10:int }%>
%<{ elem=11:int }%>
%<{ elem=12:int }%>
%<{ elem=13:int }%>
%<{ elem=14:int }%>
%<{ elem=15:int }%>
%<{ elem=16:int }%>
%<{ elem=17:int }%>
%<{ elem=18:int }%>
%>
%>
%>
%>
%<S 300:1380141759771 "E"
%<S "O:eu.fittest.actionscript.automation::RecordEvent"
%<P
%<{ I=0:ID }%>
%<{ targetID="IDY_cancas_17":String }%>
%<{ type="click":String }%>
%<{ args=> }%>
%>
%<S "O:Array"
%<P
%<{ I=1:ID }%>
%>
%>
%>
%<S "O:AppAbstractState"
%<P
%<{ I=2:ID }%>
%<{ selectedProduct=17:int }%>
%<{ catalogContents=> }%>
%>
%<S "O:Array"
%<P
%<{ I=3:ID }%>
%<{ elem=1:int }%>
%<{ elem=2:int }%>
%<{ elem=3:int }%>
%<{ elem=4:int }%>
%<{ elem=5:int }%>
%<{ elem=6:int }%>
%<{ elem=7:int }%>
%<{ elem=8:int }%>
%<{ elem=9:int }%>
%<{ elem=10:int }%>
%<{ elem=11:int }%>
%<{ elem=12:int }%>
%<{ elem=13:int }%>
%<{ elem=14:int }%>
%<{ elem=15:int }%>
%<{ elem=16:int }%>
%<{ elem=17:int }%>
%<{ elem=18:int }%>
%>
%>
%>
%>
%<S 300:1380141759954 "E"
%<S "O:eu.fittest.actionscript.automation::RecordEvent"
%<P
%<{ I=0:ID }%>
%<{ targetID="IDY_textFeature_17":String }%>
%<{ type="click":String }%>
%<{ args=> }%>
%>
%<S "O:Array"
%<P
%<{ I=1:ID }%>
%>
%>
%>
%<S "O:AppAbstractState"
%<P
%<{ I=2:ID }%>
%<{ selectedProduct=17:int }%>
%<{ catalogContents=> }%>
%>
%<S "O:Array"
%<P
%<{ I=3:ID }%>
%<{ elem=1:int }%>
%<{ elem=2:int }%>
%<{ elem=3:int }%>
%<{ elem=4:int }%>
%<{ elem=5:int }%>
%<{ elem=6:int }%>
%<{ elem=7:int }%>
%<{ elem=8:int }%>
%<{ elem=9:int }%>
%<{ elem=10:int }%>
%<{ elem=11:int }%>
%<{ elem=12:int }%>
%<{ elem=13:int }%>
%<{ elem=14:int }%>
%<{ elem=15:int }%>
%<{ elem=16:int }%>
%<{ elem=17:int }%>
%<{ elem=18:int }%>
%>
%>
%>
%>
%<S 300:1380141759955 "E"
%<S "O:eu.fittest.actionscript.automation::RecordEvent"
%<P
%<{ I=0:ID }%>
%<{ targetID="IDY_cancas_17":String }%>
%<{ type="click":String }%>
%<{ args=> }%>
%>
%<S "O:Array"
%<P
%<{ I=1:ID }%>
%>
%>
%>
%<S "O:AppAbstractState"
%<P
%<{ I=2:ID }%>
%<{ selectedProduct=17:int }%>
%<{ catalogContents=> }%>
%>
%<S "O:Array"
%<P
%<{ I=3:ID }%>
%<{ elem=1:int }%>
%<{ elem=2:int }%>
%<{ elem=3:int }%>
%<{ elem=4:int }%>
%<{ elem=5:int }%>
%<{ elem=6:int }%>
%<{ elem=7:int }%>
%<{ elem=8:int }%>
%<{ elem=9:int }%>
%<{ elem=10:int }%>
%<{ elem=11:int }%>
%<{ elem=12:int }%>
%<{ elem=13:int }%>
%<{ elem=14:int }%>
%<{ elem=15:int }%>
%<{ elem=16:int }%>
%<{ elem=17:int }%>
%<{ elem=18:int }%>
%>
%>
%>
%>
%<S 300:1380141760842 "E"
%<S "O:eu.fittest.actionscript.automation::RecordEvent"
%<P
%<{ I=0:ID }%>
%<{ targetID="IDY_textFeature_17":String }%>
%<{ type="click":String }%>
%<{ args=> }%>
%>
%<S "O:Array"
%<P
%<{ I=1:ID }%>
%>
%>
%>
%<S "O:AppAbstractState"
%<P
%<{ I=2:ID }%>
%<{ selectedProduct=17:int }%>
%<{ catalogContents=> }%>
%>
%<S "O:Array"
%<P
%<{ I=3:ID }%>
%<{ elem=1:int }%>
%<{ elem=2:int }%>
%<{ elem=3:int }%>
%<{ elem=4:int }%>
%<{ elem=5:int }%>
%<{ elem=6:int }%>
%<{ elem=7:int }%>
%<{ elem=8:int }%>
%<{ elem=9:int }%>
%<{ elem=10:int }%>
%<{ elem=11:int }%>
%<{ elem=12:int }%>
%<{ elem=13:int }%>
%<{ elem=14:int }%>
%<{ elem=15:int }%>
%<{ elem=16:int }%>
%<{ elem=17:int }%>
%<{ elem=18:int }%>
%>
%>
%>
%>
%<S 300:1380141760843 "E"
%<S "O:eu.fittest.actionscript.automation::RecordEvent"
%<P
%<{ I=0:ID }%>
%<{ targetID="IDY_cancas_17":String }%>
%<{ type="click":String }%>
%<{ args=> }%>
%>
%<S "O:Array"
%<P
%<{ I=1:ID }%>
%>
%>
%>
%<S "O:AppAbstractState"
%<P
%<{ I=2:ID }%>
%<{ selectedProduct=17:int }%>
%<{ catalogContents=> }%>
%>
%<S "O:Array"
%<P
%<{ I=3:ID }%>
%<{ elem=1:int }%>
%<{ elem=2:int }%>
%<{ elem=3:int }%>
%<{ elem=4:int }%>
%<{ elem=5:int }%>
%<{ elem=6:int }%>
%<{ elem=7:int }%>
%<{ elem=8:int }%>
%<{ elem=9:int }%>
%<{ elem=10:int }%>
%<{ elem=11:int }%>
%<{ elem=12:int }%>
%<{ elem=13:int }%>
%<{ elem=14:int }%>
%<{ elem=15:int }%>
%<{ elem=16:int }%>
%<{ elem=17:int }%>
%<{ elem=18:int }%>
%>
%>
%>
%>
%<S 300:1380141771468 "E"
%<S "O:eu.fittest.actionscript.automation::RecordEvent"
%<P
%<{ I=0:ID }%>
%<{ targetID="IDY_cancas_15":String }%>
%<{ type="click":String }%>
%<{ args=> }%>
%>
%<S "O:Array"
%<P
%<{ I=1:ID }%>
%>
%>
%>
%<S "O:AppAbstractState"
%<P
%<{ I=2:ID }%>
%<{ selectedProduct=15:int }%>
%<{ catalogContents=> }%>
%>
%<S "O:Array"
%<P
%<{ I=3:ID }%>
%<{ elem=1:int }%>
%<{ elem=2:int }%>
%<{ elem=3:int }%>
%<{ elem=4:int }%>
%<{ elem=5:int }%>
%<{ elem=6:int }%>
%<{ elem=7:int }%>
%<{ elem=8:int }%>
%<{ elem=9:int }%>
%<{ elem=10:int }%>
%<{ elem=11:int }%>
%<{ elem=12:int }%>
%<{ elem=13:int }%>
%<{ elem=14:int }%>
%<{ elem=15:int }%>
%<{ elem=16:int }%>
%<{ elem=17:int }%>
%<{ elem=18:int }%>
%>
%>
%>
%>
%<S 300:1380141776291 "E"
%<S "O:eu.fittest.actionscript.automation::RecordEvent"
%<P
%<{ I=0:ID }%>
%<{ targetID="IDY_cancas_15":String }%>
%<{ type="click":String }%>
%<{ args=> }%>
%>
%<S "O:Array"
%<P
%<{ I=1:ID }%>
%>
%>
%>
%<S "O:AppAbstractState"
%<P
%<{ I=2:ID }%>
%<{ selectedProduct=15:int }%>
%<{ catalogContents=> }%>
%>
%<S "O:Array"
%<P
%<{ I=3:ID }%>
%<{ elem=1:int }%>
%<{ elem=2:int }%>
%<{ elem=3:int }%>
%<{ elem=4:int }%>
%<{ elem=5:int }%>
%<{ elem=6:int }%>
%<{ elem=7:int }%>
%<{ elem=8:int }%>
%<{ elem=9:int }%>
%<{ elem=10:int }%>
%<{ elem=11:int }%>
%<{ elem=12:int }%>
%<{ elem=13:int }%>
%<{ elem=14:int }%>
%<{ elem=15:int }%>
%<{ elem=16:int }%>
%<{ elem=17:int }%>
%<{ elem=18:int }%>
%>
%>
%>
%>
%<S 300:1380141779554 "E"
%<S "O:eu.fittest.actionscript.automation::RecordEvent"
%<P
%<{ I=0:ID }%>
%<{ targetID="IDY_labelPrice_14":String }%>
%<{ type="click":String }%>
%<{ args=> }%>
%>
%<S "O:Array"
%<P
%<{ I=1:ID }%>
%>
%>
%>
%<S "O:AppAbstractState"
%<P
%<{ I=2:ID }%>
%<{ selectedProduct=15:int }%>
%<{ catalogContents=> }%>
%>
%<S "O:Array"
%<P
%<{ I=3:ID }%>
%<{ elem=1:int }%>
%<{ elem=2:int }%>
%<{ elem=3:int }%>
%<{ elem=4:int }%>
%<{ elem=5:int }%>
%<{ elem=6:int }%>
%<{ elem=7:int }%>
%<{ elem=8:int }%>
%<{ elem=9:int }%>
%<{ elem=10:int }%>
%<{ elem=11:int }%>
%<{ elem=12:int }%>
%<{ elem=13:int }%>
%<{ elem=14:int }%>
%<{ elem=15:int }%>
%<{ elem=16:int }%>
%<{ elem=17:int }%>
%<{ elem=18:int }%>
%>
%>
%>
%>
%<S 300:1380141779555 "E"
%<S "O:eu.fittest.actionscript.automation::RecordEvent"
%<P
%<{ I=0:ID }%>
%<{ targetID="IDY_cancas_14":String }%>
%<{ type="click":String }%>
%<{ args=> }%>
%>
%<S "O:Array"
%<P
%<{ I=1:ID }%>
%>
%>
%>
%<S "O:AppAbstractState"
%<P
%<{ I=2:ID }%>
%<{ selectedProduct=14:int }%>
%<{ catalogContents=> }%>
%>
%<S "O:Array"
%<P
%<{ I=3:ID }%>
%<{ elem=1:int }%>
%<{ elem=2:int }%>
%<{ elem=3:int }%>
%<{ elem=4:int }%>
%<{ elem=5:int }%>
%<{ elem=6:int }%>
%<{ elem=7:int }%>
%<{ elem=8:int }%>
%<{ elem=9:int }%>
%<{ elem=10:int }%>
%<{ elem=11:int }%>
%<{ elem=12:int }%>
%<{ elem=13:int }%>
%<{ elem=14:int }%>
%<{ elem=15:int }%>
%<{ elem=16:int }%>
%<{ elem=17:int }%>
%<{ elem=18:int }%>
%>
%>
%>
%>
