%<S 360:1380753253445 "E"
%<S "O:eu.fittest.actionscript.automation::RecordEvent"
%<P
%<{ I=0:ID }%>
%<{ targetID="ButtonBar0":String }%>
%<{ type="itemclick":String }%>
%<{ args=> }%>
%>
%<S "O:Array"
%<P
%<{ I=1:ID }%>
%<{ elem=1:int }%>
%>
%>
%>
%<S "O:AppAbstractState"
%<P
%<{ I=2:ID }%>
%<{ numInShopCart=0:int }%>
%<{ cartCurrency="$":String }%>
%<{ cartTotal="$0.00":String }%>
%<{ selectedProduct=-1:int }%>
%<{ catalogContents=> }%>
%>
%<S "O:Array"
%<P
%<{ I=3:ID }%>
%<{ elem=1:int }%>
%<{ elem=2:int }%>
%<{ elem=3:int }%>
%<{ elem=4:int }%>
%<{ elem=5:int }%>
%<{ elem=6:int }%>
%<{ elem=7:int }%>
%<{ elem=8:int }%>
%<{ elem=9:int }%>
%<{ elem=10:int }%>
%<{ elem=11:int }%>
%<{ elem=12:int }%>
%<{ elem=13:int }%>
%<{ elem=14:int }%>
%<{ elem=15:int }%>
%<{ elem=16:int }%>
%<{ elem=17:int }%>
%<{ elem=18:int }%>
%>
%>
%<P
%<{ shoppingCartContents=> }%>
%>
%<S "O:Array"
%<P
%<{ I=4:ID }%>
%>
%>
%>
%>
%<S 360:1380753255404 "E"
%<S "O:eu.fittest.actionscript.automation::RecordEvent"
%<P
%<{ I=0:ID }%>
%<{ targetID="ButtonBar0":String }%>
%<{ type="itemclick":String }%>
%<{ args=> }%>
%>
%<S "O:Array"
%<P
%<{ I=1:ID }%>
%<{ elem=2:int }%>
%>
%>
%>
%<S "O:AppAbstractState"
%<P
%<{ I=2:ID }%>
%<{ numInShopCart=0:int }%>
%<{ cartCurrency="$":String }%>
%<{ cartTotal="$0.00":String }%>
%<{ selectedProduct=-1:int }%>
%<{ catalogContents=> }%>
%>
%<S "O:Array"
%<P
%<{ I=3:ID }%>
%<{ elem=1:int }%>
%<{ elem=2:int }%>
%<{ elem=3:int }%>
%<{ elem=4:int }%>
%<{ elem=5:int }%>
%<{ elem=6:int }%>
%<{ elem=7:int }%>
%<{ elem=8:int }%>
%<{ elem=9:int }%>
%<{ elem=10:int }%>
%<{ elem=11:int }%>
%<{ elem=12:int }%>
%<{ elem=13:int }%>
%<{ elem=14:int }%>
%<{ elem=15:int }%>
%<{ elem=16:int }%>
%<{ elem=17:int }%>
%<{ elem=18:int }%>
%>
%>
%<P
%<{ shoppingCartContents=> }%>
%>
%<S "O:Array"
%<P
%<{ I=4:ID }%>
%>
%>
%>
%>
%<S 360:1380753258579 "E"
%<S "O:eu.fittest.actionscript.automation::RecordEvent"
%<P
%<{ I=0:ID }%>
%<{ targetID="ButtonBar0":String }%>
%<{ type="itemclick":String }%>
%<{ args=> }%>
%>
%<S "O:Array"
%<P
%<{ I=1:ID }%>
%<{ elem=0:int }%>
%>
%>
%>
%<S "O:AppAbstractState"
%<P
%<{ I=2:ID }%>
%<{ numInShopCart=0:int }%>
%<{ cartCurrency="$":String }%>
%<{ cartTotal="$0.00":String }%>
%<{ selectedProduct=-1:int }%>
%<{ catalogContents=> }%>
%>
%<S "O:Array"
%<P
%<{ I=3:ID }%>
%<{ elem=1:int }%>
%<{ elem=2:int }%>
%<{ elem=3:int }%>
%<{ elem=4:int }%>
%<{ elem=5:int }%>
%<{ elem=6:int }%>
%<{ elem=7:int }%>
%<{ elem=8:int }%>
%<{ elem=9:int }%>
%<{ elem=10:int }%>
%<{ elem=11:int }%>
%<{ elem=12:int }%>
%<{ elem=13:int }%>
%<{ elem=14:int }%>
%<{ elem=15:int }%>
%<{ elem=16:int }%>
%<{ elem=17:int }%>
%<{ elem=18:int }%>
%>
%>
%<P
%<{ shoppingCartContents=> }%>
%>
%<S "O:Array"
%<P
%<{ I=4:ID }%>
%>
%>
%>
%>
%<S 360:1380753264585 "E"
%<S "O:eu.fittest.actionscript.automation::RecordEvent"
%<P
%<{ I=0:ID }%>
%<{ targetID="IDY_myphonenr1":String }%>
%<{ type="click":String }%>
%<{ args=> }%>
%>
%<S "O:Array"
%<P
%<{ I=1:ID }%>
%>
%>
%>
%<S "O:AppAbstractState"
%<P
%<{ I=2:ID }%>
%<{ numInShopCart=0:int }%>
%<{ cartCurrency="$":String }%>
%<{ cartTotal="$0.00":String }%>
%<{ selectedProduct=-1:int }%>
%<{ catalogContents=> }%>
%>
%<S "O:Array"
%<P
%<{ I=3:ID }%>
%<{ elem=1:int }%>
%<{ elem=2:int }%>
%<{ elem=3:int }%>
%<{ elem=4:int }%>
%<{ elem=5:int }%>
%<{ elem=6:int }%>
%<{ elem=7:int }%>
%<{ elem=8:int }%>
%<{ elem=9:int }%>
%<{ elem=10:int }%>
%<{ elem=11:int }%>
%<{ elem=12:int }%>
%<{ elem=13:int }%>
%<{ elem=14:int }%>
%<{ elem=15:int }%>
%<{ elem=16:int }%>
%<{ elem=17:int }%>
%<{ elem=18:int }%>
%>
%>
%<P
%<{ shoppingCartContents=> }%>
%>
%<S "O:Array"
%<P
%<{ I=4:ID }%>
%>
%>
%>
%>
%<S 360:1380753265627 "E"
%<S "O:eu.fittest.actionscript.automation::RecordEvent"
%<P
%<{ I=0:ID }%>
%<{ targetID="IDY_pwd":String }%>
%<{ type="click":String }%>
%<{ args=> }%>
%>
%<S "O:Array"
%<P
%<{ I=1:ID }%>
%>
%>
%>
%<S "O:AppAbstractState"
%<P
%<{ I=2:ID }%>
%<{ numInShopCart=0:int }%>
%<{ cartCurrency="$":String }%>
%<{ cartTotal="$0.00":String }%>
%<{ selectedProduct=-1:int }%>
%<{ catalogContents=> }%>
%>
%<S "O:Array"
%<P
%<{ I=3:ID }%>
%<{ elem=1:int }%>
%<{ elem=2:int }%>
%<{ elem=3:int }%>
%<{ elem=4:int }%>
%<{ elem=5:int }%>
%<{ elem=6:int }%>
%<{ elem=7:int }%>
%<{ elem=8:int }%>
%<{ elem=9:int }%>
%<{ elem=10:int }%>
%<{ elem=11:int }%>
%<{ elem=12:int }%>
%<{ elem=13:int }%>
%<{ elem=14:int }%>
%<{ elem=15:int }%>
%<{ elem=16:int }%>
%<{ elem=17:int }%>
%<{ elem=18:int }%>
%>
%>
%<P
%<{ shoppingCartContents=> }%>
%>
%<S "O:Array"
%<P
%<{ I=4:ID }%>
%>
%>
%>
%>
%<S 360:1380753270637 "E"
%<S "O:eu.fittest.actionscript.automation::RecordEvent"
%<P
%<{ I=0:ID }%>
%<{ targetID="image0":String }%>
%<{ type="click":String }%>
%<{ args=> }%>
%>
%<S "O:Array"
%<P
%<{ I=1:ID }%>
%>
%>
%>
%<S "O:AppAbstractState"
%<P
%<{ I=2:ID }%>
%<{ numInShopCart=0:int }%>
%<{ cartCurrency="$":String }%>
%<{ cartTotal="$0.00":String }%>
%<{ selectedProduct=-1:int }%>
%<{ catalogContents=> }%>
%>
%<S "O:Array"
%<P
%<{ I=3:ID }%>
%<{ elem=1:int }%>
%<{ elem=2:int }%>
%<{ elem=3:int }%>
%<{ elem=4:int }%>
%<{ elem=5:int }%>
%<{ elem=6:int }%>
%<{ elem=7:int }%>
%<{ elem=8:int }%>
%<{ elem=9:int }%>
%<{ elem=10:int }%>
%<{ elem=11:int }%>
%<{ elem=12:int }%>
%<{ elem=13:int }%>
%<{ elem=14:int }%>
%<{ elem=15:int }%>
%<{ elem=16:int }%>
%<{ elem=17:int }%>
%<{ elem=18:int }%>
%>
%>
%<P
%<{ shoppingCartContents=> }%>
%>
%<S "O:Array"
%<P
%<{ I=4:ID }%>
%>
%>
%>
%>
%<S 360:1380753271600 "E"
%<S "O:eu.fittest.actionscript.automation::RecordEvent"
%<P
%<{ I=0:ID }%>
%<{ targetID="ButtonBar0":String }%>
%<{ type="itemclick":String }%>
%<{ args=> }%>
%>
%<S "O:Array"
%<P
%<{ I=1:ID }%>
%<{ elem=0:int }%>
%>
%>
%>
%<S "O:AppAbstractState"
%<P
%<{ I=2:ID }%>
%<{ numInShopCart=0:int }%>
%<{ cartCurrency="$":String }%>
%<{ cartTotal="$0.00":String }%>
%<{ selectedProduct=-1:int }%>
%<{ catalogContents=> }%>
%>
%<S "O:Array"
%<P
%<{ I=3:ID }%>
%<{ elem=1:int }%>
%<{ elem=2:int }%>
%<{ elem=3:int }%>
%<{ elem=4:int }%>
%<{ elem=5:int }%>
%<{ elem=6:int }%>
%<{ elem=7:int }%>
%<{ elem=8:int }%>
%<{ elem=9:int }%>
%<{ elem=10:int }%>
%<{ elem=11:int }%>
%<{ elem=12:int }%>
%<{ elem=13:int }%>
%<{ elem=14:int }%>
%<{ elem=15:int }%>
%<{ elem=16:int }%>
%<{ elem=17:int }%>
%<{ elem=18:int }%>
%>
%>
%<P
%<{ shoppingCartContents=> }%>
%>
%<S "O:Array"
%<P
%<{ I=4:ID }%>
%>
%>
%>
%>
%<S 360:1380753272484 "E"
%<S "O:eu.fittest.actionscript.automation::RecordEvent"
%<P
%<{ I=0:ID }%>
%<{ targetID="ButtonBar0":String }%>
%<{ type="itemclick":String }%>
%<{ args=> }%>
%>
%<S "O:Array"
%<P
%<{ I=1:ID }%>
%<{ elem=1:int }%>
%>
%>
%>
%<S "O:AppAbstractState"
%<P
%<{ I=2:ID }%>
%<{ numInShopCart=0:int }%>
%<{ cartCurrency="$":String }%>
%<{ cartTotal="$0.00":String }%>
%<{ selectedProduct=-1:int }%>
%<{ catalogContents=> }%>
%>
%<S "O:Array"
%<P
%<{ I=3:ID }%>
%<{ elem=1:int }%>
%<{ elem=2:int }%>
%<{ elem=3:int }%>
%<{ elem=4:int }%>
%<{ elem=5:int }%>
%<{ elem=6:int }%>
%<{ elem=7:int }%>
%<{ elem=8:int }%>
%<{ elem=9:int }%>
%<{ elem=10:int }%>
%<{ elem=11:int }%>
%<{ elem=12:int }%>
%<{ elem=13:int }%>
%<{ elem=14:int }%>
%<{ elem=15:int }%>
%<{ elem=16:int }%>
%<{ elem=17:int }%>
%<{ elem=18:int }%>
%>
%>
%<P
%<{ shoppingCartContents=> }%>
%>
%<S "O:Array"
%<P
%<{ I=4:ID }%>
%>
%>
%>
%>
%<S 360:1380753273637 "E"
%<S "O:eu.fittest.actionscript.automation::RecordEvent"
%<P
%<{ I=0:ID }%>
%<{ targetID="ButtonBar0":String }%>
%<{ type="itemclick":String }%>
%<{ args=> }%>
%>
%<S "O:Array"
%<P
%<{ I=1:ID }%>
%<{ elem=2:int }%>
%>
%>
%>
%<S "O:AppAbstractState"
%<P
%<{ I=2:ID }%>
%<{ numInShopCart=0:int }%>
%<{ cartCurrency="$":String }%>
%<{ cartTotal="$0.00":String }%>
%<{ selectedProduct=-1:int }%>
%<{ catalogContents=> }%>
%>
%<S "O:Array"
%<P
%<{ I=3:ID }%>
%<{ elem=1:int }%>
%<{ elem=2:int }%>
%<{ elem=3:int }%>
%<{ elem=4:int }%>
%<{ elem=5:int }%>
%<{ elem=6:int }%>
%<{ elem=7:int }%>
%<{ elem=8:int }%>
%<{ elem=9:int }%>
%<{ elem=10:int }%>
%<{ elem=11:int }%>
%<{ elem=12:int }%>
%<{ elem=13:int }%>
%<{ elem=14:int }%>
%<{ elem=15:int }%>
%<{ elem=16:int }%>
%<{ elem=17:int }%>
%<{ elem=18:int }%>
%>
%>
%<P
%<{ shoppingCartContents=> }%>
%>
%<S "O:Array"
%<P
%<{ I=4:ID }%>
%>
%>
%>
%>
%<S 360:1380753279602 "E"
%<S "O:eu.fittest.actionscript.automation::RecordEvent"
%<P
%<{ I=0:ID }%>
%<{ targetID="HID_IDY_addressState_1_button":String }%>
%<{ type="click":String }%>
%<{ args=> }%>
%>
%<S "O:Array"
%<P
%<{ I=1:ID }%>
%>
%>
%>
%<S "O:AppAbstractState"
%<P
%<{ I=2:ID }%>
%<{ numInShopCart=0:int }%>
%<{ cartCurrency="$":String }%>
%<{ cartTotal="$0.00":String }%>
%<{ selectedProduct=-1:int }%>
%<{ catalogContents=> }%>
%>
%<S "O:Array"
%<P
%<{ I=3:ID }%>
%<{ elem=1:int }%>
%<{ elem=2:int }%>
%<{ elem=3:int }%>
%<{ elem=4:int }%>
%<{ elem=5:int }%>
%<{ elem=6:int }%>
%<{ elem=7:int }%>
%<{ elem=8:int }%>
%<{ elem=9:int }%>
%<{ elem=10:int }%>
%<{ elem=11:int }%>
%<{ elem=12:int }%>
%<{ elem=13:int }%>
%<{ elem=14:int }%>
%<{ elem=15:int }%>
%<{ elem=16:int }%>
%<{ elem=17:int }%>
%<{ elem=18:int }%>
%>
%>
%<P
%<{ shoppingCartContents=> }%>
%>
%<S "O:Array"
%<P
%<{ I=4:ID }%>
%>
%>
%>
%>
%<S 360:1380753279776 "E"
%<S "O:eu.fittest.actionscript.automation::RecordEvent"
%<P
%<{ I=0:ID }%>
%<{ targetID="IDY_addressState":String }%>
%<{ type="open":String }%>
%<{ args=> }%>
%>
%<S "O:Array"
%<P
%<{ I=1:ID }%>
%>
%>
%>
%<S "O:AppAbstractState"
%<P
%<{ I=2:ID }%>
%<{ numInShopCart=0:int }%>
%<{ cartCurrency="$":String }%>
%<{ cartTotal="$0.00":String }%>
%<{ selectedProduct=-1:int }%>
%<{ catalogContents=> }%>
%>
%<S "O:Array"
%<P
%<{ I=3:ID }%>
%<{ elem=1:int }%>
%<{ elem=2:int }%>
%<{ elem=3:int }%>
%<{ elem=4:int }%>
%<{ elem=5:int }%>
%<{ elem=6:int }%>
%<{ elem=7:int }%>
%<{ elem=8:int }%>
%<{ elem=9:int }%>
%<{ elem=10:int }%>
%<{ elem=11:int }%>
%<{ elem=12:int }%>
%<{ elem=13:int }%>
%<{ elem=14:int }%>
%<{ elem=15:int }%>
%<{ elem=16:int }%>
%<{ elem=17:int }%>
%<{ elem=18:int }%>
%>
%>
%<P
%<{ shoppingCartContents=> }%>
%>
%<S "O:Array"
%<P
%<{ I=4:ID }%>
%>
%>
%>
%>
%<S 360:1380753280921 "E"
%<S "O:eu.fittest.actionscript.automation::RecordEvent"
%<P
%<{ I=0:ID }%>
%<{ targetID="HID_IDY_addressState_1_button":String }%>
%<{ type="click":String }%>
%<{ args=> }%>
%>
%<S "O:Array"
%<P
%<{ I=1:ID }%>
%>
%>
%>
%<S "O:AppAbstractState"
%<P
%<{ I=2:ID }%>
%<{ numInShopCart=0:int }%>
%<{ cartCurrency="$":String }%>
%<{ cartTotal="$0.00":String }%>
%<{ selectedProduct=-1:int }%>
%<{ catalogContents=> }%>
%>
%<S "O:Array"
%<P
%<{ I=3:ID }%>
%<{ elem=1:int }%>
%<{ elem=2:int }%>
%<{ elem=3:int }%>
%<{ elem=4:int }%>
%<{ elem=5:int }%>
%<{ elem=6:int }%>
%<{ elem=7:int }%>
%<{ elem=8:int }%>
%<{ elem=9:int }%>
%<{ elem=10:int }%>
%<{ elem=11:int }%>
%<{ elem=12:int }%>
%<{ elem=13:int }%>
%<{ elem=14:int }%>
%<{ elem=15:int }%>
%<{ elem=16:int }%>
%<{ elem=17:int }%>
%<{ elem=18:int }%>
%>
%>
%<P
%<{ shoppingCartContents=> }%>
%>
%<S "O:Array"
%<P
%<{ I=4:ID }%>
%>
%>
%>
%>
%<S 360:1380753281059 "E"
%<S "O:eu.fittest.actionscript.automation::RecordEvent"
%<P
%<{ I=0:ID }%>
%<{ targetID="IDY_addressState":String }%>
%<{ type="close":String }%>
%<{ args=> }%>
%>
%<S "O:Array"
%<P
%<{ I=1:ID }%>
%>
%>
%>
%<S "O:AppAbstractState"
%<P
%<{ I=2:ID }%>
%<{ numInShopCart=0:int }%>
%<{ cartCurrency="$":String }%>
%<{ cartTotal="$0.00":String }%>
%<{ selectedProduct=-1:int }%>
%<{ catalogContents=> }%>
%>
%<S "O:Array"
%<P
%<{ I=3:ID }%>
%<{ elem=1:int }%>
%<{ elem=2:int }%>
%<{ elem=3:int }%>
%<{ elem=4:int }%>
%<{ elem=5:int }%>
%<{ elem=6:int }%>
%<{ elem=7:int }%>
%<{ elem=8:int }%>
%<{ elem=9:int }%>
%<{ elem=10:int }%>
%<{ elem=11:int }%>
%<{ elem=12:int }%>
%<{ elem=13:int }%>
%<{ elem=14:int }%>
%<{ elem=15:int }%>
%<{ elem=16:int }%>
%<{ elem=17:int }%>
%<{ elem=18:int }%>
%>
%>
%<P
%<{ shoppingCartContents=> }%>
%>
%<S "O:Array"
%<P
%<{ I=4:ID }%>
%>
%>
%>
%>
%<S 360:1380753281419 "E"
%<S "O:eu.fittest.actionscript.automation::RecordEvent"
%<P
%<{ I=0:ID }%>
%<{ targetID="HID_IDY_addressState_1_button":String }%>
%<{ type="click":String }%>
%<{ args=> }%>
%>
%<S "O:Array"
%<P
%<{ I=1:ID }%>
%>
%>
%>
%<S "O:AppAbstractState"
%<P
%<{ I=2:ID }%>
%<{ numInShopCart=0:int }%>
%<{ cartCurrency="$":String }%>
%<{ cartTotal="$0.00":String }%>
%<{ selectedProduct=-1:int }%>
%<{ catalogContents=> }%>
%>
%<S "O:Array"
%<P
%<{ I=3:ID }%>
%<{ elem=1:int }%>
%<{ elem=2:int }%>
%<{ elem=3:int }%>
%<{ elem=4:int }%>
%<{ elem=5:int }%>
%<{ elem=6:int }%>
%<{ elem=7:int }%>
%<{ elem=8:int }%>
%<{ elem=9:int }%>
%<{ elem=10:int }%>
%<{ elem=11:int }%>
%<{ elem=12:int }%>
%<{ elem=13:int }%>
%<{ elem=14:int }%>
%<{ elem=15:int }%>
%<{ elem=16:int }%>
%<{ elem=17:int }%>
%<{ elem=18:int }%>
%>
%>
%<P
%<{ shoppingCartContents=> }%>
%>
%<S "O:Array"
%<P
%<{ I=4:ID }%>
%>
%>
%>
%>
%<S 360:1380753281575 "E"
%<S "O:eu.fittest.actionscript.automation::RecordEvent"
%<P
%<{ I=0:ID }%>
%<{ targetID="IDY_addressState":String }%>
%<{ type="open":String }%>
%<{ args=> }%>
%>
%<S "O:Array"
%<P
%<{ I=1:ID }%>
%>
%>
%>
%<S "O:AppAbstractState"
%<P
%<{ I=2:ID }%>
%<{ numInShopCart=0:int }%>
%<{ cartCurrency="$":String }%>
%<{ cartTotal="$0.00":String }%>
%<{ selectedProduct=-1:int }%>
%<{ catalogContents=> }%>
%>
%<S "O:Array"
%<P
%<{ I=3:ID }%>
%<{ elem=1:int }%>
%<{ elem=2:int }%>
%<{ elem=3:int }%>
%<{ elem=4:int }%>
%<{ elem=5:int }%>
%<{ elem=6:int }%>
%<{ elem=7:int }%>
%<{ elem=8:int }%>
%<{ elem=9:int }%>
%<{ elem=10:int }%>
%<{ elem=11:int }%>
%<{ elem=12:int }%>
%<{ elem=13:int }%>
%<{ elem=14:int }%>
%<{ elem=15:int }%>
%<{ elem=16:int }%>
%<{ elem=17:int }%>
%<{ elem=18:int }%>
%>
%>
%<P
%<{ shoppingCartContents=> }%>
%>
%<S "O:Array"
%<P
%<{ I=4:ID }%>
%>
%>
%>
%>
%<S 360:1380753281994 "E"
%<S "O:eu.fittest.actionscript.automation::RecordEvent"
%<P
%<{ I=0:ID }%>
%<{ targetID="HID_IDY_addressState_1_button":String }%>
%<{ type="click":String }%>
%<{ args=> }%>
%>
%<S "O:Array"
%<P
%<{ I=1:ID }%>
%>
%>
%>
%<S "O:AppAbstractState"
%<P
%<{ I=2:ID }%>
%<{ numInShopCart=0:int }%>
%<{ cartCurrency="$":String }%>
%<{ cartTotal="$0.00":String }%>
%<{ selectedProduct=-1:int }%>
%<{ catalogContents=> }%>
%>
%<S "O:Array"
%<P
%<{ I=3:ID }%>
%<{ elem=1:int }%>
%<{ elem=2:int }%>
%<{ elem=3:int }%>
%<{ elem=4:int }%>
%<{ elem=5:int }%>
%<{ elem=6:int }%>
%<{ elem=7:int }%>
%<{ elem=8:int }%>
%<{ elem=9:int }%>
%<{ elem=10:int }%>
%<{ elem=11:int }%>
%<{ elem=12:int }%>
%<{ elem=13:int }%>
%<{ elem=14:int }%>
%<{ elem=15:int }%>
%<{ elem=16:int }%>
%<{ elem=17:int }%>
%<{ elem=18:int }%>
%>
%>
%<P
%<{ shoppingCartContents=> }%>
%>
%<S "O:Array"
%<P
%<{ I=4:ID }%>
%>
%>
%>
%>
%<S 360:1380753282127 "E"
%<S "O:eu.fittest.actionscript.automation::RecordEvent"
%<P
%<{ I=0:ID }%>
%<{ targetID="IDY_addressState":String }%>
%<{ type="close":String }%>
%<{ args=> }%>
%>
%<S "O:Array"
%<P
%<{ I=1:ID }%>
%>
%>
%>
%<S "O:AppAbstractState"
%<P
%<{ I=2:ID }%>
%<{ numInShopCart=0:int }%>
%<{ cartCurrency="$":String }%>
%<{ cartTotal="$0.00":String }%>
%<{ selectedProduct=-1:int }%>
%<{ catalogContents=> }%>
%>
%<S "O:Array"
%<P
%<{ I=3:ID }%>
%<{ elem=1:int }%>
%<{ elem=2:int }%>
%<{ elem=3:int }%>
%<{ elem=4:int }%>
%<{ elem=5:int }%>
%<{ elem=6:int }%>
%<{ elem=7:int }%>
%<{ elem=8:int }%>
%<{ elem=9:int }%>
%<{ elem=10:int }%>
%<{ elem=11:int }%>
%<{ elem=12:int }%>
%<{ elem=13:int }%>
%<{ elem=14:int }%>
%<{ elem=15:int }%>
%<{ elem=16:int }%>
%<{ elem=17:int }%>
%<{ elem=18:int }%>
%>
%>
%<P
%<{ shoppingCartContents=> }%>
%>
%<S "O:Array"
%<P
%<{ I=4:ID }%>
%>
%>
%>
%>
%<S 360:1380753285290 "E"
%<S "O:eu.fittest.actionscript.automation::RecordEvent"
%<P
%<{ I=0:ID }%>
%<{ targetID="image0":String }%>
%<{ type="click":String }%>
%<{ args=> }%>
%>
%<S "O:Array"
%<P
%<{ I=1:ID }%>
%>
%>
%>
%<S "O:AppAbstractState"
%<P
%<{ I=2:ID }%>
%<{ numInShopCart=0:int }%>
%<{ cartCurrency="$":String }%>
%<{ cartTotal="$0.00":String }%>
%<{ selectedProduct=-1:int }%>
%<{ catalogContents=> }%>
%>
%<S "O:Array"
%<P
%<{ I=3:ID }%>
%<{ elem=1:int }%>
%<{ elem=2:int }%>
%<{ elem=3:int }%>
%<{ elem=4:int }%>
%<{ elem=5:int }%>
%<{ elem=6:int }%>
%<{ elem=7:int }%>
%<{ elem=8:int }%>
%<{ elem=9:int }%>
%<{ elem=10:int }%>
%<{ elem=11:int }%>
%<{ elem=12:int }%>
%<{ elem=13:int }%>
%<{ elem=14:int }%>
%<{ elem=15:int }%>
%<{ elem=16:int }%>
%<{ elem=17:int }%>
%<{ elem=18:int }%>
%>
%>
%<P
%<{ shoppingCartContents=> }%>
%>
%<S "O:Array"
%<P
%<{ I=4:ID }%>
%>
%>
%>
%>
%<S 360:1380753287831 "E"
%<S "O:eu.fittest.actionscript.automation::RecordEvent"
%<P
%<{ I=0:ID }%>
%<{ targetID="ButtonBar0":String }%>
%<{ type="itemclick":String }%>
%<{ args=> }%>
%>
%<S "O:Array"
%<P
%<{ I=1:ID }%>
%<{ elem=0:int }%>
%>
%>
%>
%<S "O:AppAbstractState"
%<P
%<{ I=2:ID }%>
%<{ numInShopCart=0:int }%>
%<{ cartCurrency="$":String }%>
%<{ cartTotal="$0.00":String }%>
%<{ selectedProduct=-1:int }%>
%<{ catalogContents=> }%>
%>
%<S "O:Array"
%<P
%<{ I=3:ID }%>
%<{ elem=1:int }%>
%<{ elem=2:int }%>
%<{ elem=3:int }%>
%<{ elem=4:int }%>
%<{ elem=5:int }%>
%<{ elem=6:int }%>
%<{ elem=7:int }%>
%<{ elem=8:int }%>
%<{ elem=9:int }%>
%<{ elem=10:int }%>
%<{ elem=11:int }%>
%<{ elem=12:int }%>
%<{ elem=13:int }%>
%<{ elem=14:int }%>
%<{ elem=15:int }%>
%<{ elem=16:int }%>
%<{ elem=17:int }%>
%<{ elem=18:int }%>
%>
%>
%<P
%<{ shoppingCartContents=> }%>
%>
%<S "O:Array"
%<P
%<{ I=4:ID }%>
%>
%>
%>
%>
%<S 360:1380753289985 "E"
%<S "O:eu.fittest.actionscript.automation::RecordEvent"
%<P
%<{ I=0:ID }%>
%<{ targetID="IDY_buttonSearch":String }%>
%<{ type="click":String }%>
%<{ args=> }%>
%>
%<S "O:Array"
%<P
%<{ I=1:ID }%>
%>
%>
%>
%<S "O:AppAbstractState"
%<P
%<{ I=2:ID }%>
%<{ numInShopCart=0:int }%>
%<{ cartCurrency="$":String }%>
%<{ cartTotal="$0.00":String }%>
%<{ selectedProduct=-1:int }%>
%<{ catalogContents=> }%>
%>
%<S "O:Array"
%<P
%<{ I=3:ID }%>
%<{ elem=1:int }%>
%<{ elem=2:int }%>
%<{ elem=3:int }%>
%<{ elem=4:int }%>
%<{ elem=5:int }%>
%<{ elem=6:int }%>
%<{ elem=7:int }%>
%<{ elem=8:int }%>
%<{ elem=9:int }%>
%<{ elem=10:int }%>
%<{ elem=11:int }%>
%<{ elem=12:int }%>
%<{ elem=13:int }%>
%<{ elem=14:int }%>
%<{ elem=15:int }%>
%<{ elem=16:int }%>
%<{ elem=17:int }%>
%<{ elem=18:int }%>
%>
%>
%<P
%<{ shoppingCartContents=> }%>
%>
%<S "O:Array"
%<P
%<{ I=4:ID }%>
%>
%>
%>
%>
%<S 360:1380753291813 "E"
%<S "O:eu.fittest.actionscript.automation::RecordEvent"
%<P
%<{ I=0:ID }%>
%<{ targetID="OK":String }%>
%<{ type="click":String }%>
%<{ args=> }%>
%>
%<S "O:Array"
%<P
%<{ I=1:ID }%>
%>
%>
%>
%<S "O:AppAbstractState"
%<P
%<{ I=2:ID }%>
%<{ numInShopCart=0:int }%>
%<{ cartCurrency="$":String }%>
%<{ cartTotal="$0.00":String }%>
%<{ selectedProduct=-1:int }%>
%<{ catalogContents=> }%>
%>
%<S "O:Array"
%<P
%<{ I=3:ID }%>
%<{ elem=1:int }%>
%<{ elem=2:int }%>
%<{ elem=3:int }%>
%<{ elem=4:int }%>
%<{ elem=5:int }%>
%<{ elem=6:int }%>
%<{ elem=7:int }%>
%<{ elem=8:int }%>
%<{ elem=9:int }%>
%<{ elem=10:int }%>
%<{ elem=11:int }%>
%<{ elem=12:int }%>
%<{ elem=13:int }%>
%<{ elem=14:int }%>
%<{ elem=15:int }%>
%<{ elem=16:int }%>
%<{ elem=17:int }%>
%<{ elem=18:int }%>
%>
%>
%<P
%<{ shoppingCartContents=> }%>
%>
%<S "O:Array"
%<P
%<{ I=4:ID }%>
%>
%>
%>
%>
%<S 360:1380753295961 "E"
%<S "O:eu.fittest.actionscript.automation::RecordEvent"
%<P
%<{ I=0:ID }%>
%<{ targetID="Image3":String }%>
%<{ type="click":String }%>
%<{ args=> }%>
%>
%<S "O:Array"
%<P
%<{ I=1:ID }%>
%>
%>
%>
%<S "O:AppAbstractState"
%<P
%<{ I=2:ID }%>
%<{ numInShopCart=0:int }%>
%<{ cartCurrency="$":String }%>
%<{ cartTotal="$0.00":String }%>
%<{ selectedProduct=-1:int }%>
%<{ catalogContents=> }%>
%>
%<S "O:Array"
%<P
%<{ I=3:ID }%>
%<{ elem=1:int }%>
%<{ elem=2:int }%>
%<{ elem=3:int }%>
%<{ elem=4:int }%>
%<{ elem=5:int }%>
%<{ elem=6:int }%>
%<{ elem=7:int }%>
%<{ elem=8:int }%>
%<{ elem=9:int }%>
%<{ elem=10:int }%>
%<{ elem=11:int }%>
%<{ elem=12:int }%>
%<{ elem=13:int }%>
%<{ elem=14:int }%>
%<{ elem=15:int }%>
%<{ elem=16:int }%>
%<{ elem=17:int }%>
%<{ elem=18:int }%>
%>
%>
%<P
%<{ shoppingCartContents=> }%>
%>
%<S "O:Array"
%<P
%<{ I=4:ID }%>
%>
%>
%>
%>
%<S 360:1380753297908 "E"
%<S "O:eu.fittest.actionscript.automation::RecordEvent"
%<P
%<{ I=0:ID }%>
%<{ targetID="IDY_myphonenr1":String }%>
%<{ type="click":String }%>
%<{ args=> }%>
%>
%<S "O:Array"
%<P
%<{ I=1:ID }%>
%>
%>
%>
%<S "O:AppAbstractState"
%<P
%<{ I=2:ID }%>
%<{ numInShopCart=0:int }%>
%<{ cartCurrency="$":String }%>
%<{ cartTotal="$0.00":String }%>
%<{ selectedProduct=-1:int }%>
%<{ catalogContents=> }%>
%>
%<S "O:Array"
%<P
%<{ I=3:ID }%>
%<{ elem=1:int }%>
%<{ elem=2:int }%>
%<{ elem=3:int }%>
%<{ elem=4:int }%>
%<{ elem=5:int }%>
%<{ elem=6:int }%>
%<{ elem=7:int }%>
%<{ elem=8:int }%>
%<{ elem=9:int }%>
%<{ elem=10:int }%>
%<{ elem=11:int }%>
%<{ elem=12:int }%>
%<{ elem=13:int }%>
%<{ elem=14:int }%>
%<{ elem=15:int }%>
%<{ elem=16:int }%>
%<{ elem=17:int }%>
%<{ elem=18:int }%>
%>
%>
%<P
%<{ shoppingCartContents=> }%>
%>
%<S "O:Array"
%<P
%<{ I=4:ID }%>
%>
%>
%>
%>
%<S 360:1380753298269 "E"
%<S "O:eu.fittest.actionscript.automation::RecordEvent"
%<P
%<{ I=0:ID }%>
%<{ targetID="IDY_myphonenr1":String }%>
%<{ type="click":String }%>
%<{ args=> }%>
%>
%<S "O:Array"
%<P
%<{ I=1:ID }%>
%>
%>
%>
%<S "O:AppAbstractState"
%<P
%<{ I=2:ID }%>
%<{ numInShopCart=0:int }%>
%<{ cartCurrency="$":String }%>
%<{ cartTotal="$0.00":String }%>
%<{ selectedProduct=-1:int }%>
%<{ catalogContents=> }%>
%>
%<S "O:Array"
%<P
%<{ I=3:ID }%>
%<{ elem=1:int }%>
%<{ elem=2:int }%>
%<{ elem=3:int }%>
%<{ elem=4:int }%>
%<{ elem=5:int }%>
%<{ elem=6:int }%>
%<{ elem=7:int }%>
%<{ elem=8:int }%>
%<{ elem=9:int }%>
%<{ elem=10:int }%>
%<{ elem=11:int }%>
%<{ elem=12:int }%>
%<{ elem=13:int }%>
%<{ elem=14:int }%>
%<{ elem=15:int }%>
%<{ elem=16:int }%>
%<{ elem=17:int }%>
%<{ elem=18:int }%>
%>
%>
%<P
%<{ shoppingCartContents=> }%>
%>
%<S "O:Array"
%<P
%<{ I=4:ID }%>
%>
%>
%>
%>
%<S 360:1380753298285 "E"
%<S "O:eu.fittest.actionscript.automation::RecordEvent"
%<P
%<{ I=0:ID }%>
%<{ targetID="IDY_myphonenr1":String }%>
%<{ type="click":String }%>
%<{ args=> }%>
%>
%<S "O:Array"
%<P
%<{ I=1:ID }%>
%>
%>
%>
%<S "O:AppAbstractState"
%<P
%<{ I=2:ID }%>
%<{ numInShopCart=0:int }%>
%<{ cartCurrency="$":String }%>
%<{ cartTotal="$0.00":String }%>
%<{ selectedProduct=-1:int }%>
%<{ catalogContents=> }%>
%>
%<S "O:Array"
%<P
%<{ I=3:ID }%>
%<{ elem=1:int }%>
%<{ elem=2:int }%>
%<{ elem=3:int }%>
%<{ elem=4:int }%>
%<{ elem=5:int }%>
%<{ elem=6:int }%>
%<{ elem=7:int }%>
%<{ elem=8:int }%>
%<{ elem=9:int }%>
%<{ elem=10:int }%>
%<{ elem=11:int }%>
%<{ elem=12:int }%>
%<{ elem=13:int }%>
%<{ elem=14:int }%>
%<{ elem=15:int }%>
%<{ elem=16:int }%>
%<{ elem=17:int }%>
%<{ elem=18:int }%>
%>
%>
%<P
%<{ shoppingCartContents=> }%>
%>
%<S "O:Array"
%<P
%<{ I=4:ID }%>
%>
%>
%>
%>
