%<S 300:1380743799835 "E"
%<S "O:eu.fittest.actionscript.automation::RecordEvent"
%<P
%<{ I=0:ID }%>
%<{ targetID="IDY_searchproduct":String }%>
%<{ type="click":String }%>
%<{ args=> }%>
%>
%<S "O:Array"
%<P
%<{ I=1:ID }%>
%>
%>
%>
%<S "O:AppAbstractState"
%<P
%<{ I=2:ID }%>
%<{ numInShopCart=0:int }%>
%<{ cartCurrency="$":String }%>
%<{ cartTotal="$0.00":String }%>
%<{ selectedProduct=-1:int }%>
%<{ catalogContents=> }%>
%>
%<S "O:Array"
%<P
%<{ I=3:ID }%>
%<{ elem=1:int }%>
%<{ elem=2:int }%>
%<{ elem=3:int }%>
%<{ elem=4:int }%>
%<{ elem=5:int }%>
%<{ elem=6:int }%>
%<{ elem=7:int }%>
%<{ elem=8:int }%>
%<{ elem=9:int }%>
%<{ elem=10:int }%>
%<{ elem=11:int }%>
%<{ elem=12:int }%>
%<{ elem=13:int }%>
%<{ elem=14:int }%>
%<{ elem=15:int }%>
%<{ elem=16:int }%>
%<{ elem=17:int }%>
%<{ elem=18:int }%>
%>
%>
%<P
%<{ shoppingCartContents=> }%>
%>
%<S "O:Array"
%<P
%<{ I=4:ID }%>
%>
%>
%>
%>
%<S 300:1380743801651 "E"
%<S "O:eu.fittest.actionscript.automation::RecordEvent"
%<P
%<{ I=0:ID }%>
%<{ targetID="ButtonBar0":String }%>
%<{ type="itemclick":String }%>
%<{ args=> }%>
%>
%<S "O:Array"
%<P
%<{ I=1:ID }%>
%<{ elem=1:int }%>
%>
%>
%>
%<S "O:AppAbstractState"
%<P
%<{ I=2:ID }%>
%<{ numInShopCart=0:int }%>
%<{ cartCurrency="$":String }%>
%<{ cartTotal="$0.00":String }%>
%<{ selectedProduct=-1:int }%>
%<{ catalogContents=> }%>
%>
%<S "O:Array"
%<P
%<{ I=3:ID }%>
%<{ elem=1:int }%>
%<{ elem=2:int }%>
%<{ elem=3:int }%>
%<{ elem=4:int }%>
%<{ elem=5:int }%>
%<{ elem=6:int }%>
%<{ elem=7:int }%>
%<{ elem=8:int }%>
%<{ elem=9:int }%>
%<{ elem=10:int }%>
%<{ elem=11:int }%>
%<{ elem=12:int }%>
%<{ elem=13:int }%>
%<{ elem=14:int }%>
%<{ elem=15:int }%>
%<{ elem=16:int }%>
%<{ elem=17:int }%>
%<{ elem=18:int }%>
%>
%>
%<P
%<{ shoppingCartContents=> }%>
%>
%<S "O:Array"
%<P
%<{ I=4:ID }%>
%>
%>
%>
%>
%<S 300:1380743803545 "E"
%<S "O:eu.fittest.actionscript.automation::RecordEvent"
%<P
%<{ I=0:ID }%>
%<{ targetID="ButtonBar0":String }%>
%<{ type="itemclick":String }%>
%<{ args=> }%>
%>
%<S "O:Array"
%<P
%<{ I=1:ID }%>
%<{ elem=2:int }%>
%>
%>
%>
%<S "O:AppAbstractState"
%<P
%<{ I=2:ID }%>
%<{ numInShopCart=0:int }%>
%<{ cartCurrency="$":String }%>
%<{ cartTotal="$0.00":String }%>
%<{ selectedProduct=-1:int }%>
%<{ catalogContents=> }%>
%>
%<S "O:Array"
%<P
%<{ I=3:ID }%>
%<{ elem=1:int }%>
%<{ elem=2:int }%>
%<{ elem=3:int }%>
%<{ elem=4:int }%>
%<{ elem=5:int }%>
%<{ elem=6:int }%>
%<{ elem=7:int }%>
%<{ elem=8:int }%>
%<{ elem=9:int }%>
%<{ elem=10:int }%>
%<{ elem=11:int }%>
%<{ elem=12:int }%>
%<{ elem=13:int }%>
%<{ elem=14:int }%>
%<{ elem=15:int }%>
%<{ elem=16:int }%>
%<{ elem=17:int }%>
%<{ elem=18:int }%>
%>
%>
%<P
%<{ shoppingCartContents=> }%>
%>
%<S "O:Array"
%<P
%<{ I=4:ID }%>
%>
%>
%>
%>
%<S 300:1380743805454 "E"
%<S "O:eu.fittest.actionscript.automation::RecordEvent"
%<P
%<{ I=0:ID }%>
%<{ targetID="ButtonBar0":String }%>
%<{ type="itemclick":String }%>
%<{ args=> }%>
%>
%<S "O:Array"
%<P
%<{ I=1:ID }%>
%<{ elem=1:int }%>
%>
%>
%>
%<S "O:AppAbstractState"
%<P
%<{ I=2:ID }%>
%<{ numInShopCart=0:int }%>
%<{ cartCurrency="$":String }%>
%<{ cartTotal="$0.00":String }%>
%<{ selectedProduct=-1:int }%>
%<{ catalogContents=> }%>
%>
%<S "O:Array"
%<P
%<{ I=3:ID }%>
%<{ elem=1:int }%>
%<{ elem=2:int }%>
%<{ elem=3:int }%>
%<{ elem=4:int }%>
%<{ elem=5:int }%>
%<{ elem=6:int }%>
%<{ elem=7:int }%>
%<{ elem=8:int }%>
%<{ elem=9:int }%>
%<{ elem=10:int }%>
%<{ elem=11:int }%>
%<{ elem=12:int }%>
%<{ elem=13:int }%>
%<{ elem=14:int }%>
%<{ elem=15:int }%>
%<{ elem=16:int }%>
%<{ elem=17:int }%>
%<{ elem=18:int }%>
%>
%>
%<P
%<{ shoppingCartContents=> }%>
%>
%<S "O:Array"
%<P
%<{ I=4:ID }%>
%>
%>
%>
%>
%<S 300:1380743807014 "E"
%<S "O:eu.fittest.actionscript.automation::RecordEvent"
%<P
%<{ I=0:ID }%>
%<{ targetID="ButtonBar0":String }%>
%<{ type="itemclick":String }%>
%<{ args=> }%>
%>
%<S "O:Array"
%<P
%<{ I=1:ID }%>
%<{ elem=0:int }%>
%>
%>
%>
%<S "O:AppAbstractState"
%<P
%<{ I=2:ID }%>
%<{ numInShopCart=0:int }%>
%<{ cartCurrency="$":String }%>
%<{ cartTotal="$0.00":String }%>
%<{ selectedProduct=-1:int }%>
%<{ catalogContents=> }%>
%>
%<S "O:Array"
%<P
%<{ I=3:ID }%>
%<{ elem=1:int }%>
%<{ elem=2:int }%>
%<{ elem=3:int }%>
%<{ elem=4:int }%>
%<{ elem=5:int }%>
%<{ elem=6:int }%>
%<{ elem=7:int }%>
%<{ elem=8:int }%>
%<{ elem=9:int }%>
%<{ elem=10:int }%>
%<{ elem=11:int }%>
%<{ elem=12:int }%>
%<{ elem=13:int }%>
%<{ elem=14:int }%>
%<{ elem=15:int }%>
%<{ elem=16:int }%>
%<{ elem=17:int }%>
%<{ elem=18:int }%>
%>
%>
%<P
%<{ shoppingCartContents=> }%>
%>
%<S "O:Array"
%<P
%<{ I=4:ID }%>
%>
%>
%>
%>
%<S 300:1380743818766 "E"
%<S "O:eu.fittest.actionscript.automation::RecordEvent"
%<P
%<{ I=0:ID }%>
%<{ targetID="IDY_searchproduct":String }%>
%<{ type="click":String }%>
%<{ args=> }%>
%>
%<S "O:Array"
%<P
%<{ I=1:ID }%>
%>
%>
%>
%<S "O:AppAbstractState"
%<P
%<{ I=2:ID }%>
%<{ numInShopCart=0:int }%>
%<{ cartCurrency="$":String }%>
%<{ cartTotal="$0.00":String }%>
%<{ selectedProduct=-1:int }%>
%<{ catalogContents=> }%>
%>
%<S "O:Array"
%<P
%<{ I=3:ID }%>
%<{ elem=1:int }%>
%<{ elem=2:int }%>
%<{ elem=3:int }%>
%<{ elem=4:int }%>
%<{ elem=5:int }%>
%<{ elem=6:int }%>
%<{ elem=7:int }%>
%<{ elem=8:int }%>
%<{ elem=9:int }%>
%<{ elem=10:int }%>
%<{ elem=11:int }%>
%<{ elem=12:int }%>
%<{ elem=13:int }%>
%<{ elem=14:int }%>
%<{ elem=15:int }%>
%<{ elem=16:int }%>
%<{ elem=17:int }%>
%<{ elem=18:int }%>
%>
%>
%<P
%<{ shoppingCartContents=> }%>
%>
%<S "O:Array"
%<P
%<{ I=4:ID }%>
%>
%>
%>
%>
%<S 300:1380743827507 "E"
%<S "O:eu.fittest.actionscript.automation::RecordEvent"
%<P
%<{ I=0:ID }%>
%<{ targetID="ButtonBar0":String }%>
%<{ type="itemclick":String }%>
%<{ args=> }%>
%>
%<S "O:Array"
%<P
%<{ I=1:ID }%>
%<{ elem=1:int }%>
%>
%>
%>
%<S "O:AppAbstractState"
%<P
%<{ I=2:ID }%>
%<{ numInShopCart=0:int }%>
%<{ cartCurrency="$":String }%>
%<{ cartTotal="$0.00":String }%>
%<{ selectedProduct=-1:int }%>
%<{ catalogContents=> }%>
%>
%<S "O:Array"
%<P
%<{ I=3:ID }%>
%<{ elem=1:int }%>
%<{ elem=2:int }%>
%<{ elem=3:int }%>
%<{ elem=4:int }%>
%<{ elem=5:int }%>
%<{ elem=6:int }%>
%<{ elem=7:int }%>
%<{ elem=8:int }%>
%<{ elem=9:int }%>
%<{ elem=10:int }%>
%<{ elem=11:int }%>
%<{ elem=12:int }%>
%<{ elem=13:int }%>
%<{ elem=14:int }%>
%<{ elem=15:int }%>
%<{ elem=16:int }%>
%<{ elem=17:int }%>
%<{ elem=18:int }%>
%>
%>
%<P
%<{ shoppingCartContents=> }%>
%>
%<S "O:Array"
%<P
%<{ I=4:ID }%>
%>
%>
%>
%>
%<S 300:1380743829834 "E"
%<S "O:eu.fittest.actionscript.automation::RecordEvent"
%<P
%<{ I=0:ID }%>
%<{ targetID="IDY_img_4":String }%>
%<{ type="click":String }%>
%<{ args=> }%>
%>
%<S "O:Array"
%<P
%<{ I=1:ID }%>
%>
%>
%>
%<S "O:AppAbstractState"
%<P
%<{ I=2:ID }%>
%<{ numInShopCart=0:int }%>
%<{ cartCurrency="$":String }%>
%<{ cartTotal="$0.00":String }%>
%<{ selectedProduct=-1:int }%>
%<{ catalogContents=> }%>
%>
%<S "O:Array"
%<P
%<{ I=3:ID }%>
%<{ elem=1:int }%>
%<{ elem=2:int }%>
%<{ elem=3:int }%>
%<{ elem=4:int }%>
%<{ elem=5:int }%>
%<{ elem=6:int }%>
%<{ elem=7:int }%>
%<{ elem=8:int }%>
%<{ elem=9:int }%>
%<{ elem=10:int }%>
%<{ elem=11:int }%>
%<{ elem=12:int }%>
%<{ elem=13:int }%>
%<{ elem=14:int }%>
%<{ elem=15:int }%>
%<{ elem=16:int }%>
%<{ elem=17:int }%>
%<{ elem=18:int }%>
%>
%>
%<P
%<{ shoppingCartContents=> }%>
%>
%<S "O:Array"
%<P
%<{ I=4:ID }%>
%>
%>
%>
%>
%<S 300:1380743829851 "E"
%<S "O:eu.fittest.actionscript.automation::RecordEvent"
%<P
%<{ I=0:ID }%>
%<{ targetID="IDY_cancas_4":String }%>
%<{ type="click":String }%>
%<{ args=> }%>
%>
%<S "O:Array"
%<P
%<{ I=1:ID }%>
%>
%>
%>
%<S "O:AppAbstractState"
%<P
%<{ I=2:ID }%>
%<{ numInShopCart=0:int }%>
%<{ cartCurrency="$":String }%>
%<{ cartTotal="$0.00":String }%>
%<{ selectedProduct=-1:int }%>
%<{ catalogContents=> }%>
%>
%<S "O:Array"
%<P
%<{ I=3:ID }%>
%<{ elem=1:int }%>
%<{ elem=2:int }%>
%<{ elem=3:int }%>
%<{ elem=4:int }%>
%<{ elem=5:int }%>
%<{ elem=6:int }%>
%<{ elem=7:int }%>
%<{ elem=8:int }%>
%<{ elem=9:int }%>
%<{ elem=10:int }%>
%<{ elem=11:int }%>
%<{ elem=12:int }%>
%<{ elem=13:int }%>
%<{ elem=14:int }%>
%<{ elem=15:int }%>
%<{ elem=16:int }%>
%<{ elem=17:int }%>
%<{ elem=18:int }%>
%>
%>
%<P
%<{ shoppingCartContents=> }%>
%>
%<S "O:Array"
%<P
%<{ I=4:ID }%>
%>
%>
%>
%>
%<S 300:1380743836393 "E"
%<S "O:eu.fittest.actionscript.automation::RecordEvent"
%<P
%<{ I=0:ID }%>
%<{ targetID="TabNavigator0":String }%>
%<{ type="change":String }%>
%<{ args=> }%>
%>
%<S "O:Array"
%<P
%<{ I=1:ID }%>
%<{ elem=1:int }%>
%>
%>
%>
%<S "O:AppAbstractState"
%<P
%<{ I=2:ID }%>
%<{ numInShopCart=0:int }%>
%<{ cartCurrency="$":String }%>
%<{ cartTotal="$0.00":String }%>
%<{ selectedProduct=4:int }%>
%<{ catalogContents=> }%>
%>
%<S "O:Array"
%<P
%<{ I=3:ID }%>
%<{ elem=1:int }%>
%<{ elem=2:int }%>
%<{ elem=3:int }%>
%<{ elem=4:int }%>
%<{ elem=5:int }%>
%<{ elem=6:int }%>
%<{ elem=7:int }%>
%<{ elem=8:int }%>
%<{ elem=9:int }%>
%<{ elem=10:int }%>
%<{ elem=11:int }%>
%<{ elem=12:int }%>
%<{ elem=13:int }%>
%<{ elem=14:int }%>
%<{ elem=15:int }%>
%<{ elem=16:int }%>
%<{ elem=17:int }%>
%<{ elem=18:int }%>
%>
%>
%<P
%<{ shoppingCartContents=> }%>
%>
%<S "O:Array"
%<P
%<{ I=4:ID }%>
%>
%>
%>
%>
%<S 300:1380743839631 "E"
%<S "O:eu.fittest.actionscript.automation::RecordEvent"
%<P
%<{ I=0:ID }%>
%<{ targetID="IDY_VideoButton":String }%>
%<{ type="click":String }%>
%<{ args=> }%>
%>
%<S "O:Array"
%<P
%<{ I=1:ID }%>
%>
%>
%>
%<S "O:AppAbstractState"
%<P
%<{ I=2:ID }%>
%<{ numInShopCart=0:int }%>
%<{ cartCurrency="$":String }%>
%<{ cartTotal="$0.00":String }%>
%<{ selectedProduct=4:int }%>
%<{ catalogContents=> }%>
%>
%<S "O:Array"
%<P
%<{ I=3:ID }%>
%<{ elem=1:int }%>
%<{ elem=2:int }%>
%<{ elem=3:int }%>
%<{ elem=4:int }%>
%<{ elem=5:int }%>
%<{ elem=6:int }%>
%<{ elem=7:int }%>
%<{ elem=8:int }%>
%<{ elem=9:int }%>
%<{ elem=10:int }%>
%<{ elem=11:int }%>
%<{ elem=12:int }%>
%<{ elem=13:int }%>
%<{ elem=14:int }%>
%<{ elem=15:int }%>
%<{ elem=16:int }%>
%<{ elem=17:int }%>
%<{ elem=18:int }%>
%>
%>
%<P
%<{ shoppingCartContents=> }%>
%>
%<S "O:Array"
%<P
%<{ I=4:ID }%>
%>
%>
%>
%>
%<S 300:1380743856580 "E"
%<S "O:eu.fittest.actionscript.automation::RecordEvent"
%<P
%<{ I=0:ID }%>
%<{ targetID="back_thumb":String }%>
%<{ type="click":String }%>
%<{ args=> }%>
%>
%<S "O:Array"
%<P
%<{ I=1:ID }%>
%>
%>
%>
%<S "O:AppAbstractState"
%<P
%<{ I=2:ID }%>
%<{ numInShopCart=0:int }%>
%<{ cartCurrency="$":String }%>
%<{ cartTotal="$0.00":String }%>
%<{ selectedProduct=4:int }%>
%<{ catalogContents=> }%>
%>
%<S "O:Array"
%<P
%<{ I=3:ID }%>
%<{ elem=1:int }%>
%<{ elem=2:int }%>
%<{ elem=3:int }%>
%<{ elem=4:int }%>
%<{ elem=5:int }%>
%<{ elem=6:int }%>
%<{ elem=7:int }%>
%<{ elem=8:int }%>
%<{ elem=9:int }%>
%<{ elem=10:int }%>
%<{ elem=11:int }%>
%<{ elem=12:int }%>
%<{ elem=13:int }%>
%<{ elem=14:int }%>
%<{ elem=15:int }%>
%<{ elem=16:int }%>
%<{ elem=17:int }%>
%<{ elem=18:int }%>
%>
%>
%<P
%<{ shoppingCartContents=> }%>
%>
%<S "O:Array"
%<P
%<{ I=4:ID }%>
%>
%>
%>
%>
%<S 300:1380743858746 "E"
%<S "O:eu.fittest.actionscript.automation::RecordEvent"
%<P
%<{ I=0:ID }%>
%<{ targetID="IDY_img_12":String }%>
%<{ type="click":String }%>
%<{ args=> }%>
%>
%<S "O:Array"
%<P
%<{ I=1:ID }%>
%>
%>
%>
%<S "O:AppAbstractState"
%<P
%<{ I=2:ID }%>
%<{ numInShopCart=0:int }%>
%<{ cartCurrency="$":String }%>
%<{ cartTotal="$0.00":String }%>
%<{ selectedProduct=4:int }%>
%<{ catalogContents=> }%>
%>
%<S "O:Array"
%<P
%<{ I=3:ID }%>
%<{ elem=1:int }%>
%<{ elem=2:int }%>
%<{ elem=3:int }%>
%<{ elem=4:int }%>
%<{ elem=5:int }%>
%<{ elem=6:int }%>
%<{ elem=7:int }%>
%<{ elem=8:int }%>
%<{ elem=9:int }%>
%<{ elem=10:int }%>
%<{ elem=11:int }%>
%<{ elem=12:int }%>
%<{ elem=13:int }%>
%<{ elem=14:int }%>
%<{ elem=15:int }%>
%<{ elem=16:int }%>
%<{ elem=17:int }%>
%<{ elem=18:int }%>
%>
%>
%<P
%<{ shoppingCartContents=> }%>
%>
%<S "O:Array"
%<P
%<{ I=4:ID }%>
%>
%>
%>
%>
%<S 300:1380743858753 "E"
%<S "O:eu.fittest.actionscript.automation::RecordEvent"
%<P
%<{ I=0:ID }%>
%<{ targetID="IDY_cancas_12":String }%>
%<{ type="click":String }%>
%<{ args=> }%>
%>
%<S "O:Array"
%<P
%<{ I=1:ID }%>
%>
%>
%>
%<S "O:AppAbstractState"
%<P
%<{ I=2:ID }%>
%<{ numInShopCart=0:int }%>
%<{ cartCurrency="$":String }%>
%<{ cartTotal="$0.00":String }%>
%<{ selectedProduct=4:int }%>
%<{ catalogContents=> }%>
%>
%<S "O:Array"
%<P
%<{ I=3:ID }%>
%<{ elem=1:int }%>
%<{ elem=2:int }%>
%<{ elem=3:int }%>
%<{ elem=4:int }%>
%<{ elem=5:int }%>
%<{ elem=6:int }%>
%<{ elem=7:int }%>
%<{ elem=8:int }%>
%<{ elem=9:int }%>
%<{ elem=10:int }%>
%<{ elem=11:int }%>
%<{ elem=12:int }%>
%<{ elem=13:int }%>
%<{ elem=14:int }%>
%<{ elem=15:int }%>
%<{ elem=16:int }%>
%<{ elem=17:int }%>
%<{ elem=18:int }%>
%>
%>
%<P
%<{ shoppingCartContents=> }%>
%>
%<S "O:Array"
%<P
%<{ I=4:ID }%>
%>
%>
%>
%>
%<S 300:1380743859258 "E"
%<S "O:eu.fittest.actionscript.automation::RecordEvent"
%<P
%<{ I=0:ID }%>
%<{ targetID="TabNavigator0":String }%>
%<{ type="change":String }%>
%<{ args=> }%>
%>
%<S "O:Array"
%<P
%<{ I=1:ID }%>
%<{ elem=0:int }%>
%>
%>
%>
%<S "O:AppAbstractState"
%<P
%<{ I=2:ID }%>
%<{ numInShopCart=0:int }%>
%<{ cartCurrency="$":String }%>
%<{ cartTotal="$0.00":String }%>
%<{ selectedProduct=12:int }%>
%<{ catalogContents=> }%>
%>
%<S "O:Array"
%<P
%<{ I=3:ID }%>
%<{ elem=1:int }%>
%<{ elem=2:int }%>
%<{ elem=3:int }%>
%<{ elem=4:int }%>
%<{ elem=5:int }%>
%<{ elem=6:int }%>
%<{ elem=7:int }%>
%<{ elem=8:int }%>
%<{ elem=9:int }%>
%<{ elem=10:int }%>
%<{ elem=11:int }%>
%<{ elem=12:int }%>
%<{ elem=13:int }%>
%<{ elem=14:int }%>
%<{ elem=15:int }%>
%<{ elem=16:int }%>
%<{ elem=17:int }%>
%<{ elem=18:int }%>
%>
%>
%<P
%<{ shoppingCartContents=> }%>
%>
%<S "O:Array"
%<P
%<{ I=4:ID }%>
%>
%>
%>
%>
%<S 300:1380743862465 "E"
%<S "O:eu.fittest.actionscript.automation::RecordEvent"
%<P
%<{ I=0:ID }%>
%<{ targetID="TabNavigator0":String }%>
%<{ type="change":String }%>
%<{ args=> }%>
%>
%<S "O:Array"
%<P
%<{ I=1:ID }%>
%<{ elem=1:int }%>
%>
%>
%>
%<S "O:AppAbstractState"
%<P
%<{ I=2:ID }%>
%<{ numInShopCart=0:int }%>
%<{ cartCurrency="$":String }%>
%<{ cartTotal="$0.00":String }%>
%<{ selectedProduct=12:int }%>
%<{ catalogContents=> }%>
%>
%<S "O:Array"
%<P
%<{ I=3:ID }%>
%<{ elem=1:int }%>
%<{ elem=2:int }%>
%<{ elem=3:int }%>
%<{ elem=4:int }%>
%<{ elem=5:int }%>
%<{ elem=6:int }%>
%<{ elem=7:int }%>
%<{ elem=8:int }%>
%<{ elem=9:int }%>
%<{ elem=10:int }%>
%<{ elem=11:int }%>
%<{ elem=12:int }%>
%<{ elem=13:int }%>
%<{ elem=14:int }%>
%<{ elem=15:int }%>
%<{ elem=16:int }%>
%<{ elem=17:int }%>
%<{ elem=18:int }%>
%>
%>
%<P
%<{ shoppingCartContents=> }%>
%>
%<S "O:Array"
%<P
%<{ I=4:ID }%>
%>
%>
%>
%>
%<S 300:1380743866199 "E"
%<S "O:eu.fittest.actionscript.automation::RecordEvent"
%<P
%<{ I=0:ID }%>
%<{ targetID="TabNavigator0":String }%>
%<{ type="change":String }%>
%<{ args=> }%>
%>
%<S "O:Array"
%<P
%<{ I=1:ID }%>
%<{ elem=0:int }%>
%>
%>
%>
%<S "O:AppAbstractState"
%<P
%<{ I=2:ID }%>
%<{ numInShopCart=0:int }%>
%<{ cartCurrency="$":String }%>
%<{ cartTotal="$0.00":String }%>
%<{ selectedProduct=12:int }%>
%<{ catalogContents=> }%>
%>
%<S "O:Array"
%<P
%<{ I=3:ID }%>
%<{ elem=1:int }%>
%<{ elem=2:int }%>
%<{ elem=3:int }%>
%<{ elem=4:int }%>
%<{ elem=5:int }%>
%<{ elem=6:int }%>
%<{ elem=7:int }%>
%<{ elem=8:int }%>
%<{ elem=9:int }%>
%<{ elem=10:int }%>
%<{ elem=11:int }%>
%<{ elem=12:int }%>
%<{ elem=13:int }%>
%<{ elem=14:int }%>
%<{ elem=15:int }%>
%<{ elem=16:int }%>
%<{ elem=17:int }%>
%<{ elem=18:int }%>
%>
%>
%<P
%<{ shoppingCartContents=> }%>
%>
%<S "O:Array"
%<P
%<{ I=4:ID }%>
%>
%>
%>
%>
%<S 300:1380743868594 "E"
%<S "O:eu.fittest.actionscript.automation::RecordEvent"
%<P
%<{ I=0:ID }%>
%<{ targetID="ButtonBar0":String }%>
%<{ type="itemclick":String }%>
%<{ args=> }%>
%>
%<S "O:Array"
%<P
%<{ I=1:ID }%>
%<{ elem=2:int }%>
%>
%>
%>
%<S "O:AppAbstractState"
%<P
%<{ I=2:ID }%>
%<{ numInShopCart=0:int }%>
%<{ cartCurrency="$":String }%>
%<{ cartTotal="$0.00":String }%>
%<{ selectedProduct=12:int }%>
%<{ catalogContents=> }%>
%>
%<S "O:Array"
%<P
%<{ I=3:ID }%>
%<{ elem=1:int }%>
%<{ elem=2:int }%>
%<{ elem=3:int }%>
%<{ elem=4:int }%>
%<{ elem=5:int }%>
%<{ elem=6:int }%>
%<{ elem=7:int }%>
%<{ elem=8:int }%>
%<{ elem=9:int }%>
%<{ elem=10:int }%>
%<{ elem=11:int }%>
%<{ elem=12:int }%>
%<{ elem=13:int }%>
%<{ elem=14:int }%>
%<{ elem=15:int }%>
%<{ elem=16:int }%>
%<{ elem=17:int }%>
%<{ elem=18:int }%>
%>
%>
%<P
%<{ shoppingCartContents=> }%>
%>
%<S "O:Array"
%<P
%<{ I=4:ID }%>
%>
%>
%>
%>
%<S 300:1380743872234 "E"
%<S "O:eu.fittest.actionscript.automation::RecordEvent"
%<P
%<{ I=0:ID }%>
%<{ targetID="Image7":String }%>
%<{ type="click":String }%>
%<{ args=> }%>
%>
%<S "O:Array"
%<P
%<{ I=1:ID }%>
%>
%>
%>
%<S "O:AppAbstractState"
%<P
%<{ I=2:ID }%>
%<{ numInShopCart=0:int }%>
%<{ cartCurrency="$":String }%>
%<{ cartTotal="$0.00":String }%>
%<{ selectedProduct=12:int }%>
%<{ catalogContents=> }%>
%>
%<S "O:Array"
%<P
%<{ I=3:ID }%>
%<{ elem=1:int }%>
%<{ elem=2:int }%>
%<{ elem=3:int }%>
%<{ elem=4:int }%>
%<{ elem=5:int }%>
%<{ elem=6:int }%>
%<{ elem=7:int }%>
%<{ elem=8:int }%>
%<{ elem=9:int }%>
%<{ elem=10:int }%>
%<{ elem=11:int }%>
%<{ elem=12:int }%>
%<{ elem=13:int }%>
%<{ elem=14:int }%>
%<{ elem=15:int }%>
%<{ elem=16:int }%>
%<{ elem=17:int }%>
%<{ elem=18:int }%>
%>
%>
%<P
%<{ shoppingCartContents=> }%>
%>
%<S "O:Array"
%<P
%<{ I=4:ID }%>
%>
%>
%>
%>
%<S 300:1380743874078 "E"
%<S "O:eu.fittest.actionscript.automation::RecordEvent"
%<P
%<{ I=0:ID }%>
%<{ targetID="Image7":String }%>
%<{ type="click":String }%>
%<{ args=> }%>
%>
%<S "O:Array"
%<P
%<{ I=1:ID }%>
%>
%>
%>
%<S "O:AppAbstractState"
%<P
%<{ I=2:ID }%>
%<{ numInShopCart=0:int }%>
%<{ cartCurrency="$":String }%>
%<{ cartTotal="$0.00":String }%>
%<{ selectedProduct=12:int }%>
%<{ catalogContents=> }%>
%>
%<S "O:Array"
%<P
%<{ I=3:ID }%>
%<{ elem=1:int }%>
%<{ elem=2:int }%>
%<{ elem=3:int }%>
%<{ elem=4:int }%>
%<{ elem=5:int }%>
%<{ elem=6:int }%>
%<{ elem=7:int }%>
%<{ elem=8:int }%>
%<{ elem=9:int }%>
%<{ elem=10:int }%>
%<{ elem=11:int }%>
%<{ elem=12:int }%>
%<{ elem=13:int }%>
%<{ elem=14:int }%>
%<{ elem=15:int }%>
%<{ elem=16:int }%>
%<{ elem=17:int }%>
%<{ elem=18:int }%>
%>
%>
%<P
%<{ shoppingCartContents=> }%>
%>
%<S "O:Array"
%<P
%<{ I=4:ID }%>
%>
%>
%>
%>
%<S 300:1380743877537 "E"
%<S "O:eu.fittest.actionscript.automation::RecordEvent"
%<P
%<{ I=0:ID }%>
%<{ targetID="HID_IDY_addressState_1_button":String }%>
%<{ type="click":String }%>
%<{ args=> }%>
%>
%<S "O:Array"
%<P
%<{ I=1:ID }%>
%>
%>
%>
%<S "O:AppAbstractState"
%<P
%<{ I=2:ID }%>
%<{ numInShopCart=0:int }%>
%<{ cartCurrency="$":String }%>
%<{ cartTotal="$0.00":String }%>
%<{ selectedProduct=12:int }%>
%<{ catalogContents=> }%>
%>
%<S "O:Array"
%<P
%<{ I=3:ID }%>
%<{ elem=1:int }%>
%<{ elem=2:int }%>
%<{ elem=3:int }%>
%<{ elem=4:int }%>
%<{ elem=5:int }%>
%<{ elem=6:int }%>
%<{ elem=7:int }%>
%<{ elem=8:int }%>
%<{ elem=9:int }%>
%<{ elem=10:int }%>
%<{ elem=11:int }%>
%<{ elem=12:int }%>
%<{ elem=13:int }%>
%<{ elem=14:int }%>
%<{ elem=15:int }%>
%<{ elem=16:int }%>
%<{ elem=17:int }%>
%<{ elem=18:int }%>
%>
%>
%<P
%<{ shoppingCartContents=> }%>
%>
%<S "O:Array"
%<P
%<{ I=4:ID }%>
%>
%>
%>
%>
%<S 300:1380743877687 "E"
%<S "O:eu.fittest.actionscript.automation::RecordEvent"
%<P
%<{ I=0:ID }%>
%<{ targetID="IDY_addressState":String }%>
%<{ type="open":String }%>
%<{ args=> }%>
%>
%<S "O:Array"
%<P
%<{ I=1:ID }%>
%>
%>
%>
%<S "O:AppAbstractState"
%<P
%<{ I=2:ID }%>
%<{ numInShopCart=0:int }%>
%<{ cartCurrency="$":String }%>
%<{ cartTotal="$0.00":String }%>
%<{ selectedProduct=12:int }%>
%<{ catalogContents=> }%>
%>
%<S "O:Array"
%<P
%<{ I=3:ID }%>
%<{ elem=1:int }%>
%<{ elem=2:int }%>
%<{ elem=3:int }%>
%<{ elem=4:int }%>
%<{ elem=5:int }%>
%<{ elem=6:int }%>
%<{ elem=7:int }%>
%<{ elem=8:int }%>
%<{ elem=9:int }%>
%<{ elem=10:int }%>
%<{ elem=11:int }%>
%<{ elem=12:int }%>
%<{ elem=13:int }%>
%<{ elem=14:int }%>
%<{ elem=15:int }%>
%<{ elem=16:int }%>
%<{ elem=17:int }%>
%<{ elem=18:int }%>
%>
%>
%<P
%<{ shoppingCartContents=> }%>
%>
%<S "O:Array"
%<P
%<{ I=4:ID }%>
%>
%>
%>
%>
%<S 300:1380743879064 "E"
%<S "O:eu.fittest.actionscript.automation::RecordEvent"
%<P
%<{ I=0:ID }%>
%<{ targetID="IDY_addressState":String }%>
%<{ type="change":String }%>
%<{ args=> }%>
%>
%<S "O:Array"
%<P
%<{ I=1:ID }%>
%<{ elem=1:int }%>
%>
%>
%>
%<S "O:AppAbstractState"
%<P
%<{ I=2:ID }%>
%<{ numInShopCart=0:int }%>
%<{ cartCurrency="$":String }%>
%<{ cartTotal="$0.00":String }%>
%<{ selectedProduct=12:int }%>
%<{ catalogContents=> }%>
%>
%<S "O:Array"
%<P
%<{ I=3:ID }%>
%<{ elem=1:int }%>
%<{ elem=2:int }%>
%<{ elem=3:int }%>
%<{ elem=4:int }%>
%<{ elem=5:int }%>
%<{ elem=6:int }%>
%<{ elem=7:int }%>
%<{ elem=8:int }%>
%<{ elem=9:int }%>
%<{ elem=10:int }%>
%<{ elem=11:int }%>
%<{ elem=12:int }%>
%<{ elem=13:int }%>
%<{ elem=14:int }%>
%<{ elem=15:int }%>
%<{ elem=16:int }%>
%<{ elem=17:int }%>
%<{ elem=18:int }%>
%>
%>
%<P
%<{ shoppingCartContents=> }%>
%>
%<S "O:Array"
%<P
%<{ I=4:ID }%>
%>
%>
%>
%>
%<S 300:1380743879320 "E"
%<S "O:eu.fittest.actionscript.automation::RecordEvent"
%<P
%<{ I=0:ID }%>
%<{ targetID="IDY_addressState":String }%>
%<{ type="close":String }%>
%<{ args=> }%>
%>
%<S "O:Array"
%<P
%<{ I=1:ID }%>
%>
%>
%>
%<S "O:AppAbstractState"
%<P
%<{ I=2:ID }%>
%<{ numInShopCart=0:int }%>
%<{ cartCurrency="$":String }%>
%<{ cartTotal="$0.00":String }%>
%<{ selectedProduct=12:int }%>
%<{ catalogContents=> }%>
%>
%<S "O:Array"
%<P
%<{ I=3:ID }%>
%<{ elem=1:int }%>
%<{ elem=2:int }%>
%<{ elem=3:int }%>
%<{ elem=4:int }%>
%<{ elem=5:int }%>
%<{ elem=6:int }%>
%<{ elem=7:int }%>
%<{ elem=8:int }%>
%<{ elem=9:int }%>
%<{ elem=10:int }%>
%<{ elem=11:int }%>
%<{ elem=12:int }%>
%<{ elem=13:int }%>
%<{ elem=14:int }%>
%<{ elem=15:int }%>
%<{ elem=16:int }%>
%<{ elem=17:int }%>
%<{ elem=18:int }%>
%>
%>
%<P
%<{ shoppingCartContents=> }%>
%>
%<S "O:Array"
%<P
%<{ I=4:ID }%>
%>
%>
%>
%>
%<S 300:1380743880672 "E"
%<S "O:eu.fittest.actionscript.automation::RecordEvent"
%<P
%<{ I=0:ID }%>
%<{ targetID="IDY_addressStreet":String }%>
%<{ type="click":String }%>
%<{ args=> }%>
%>
%<S "O:Array"
%<P
%<{ I=1:ID }%>
%>
%>
%>
%<S "O:AppAbstractState"
%<P
%<{ I=2:ID }%>
%<{ numInShopCart=0:int }%>
%<{ cartCurrency="$":String }%>
%<{ cartTotal="$0.00":String }%>
%<{ selectedProduct=12:int }%>
%<{ catalogContents=> }%>
%>
%<S "O:Array"
%<P
%<{ I=3:ID }%>
%<{ elem=1:int }%>
%<{ elem=2:int }%>
%<{ elem=3:int }%>
%<{ elem=4:int }%>
%<{ elem=5:int }%>
%<{ elem=6:int }%>
%<{ elem=7:int }%>
%<{ elem=8:int }%>
%<{ elem=9:int }%>
%<{ elem=10:int }%>
%<{ elem=11:int }%>
%<{ elem=12:int }%>
%<{ elem=13:int }%>
%<{ elem=14:int }%>
%<{ elem=15:int }%>
%<{ elem=16:int }%>
%<{ elem=17:int }%>
%<{ elem=18:int }%>
%>
%>
%<P
%<{ shoppingCartContents=> }%>
%>
%<S "O:Array"
%<P
%<{ I=4:ID }%>
%>
%>
%>
%>
%<S 300:1380743885672 "E"
%<S "O:eu.fittest.actionscript.automation::RecordEvent"
%<P
%<{ I=0:ID }%>
%<{ targetID="IDY_addressStreet":String }%>
%<{ type="type":String }%>
%<{ args=> }%>
%>
%<S "O:Array"
%<P
%<{ I=1:ID }%>
%<{ elem="was":String }%>
%>
%>
%>
%<S "O:AppAbstractState"
%<P
%<{ I=2:ID }%>
%<{ numInShopCart=0:int }%>
%<{ cartCurrency="$":String }%>
%<{ cartTotal="$0.00":String }%>
%<{ selectedProduct=12:int }%>
%<{ catalogContents=> }%>
%>
%<S "O:Array"
%<P
%<{ I=3:ID }%>
%<{ elem=1:int }%>
%<{ elem=2:int }%>
%<{ elem=3:int }%>
%<{ elem=4:int }%>
%<{ elem=5:int }%>
%<{ elem=6:int }%>
%<{ elem=7:int }%>
%<{ elem=8:int }%>
%<{ elem=9:int }%>
%<{ elem=10:int }%>
%<{ elem=11:int }%>
%<{ elem=12:int }%>
%<{ elem=13:int }%>
%<{ elem=14:int }%>
%<{ elem=15:int }%>
%<{ elem=16:int }%>
%<{ elem=17:int }%>
%<{ elem=18:int }%>
%>
%>
%<P
%<{ shoppingCartContents=> }%>
%>
%<S "O:Array"
%<P
%<{ I=4:ID }%>
%>
%>
%>
%>
%<S 300:1380743886770 "E"
%<S "O:eu.fittest.actionscript.automation::RecordEvent"
%<P
%<{ I=0:ID }%>
%<{ targetID="IDY_addressStreet":String }%>
%<{ type="type":String }%>
%<{ args=> }%>
%>
%<S "O:Array"
%<P
%<{ I=1:ID }%>
%<{ elem="wash":String }%>
%>
%>
%>
%<S "O:AppAbstractState"
%<P
%<{ I=2:ID }%>
%<{ numInShopCart=0:int }%>
%<{ cartCurrency="$":String }%>
%<{ cartTotal="$0.00":String }%>
%<{ selectedProduct=12:int }%>
%<{ catalogContents=> }%>
%>
%<S "O:Array"
%<P
%<{ I=3:ID }%>
%<{ elem=1:int }%>
%<{ elem=2:int }%>
%<{ elem=3:int }%>
%<{ elem=4:int }%>
%<{ elem=5:int }%>
%<{ elem=6:int }%>
%<{ elem=7:int }%>
%<{ elem=8:int }%>
%<{ elem=9:int }%>
%<{ elem=10:int }%>
%<{ elem=11:int }%>
%<{ elem=12:int }%>
%<{ elem=13:int }%>
%<{ elem=14:int }%>
%<{ elem=15:int }%>
%<{ elem=16:int }%>
%<{ elem=17:int }%>
%<{ elem=18:int }%>
%>
%>
%<P
%<{ shoppingCartContents=> }%>
%>
%<S "O:Array"
%<P
%<{ I=4:ID }%>
%>
%>
%>
%>
%<S 300:1380743888208 "E"
%<S "O:eu.fittest.actionscript.automation::RecordEvent"
%<P
%<{ I=0:ID }%>
%<{ targetID="IDY_buttonLocate":String }%>
%<{ type="click":String }%>
%<{ args=> }%>
%>
%<S "O:Array"
%<P
%<{ I=1:ID }%>
%>
%>
%>
%<S "O:AppAbstractState"
%<P
%<{ I=2:ID }%>
%<{ numInShopCart=0:int }%>
%<{ cartCurrency="$":String }%>
%<{ cartTotal="$0.00":String }%>
%<{ selectedProduct=12:int }%>
%<{ catalogContents=> }%>
%>
%<S "O:Array"
%<P
%<{ I=3:ID }%>
%<{ elem=1:int }%>
%<{ elem=2:int }%>
%<{ elem=3:int }%>
%<{ elem=4:int }%>
%<{ elem=5:int }%>
%<{ elem=6:int }%>
%<{ elem=7:int }%>
%<{ elem=8:int }%>
%<{ elem=9:int }%>
%<{ elem=10:int }%>
%<{ elem=11:int }%>
%<{ elem=12:int }%>
%<{ elem=13:int }%>
%<{ elem=14:int }%>
%<{ elem=15:int }%>
%<{ elem=16:int }%>
%<{ elem=17:int }%>
%<{ elem=18:int }%>
%>
%>
%<P
%<{ shoppingCartContents=> }%>
%>
%<S "O:Array"
%<P
%<{ I=4:ID }%>
%>
%>
%>
%>
%<S 300:1380743889894 "E"
%<S "O:eu.fittest.actionscript.automation::RecordEvent"
%<P
%<{ I=0:ID }%>
%<{ targetID="OK":String }%>
%<{ type="click":String }%>
%<{ args=> }%>
%>
%<S "O:Array"
%<P
%<{ I=1:ID }%>
%>
%>
%>
%<S "O:AppAbstractState"
%<P
%<{ I=2:ID }%>
%<{ numInShopCart=0:int }%>
%<{ cartCurrency="$":String }%>
%<{ cartTotal="$0.00":String }%>
%<{ selectedProduct=12:int }%>
%<{ catalogContents=> }%>
%>
%<S "O:Array"
%<P
%<{ I=3:ID }%>
%<{ elem=1:int }%>
%<{ elem=2:int }%>
%<{ elem=3:int }%>
%<{ elem=4:int }%>
%<{ elem=5:int }%>
%<{ elem=6:int }%>
%<{ elem=7:int }%>
%<{ elem=8:int }%>
%<{ elem=9:int }%>
%<{ elem=10:int }%>
%<{ elem=11:int }%>
%<{ elem=12:int }%>
%<{ elem=13:int }%>
%<{ elem=14:int }%>
%<{ elem=15:int }%>
%<{ elem=16:int }%>
%<{ elem=17:int }%>
%<{ elem=18:int }%>
%>
%>
%<P
%<{ shoppingCartContents=> }%>
%>
%<S "O:Array"
%<P
%<{ I=4:ID }%>
%>
%>
%>
%>
%<S 300:1380743892352 "E"
%<S "O:eu.fittest.actionscript.automation::RecordEvent"
%<P
%<{ I=0:ID }%>
%<{ targetID="Image7":String }%>
%<{ type="click":String }%>
%<{ args=> }%>
%>
%<S "O:Array"
%<P
%<{ I=1:ID }%>
%>
%>
%>
%<S "O:AppAbstractState"
%<P
%<{ I=2:ID }%>
%<{ numInShopCart=0:int }%>
%<{ cartCurrency="$":String }%>
%<{ cartTotal="$0.00":String }%>
%<{ selectedProduct=12:int }%>
%<{ catalogContents=> }%>
%>
%<S "O:Array"
%<P
%<{ I=3:ID }%>
%<{ elem=1:int }%>
%<{ elem=2:int }%>
%<{ elem=3:int }%>
%<{ elem=4:int }%>
%<{ elem=5:int }%>
%<{ elem=6:int }%>
%<{ elem=7:int }%>
%<{ elem=8:int }%>
%<{ elem=9:int }%>
%<{ elem=10:int }%>
%<{ elem=11:int }%>
%<{ elem=12:int }%>
%<{ elem=13:int }%>
%<{ elem=14:int }%>
%<{ elem=15:int }%>
%<{ elem=16:int }%>
%<{ elem=17:int }%>
%<{ elem=18:int }%>
%>
%>
%<P
%<{ shoppingCartContents=> }%>
%>
%<S "O:Array"
%<P
%<{ I=4:ID }%>
%>
%>
%>
%>
%<S 300:1380743894873 "E"
%<S "O:eu.fittest.actionscript.automation::RecordEvent"
%<P
%<{ I=0:ID }%>
%<{ targetID="Image7":String }%>
%<{ type="click":String }%>
%<{ args=> }%>
%>
%<S "O:Array"
%<P
%<{ I=1:ID }%>
%>
%>
%>
%<S "O:AppAbstractState"
%<P
%<{ I=2:ID }%>
%<{ numInShopCart=0:int }%>
%<{ cartCurrency="$":String }%>
%<{ cartTotal="$0.00":String }%>
%<{ selectedProduct=12:int }%>
%<{ catalogContents=> }%>
%>
%<S "O:Array"
%<P
%<{ I=3:ID }%>
%<{ elem=1:int }%>
%<{ elem=2:int }%>
%<{ elem=3:int }%>
%<{ elem=4:int }%>
%<{ elem=5:int }%>
%<{ elem=6:int }%>
%<{ elem=7:int }%>
%<{ elem=8:int }%>
%<{ elem=9:int }%>
%<{ elem=10:int }%>
%<{ elem=11:int }%>
%<{ elem=12:int }%>
%<{ elem=13:int }%>
%<{ elem=14:int }%>
%<{ elem=15:int }%>
%<{ elem=16:int }%>
%<{ elem=17:int }%>
%<{ elem=18:int }%>
%>
%>
%<P
%<{ shoppingCartContents=> }%>
%>
%<S "O:Array"
%<P
%<{ I=4:ID }%>
%>
%>
%>
%>
%<S 300:1380743902531 "E"
%<S "O:eu.fittest.actionscript.automation::RecordEvent"
%<P
%<{ I=0:ID }%>
%<{ targetID="ButtonBar0":String }%>
%<{ type="itemclick":String }%>
%<{ args=> }%>
%>
%<S "O:Array"
%<P
%<{ I=1:ID }%>
%<{ elem=0:int }%>
%>
%>
%>
%<S "O:AppAbstractState"
%<P
%<{ I=2:ID }%>
%<{ numInShopCart=0:int }%>
%<{ cartCurrency="$":String }%>
%<{ cartTotal="$0.00":String }%>
%<{ selectedProduct=12:int }%>
%<{ catalogContents=> }%>
%>
%<S "O:Array"
%<P
%<{ I=3:ID }%>
%<{ elem=1:int }%>
%<{ elem=2:int }%>
%<{ elem=3:int }%>
%<{ elem=4:int }%>
%<{ elem=5:int }%>
%<{ elem=6:int }%>
%<{ elem=7:int }%>
%<{ elem=8:int }%>
%<{ elem=9:int }%>
%<{ elem=10:int }%>
%<{ elem=11:int }%>
%<{ elem=12:int }%>
%<{ elem=13:int }%>
%<{ elem=14:int }%>
%<{ elem=15:int }%>
%<{ elem=16:int }%>
%<{ elem=17:int }%>
%<{ elem=18:int }%>
%>
%>
%<P
%<{ shoppingCartContents=> }%>
%>
%<S "O:Array"
%<P
%<{ I=4:ID }%>
%>
%>
%>
%>
%<S 300:1380743905825 "E"
%<S "O:eu.fittest.actionscript.automation::RecordEvent"
%<P
%<{ I=0:ID }%>
%<{ targetID="Image2":String }%>
%<{ type="click":String }%>
%<{ args=> }%>
%>
%<S "O:Array"
%<P
%<{ I=1:ID }%>
%>
%>
%>
%<S "O:AppAbstractState"
%<P
%<{ I=2:ID }%>
%<{ numInShopCart=0:int }%>
%<{ cartCurrency="$":String }%>
%<{ cartTotal="$0.00":String }%>
%<{ selectedProduct=12:int }%>
%<{ catalogContents=> }%>
%>
%<S "O:Array"
%<P
%<{ I=3:ID }%>
%<{ elem=1:int }%>
%<{ elem=2:int }%>
%<{ elem=3:int }%>
%<{ elem=4:int }%>
%<{ elem=5:int }%>
%<{ elem=6:int }%>
%<{ elem=7:int }%>
%<{ elem=8:int }%>
%<{ elem=9:int }%>
%<{ elem=10:int }%>
%<{ elem=11:int }%>
%<{ elem=12:int }%>
%<{ elem=13:int }%>
%<{ elem=14:int }%>
%<{ elem=15:int }%>
%<{ elem=16:int }%>
%<{ elem=17:int }%>
%<{ elem=18:int }%>
%>
%>
%<P
%<{ shoppingCartContents=> }%>
%>
%<S "O:Array"
%<P
%<{ I=4:ID }%>
%>
%>
%>
%>
%<S 300:1380743905970 "E"
%<S "O:eu.fittest.actionscript.automation::RecordEvent"
%<P
%<{ I=0:ID }%>
%<{ targetID="Image2":String }%>
%<{ type="click":String }%>
%<{ args=> }%>
%>
%<S "O:Array"
%<P
%<{ I=1:ID }%>
%>
%>
%>
%<S "O:AppAbstractState"
%<P
%<{ I=2:ID }%>
%<{ numInShopCart=0:int }%>
%<{ cartCurrency="$":String }%>
%<{ cartTotal="$0.00":String }%>
%<{ selectedProduct=12:int }%>
%<{ catalogContents=> }%>
%>
%<S "O:Array"
%<P
%<{ I=3:ID }%>
%<{ elem=1:int }%>
%<{ elem=2:int }%>
%<{ elem=3:int }%>
%<{ elem=4:int }%>
%<{ elem=5:int }%>
%<{ elem=6:int }%>
%<{ elem=7:int }%>
%<{ elem=8:int }%>
%<{ elem=9:int }%>
%<{ elem=10:int }%>
%<{ elem=11:int }%>
%<{ elem=12:int }%>
%<{ elem=13:int }%>
%<{ elem=14:int }%>
%<{ elem=15:int }%>
%<{ elem=16:int }%>
%<{ elem=17:int }%>
%<{ elem=18:int }%>
%>
%>
%<P
%<{ shoppingCartContents=> }%>
%>
%<S "O:Array"
%<P
%<{ I=4:ID }%>
%>
%>
%>
%>
%<S 300:1380743911492 "E"
%<S "O:eu.fittest.actionscript.automation::RecordEvent"
%<P
%<{ I=0:ID }%>
%<{ targetID="IDY_searchproduct":String }%>
%<{ type="click":String }%>
%<{ args=> }%>
%>
%<S "O:Array"
%<P
%<{ I=1:ID }%>
%>
%>
%>
%<S "O:AppAbstractState"
%<P
%<{ I=2:ID }%>
%<{ numInShopCart=0:int }%>
%<{ cartCurrency="$":String }%>
%<{ cartTotal="$0.00":String }%>
%<{ selectedProduct=12:int }%>
%<{ catalogContents=> }%>
%>
%<S "O:Array"
%<P
%<{ I=3:ID }%>
%<{ elem=1:int }%>
%<{ elem=2:int }%>
%<{ elem=3:int }%>
%<{ elem=4:int }%>
%<{ elem=5:int }%>
%<{ elem=6:int }%>
%<{ elem=7:int }%>
%<{ elem=8:int }%>
%<{ elem=9:int }%>
%<{ elem=10:int }%>
%<{ elem=11:int }%>
%<{ elem=12:int }%>
%<{ elem=13:int }%>
%<{ elem=14:int }%>
%<{ elem=15:int }%>
%<{ elem=16:int }%>
%<{ elem=17:int }%>
%<{ elem=18:int }%>
%>
%>
%<P
%<{ shoppingCartContents=> }%>
%>
%<S "O:Array"
%<P
%<{ I=4:ID }%>
%>
%>
%>
%>
%<S 300:1380743914269 "E"
%<S "O:eu.fittest.actionscript.automation::RecordEvent"
%<P
%<{ I=0:ID }%>
%<{ targetID="IDY_searchproduct":String }%>
%<{ type="type":String }%>
%<{ args=> }%>
%>
%<S "O:Array"
%<P
%<{ I=1:ID }%>
%<{ elem="nokia":String }%>
%>
%>
%>
%<S "O:AppAbstractState"
%<P
%<{ I=2:ID }%>
%<{ numInShopCart=0:int }%>
%<{ cartCurrency="$":String }%>
%<{ cartTotal="$0.00":String }%>
%<{ selectedProduct=12:int }%>
%<{ catalogContents=> }%>
%>
%<S "O:Array"
%<P
%<{ I=3:ID }%>
%<{ elem=1:int }%>
%<{ elem=2:int }%>
%<{ elem=3:int }%>
%<{ elem=4:int }%>
%<{ elem=5:int }%>
%<{ elem=6:int }%>
%<{ elem=7:int }%>
%<{ elem=8:int }%>
%<{ elem=9:int }%>
%<{ elem=10:int }%>
%<{ elem=11:int }%>
%<{ elem=12:int }%>
%<{ elem=13:int }%>
%<{ elem=14:int }%>
%<{ elem=15:int }%>
%<{ elem=16:int }%>
%<{ elem=17:int }%>
%<{ elem=18:int }%>
%>
%>
%<P
%<{ shoppingCartContents=> }%>
%>
%<S "O:Array"
%<P
%<{ I=4:ID }%>
%>
%>
%>
%>
%<S 300:1380743915367 "E"
%<S "O:eu.fittest.actionscript.automation::RecordEvent"
%<P
%<{ I=0:ID }%>
%<{ targetID="IDY_buttonSearch":String }%>
%<{ type="click":String }%>
%<{ args=> }%>
%>
%<S "O:Array"
%<P
%<{ I=1:ID }%>
%>
%>
%>
%<S "O:AppAbstractState"
%<P
%<{ I=2:ID }%>
%<{ numInShopCart=0:int }%>
%<{ cartCurrency="$":String }%>
%<{ cartTotal="$0.00":String }%>
%<{ selectedProduct=12:int }%>
%<{ catalogContents=> }%>
%>
%<S "O:Array"
%<P
%<{ I=3:ID }%>
%<{ elem=1:int }%>
%<{ elem=2:int }%>
%<{ elem=3:int }%>
%<{ elem=4:int }%>
%<{ elem=5:int }%>
%<{ elem=6:int }%>
%<{ elem=7:int }%>
%<{ elem=8:int }%>
%<{ elem=9:int }%>
%<{ elem=10:int }%>
%<{ elem=11:int }%>
%<{ elem=12:int }%>
%<{ elem=13:int }%>
%<{ elem=14:int }%>
%<{ elem=15:int }%>
%<{ elem=16:int }%>
%<{ elem=17:int }%>
%<{ elem=18:int }%>
%>
%>
%<P
%<{ shoppingCartContents=> }%>
%>
%<S "O:Array"
%<P
%<{ I=4:ID }%>
%>
%>
%>
%>
%<S 300:1380743917052 "E"
%<S "O:eu.fittest.actionscript.automation::RecordEvent"
%<P
%<{ I=0:ID }%>
%<{ targetID="OK":String }%>
%<{ type="click":String }%>
%<{ args=> }%>
%>
%<S "O:Array"
%<P
%<{ I=1:ID }%>
%>
%>
%>
%<S "O:AppAbstractState"
%<P
%<{ I=2:ID }%>
%<{ numInShopCart=0:int }%>
%<{ cartCurrency="$":String }%>
%<{ cartTotal="$0.00":String }%>
%<{ selectedProduct=12:int }%>
%<{ catalogContents=> }%>
%>
%<S "O:Array"
%<P
%<{ I=3:ID }%>
%<{ elem=1:int }%>
%<{ elem=2:int }%>
%<{ elem=3:int }%>
%<{ elem=4:int }%>
%<{ elem=5:int }%>
%<{ elem=6:int }%>
%<{ elem=7:int }%>
%<{ elem=8:int }%>
%<{ elem=9:int }%>
%<{ elem=10:int }%>
%<{ elem=11:int }%>
%<{ elem=12:int }%>
%<{ elem=13:int }%>
%<{ elem=14:int }%>
%<{ elem=15:int }%>
%<{ elem=16:int }%>
%<{ elem=17:int }%>
%<{ elem=18:int }%>
%>
%>
%<P
%<{ shoppingCartContents=> }%>
%>
%<S "O:Array"
%<P
%<{ I=4:ID }%>
%>
%>
%>
%>
%<S 300:1380743920638 "E"
%<S "O:eu.fittest.actionscript.automation::RecordEvent"
%<P
%<{ I=0:ID }%>
%<{ targetID="ButtonBar0":String }%>
%<{ type="itemclick":String }%>
%<{ args=> }%>
%>
%<S "O:Array"
%<P
%<{ I=1:ID }%>
%<{ elem=1:int }%>
%>
%>
%>
%<S "O:AppAbstractState"
%<P
%<{ I=2:ID }%>
%<{ numInShopCart=0:int }%>
%<{ cartCurrency="$":String }%>
%<{ cartTotal="$0.00":String }%>
%<{ selectedProduct=12:int }%>
%<{ catalogContents=> }%>
%>
%<S "O:Array"
%<P
%<{ I=3:ID }%>
%<{ elem=1:int }%>
%<{ elem=2:int }%>
%<{ elem=3:int }%>
%<{ elem=4:int }%>
%<{ elem=5:int }%>
%<{ elem=6:int }%>
%<{ elem=7:int }%>
%<{ elem=8:int }%>
%<{ elem=9:int }%>
%<{ elem=10:int }%>
%<{ elem=11:int }%>
%<{ elem=12:int }%>
%<{ elem=13:int }%>
%<{ elem=14:int }%>
%<{ elem=15:int }%>
%<{ elem=16:int }%>
%<{ elem=17:int }%>
%<{ elem=18:int }%>
%>
%>
%<P
%<{ shoppingCartContents=> }%>
%>
%<S "O:Array"
%<P
%<{ I=4:ID }%>
%>
%>
%>
%>
%<S 300:1380743926123 "E"
%<S "O:eu.fittest.actionscript.automation::RecordEvent"
%<P
%<{ I=0:ID }%>
%<{ targetID="IDY_labelPrice_15":String }%>
%<{ type="click":String }%>
%<{ args=> }%>
%>
%<S "O:Array"
%<P
%<{ I=1:ID }%>
%>
%>
%>
%<S "O:AppAbstractState"
%<P
%<{ I=2:ID }%>
%<{ numInShopCart=0:int }%>
%<{ cartCurrency="$":String }%>
%<{ cartTotal="$0.00":String }%>
%<{ selectedProduct=12:int }%>
%<{ catalogContents=> }%>
%>
%<S "O:Array"
%<P
%<{ I=3:ID }%>
%<{ elem=1:int }%>
%<{ elem=2:int }%>
%<{ elem=3:int }%>
%<{ elem=4:int }%>
%<{ elem=5:int }%>
%<{ elem=6:int }%>
%<{ elem=7:int }%>
%<{ elem=8:int }%>
%<{ elem=9:int }%>
%<{ elem=10:int }%>
%<{ elem=11:int }%>
%<{ elem=12:int }%>
%<{ elem=13:int }%>
%<{ elem=14:int }%>
%<{ elem=15:int }%>
%<{ elem=16:int }%>
%<{ elem=17:int }%>
%<{ elem=18:int }%>
%>
%>
%<P
%<{ shoppingCartContents=> }%>
%>
%<S "O:Array"
%<P
%<{ I=4:ID }%>
%>
%>
%>
%>
%<S 300:1380743926125 "E"
%<S "O:eu.fittest.actionscript.automation::RecordEvent"
%<P
%<{ I=0:ID }%>
%<{ targetID="IDY_cancas_15":String }%>
%<{ type="click":String }%>
%<{ args=> }%>
%>
%<S "O:Array"
%<P
%<{ I=1:ID }%>
%>
%>
%>
%<S "O:AppAbstractState"
%<P
%<{ I=2:ID }%>
%<{ numInShopCart=0:int }%>
%<{ cartCurrency="$":String }%>
%<{ cartTotal="$0.00":String }%>
%<{ selectedProduct=15:int }%>
%<{ catalogContents=> }%>
%>
%<S "O:Array"
%<P
%<{ I=3:ID }%>
%<{ elem=1:int }%>
%<{ elem=2:int }%>
%<{ elem=3:int }%>
%<{ elem=4:int }%>
%<{ elem=5:int }%>
%<{ elem=6:int }%>
%<{ elem=7:int }%>
%<{ elem=8:int }%>
%<{ elem=9:int }%>
%<{ elem=10:int }%>
%<{ elem=11:int }%>
%<{ elem=12:int }%>
%<{ elem=13:int }%>
%<{ elem=14:int }%>
%<{ elem=15:int }%>
%<{ elem=16:int }%>
%<{ elem=17:int }%>
%<{ elem=18:int }%>
%>
%>
%<P
%<{ shoppingCartContents=> }%>
%>
%<S "O:Array"
%<P
%<{ I=4:ID }%>
%>
%>
%>
%>
%<S 300:1380743928506 "E"
%<S "O:eu.fittest.actionscript.automation::RecordEvent"
%<P
%<{ I=0:ID }%>
%<{ targetID="IDY_purchase_15":String }%>
%<{ type="click":String }%>
%<{ args=> }%>
%>
%<S "O:Array"
%<P
%<{ I=1:ID }%>
%>
%>
%>
%<S "O:AppAbstractState"
%<P
%<{ I=2:ID }%>
%<{ numInShopCart=1:int }%>
%<{ cartCurrency="$":String }%>
%<{ cartTotal="$510.99":String }%>
%<{ selectedProduct=15:int }%>
%<{ catalogContents=> }%>
%>
%<S "O:Array"
%<P
%<{ I=3:ID }%>
%<{ elem=1:int }%>
%<{ elem=2:int }%>
%<{ elem=3:int }%>
%<{ elem=4:int }%>
%<{ elem=5:int }%>
%<{ elem=6:int }%>
%<{ elem=7:int }%>
%<{ elem=8:int }%>
%<{ elem=9:int }%>
%<{ elem=10:int }%>
%<{ elem=11:int }%>
%<{ elem=12:int }%>
%<{ elem=13:int }%>
%<{ elem=14:int }%>
%<{ elem=15:int }%>
%<{ elem=16:int }%>
%<{ elem=17:int }%>
%<{ elem=18:int }%>
%>
%>
%<P
%<{ shoppingCartContents=> }%>
%>
%<S "O:Array"
%<P
%<{ I=4:ID }%>
%<{ elem=15:int }%>
%>
%>
%>
%>
%<S 300:1380743928506 "E"
%<S "O:eu.fittest.actionscript.automation::RecordEvent"
%<P
%<{ I=0:ID }%>
%<{ targetID="IDY_cancas_15":String }%>
%<{ type="click":String }%>
%<{ args=> }%>
%>
%<S "O:Array"
%<P
%<{ I=1:ID }%>
%>
%>
%>
%<S "O:AppAbstractState"
%<P
%<{ I=2:ID }%>
%<{ numInShopCart=1:int }%>
%<{ cartCurrency="$":String }%>
%<{ cartTotal="$510.99":String }%>
%<{ selectedProduct=15:int }%>
%<{ catalogContents=> }%>
%>
%<S "O:Array"
%<P
%<{ I=3:ID }%>
%<{ elem=1:int }%>
%<{ elem=2:int }%>
%<{ elem=3:int }%>
%<{ elem=4:int }%>
%<{ elem=5:int }%>
%<{ elem=6:int }%>
%<{ elem=7:int }%>
%<{ elem=8:int }%>
%<{ elem=9:int }%>
%<{ elem=10:int }%>
%<{ elem=11:int }%>
%<{ elem=12:int }%>
%<{ elem=13:int }%>
%<{ elem=14:int }%>
%<{ elem=15:int }%>
%<{ elem=16:int }%>
%<{ elem=17:int }%>
%<{ elem=18:int }%>
%>
%>
%<P
%<{ shoppingCartContents=> }%>
%>
%<S "O:Array"
%<P
%<{ I=4:ID }%>
%<{ elem=15:int }%>
%>
%>
%>
%>
%<S 300:1380743930806 "E"
%<S "O:eu.fittest.actionscript.automation::RecordEvent"
%<P
%<{ I=0:ID }%>
%<{ targetID="IDY_textFeature_13":String }%>
%<{ type="click":String }%>
%<{ args=> }%>
%>
%<S "O:Array"
%<P
%<{ I=1:ID }%>
%>
%>
%>
%<S "O:AppAbstractState"
%<P
%<{ I=2:ID }%>
%<{ numInShopCart=1:int }%>
%<{ cartCurrency="$":String }%>
%<{ cartTotal="$510.99":String }%>
%<{ selectedProduct=15:int }%>
%<{ catalogContents=> }%>
%>
%<S "O:Array"
%<P
%<{ I=3:ID }%>
%<{ elem=1:int }%>
%<{ elem=2:int }%>
%<{ elem=3:int }%>
%<{ elem=4:int }%>
%<{ elem=5:int }%>
%<{ elem=6:int }%>
%<{ elem=7:int }%>
%<{ elem=8:int }%>
%<{ elem=9:int }%>
%<{ elem=10:int }%>
%<{ elem=11:int }%>
%<{ elem=12:int }%>
%<{ elem=13:int }%>
%<{ elem=14:int }%>
%<{ elem=15:int }%>
%<{ elem=16:int }%>
%<{ elem=17:int }%>
%<{ elem=18:int }%>
%>
%>
%<P
%<{ shoppingCartContents=> }%>
%>
%<S "O:Array"
%<P
%<{ I=4:ID }%>
%<{ elem=15:int }%>
%>
%>
%>
%>
%<S 300:1380743930808 "E"
%<S "O:eu.fittest.actionscript.automation::RecordEvent"
%<P
%<{ I=0:ID }%>
%<{ targetID="IDY_cancas_13":String }%>
%<{ type="click":String }%>
%<{ args=> }%>
%>
%<S "O:Array"
%<P
%<{ I=1:ID }%>
%>
%>
%>
%<S "O:AppAbstractState"
%<P
%<{ I=2:ID }%>
%<{ numInShopCart=1:int }%>
%<{ cartCurrency="$":String }%>
%<{ cartTotal="$510.99":String }%>
%<{ selectedProduct=13:int }%>
%<{ catalogContents=> }%>
%>
%<S "O:Array"
%<P
%<{ I=3:ID }%>
%<{ elem=1:int }%>
%<{ elem=2:int }%>
%<{ elem=3:int }%>
%<{ elem=4:int }%>
%<{ elem=5:int }%>
%<{ elem=6:int }%>
%<{ elem=7:int }%>
%<{ elem=8:int }%>
%<{ elem=9:int }%>
%<{ elem=10:int }%>
%<{ elem=11:int }%>
%<{ elem=12:int }%>
%<{ elem=13:int }%>
%<{ elem=14:int }%>
%<{ elem=15:int }%>
%<{ elem=16:int }%>
%<{ elem=17:int }%>
%<{ elem=18:int }%>
%>
%>
%<P
%<{ shoppingCartContents=> }%>
%>
%<S "O:Array"
%<P
%<{ I=4:ID }%>
%<{ elem=15:int }%>
%>
%>
%>
%>
%<S 300:1380743932190 "E"
%<S "O:eu.fittest.actionscript.automation::RecordEvent"
%<P
%<{ I=0:ID }%>
%<{ targetID="IDY_purchase_13":String }%>
%<{ type="click":String }%>
%<{ args=> }%>
%>
%<S "O:Array"
%<P
%<{ I=1:ID }%>
%>
%>
%>
%<S "O:AppAbstractState"
%<P
%<{ I=2:ID }%>
%<{ numInShopCart=2:int }%>
%<{ cartCurrency="$":String }%>
%<{ cartTotal="$912.97":String }%>
%<{ selectedProduct=13:int }%>
%<{ catalogContents=> }%>
%>
%<S "O:Array"
%<P
%<{ I=3:ID }%>
%<{ elem=1:int }%>
%<{ elem=2:int }%>
%<{ elem=3:int }%>
%<{ elem=4:int }%>
%<{ elem=5:int }%>
%<{ elem=6:int }%>
%<{ elem=7:int }%>
%<{ elem=8:int }%>
%<{ elem=9:int }%>
%<{ elem=10:int }%>
%<{ elem=11:int }%>
%<{ elem=12:int }%>
%<{ elem=13:int }%>
%<{ elem=14:int }%>
%<{ elem=15:int }%>
%<{ elem=16:int }%>
%<{ elem=17:int }%>
%<{ elem=18:int }%>
%>
%>
%<P
%<{ shoppingCartContents=> }%>
%>
%<S "O:Array"
%<P
%<{ I=4:ID }%>
%<{ elem=15:int }%>
%<{ elem=13:int }%>
%>
%>
%>
%>
%<S 300:1380743932190 "E"
%<S "O:eu.fittest.actionscript.automation::RecordEvent"
%<P
%<{ I=0:ID }%>
%<{ targetID="IDY_cancas_13":String }%>
%<{ type="click":String }%>
%<{ args=> }%>
%>
%<S "O:Array"
%<P
%<{ I=1:ID }%>
%>
%>
%>
%<S "O:AppAbstractState"
%<P
%<{ I=2:ID }%>
%<{ numInShopCart=2:int }%>
%<{ cartCurrency="$":String }%>
%<{ cartTotal="$912.97":String }%>
%<{ selectedProduct=13:int }%>
%<{ catalogContents=> }%>
%>
%<S "O:Array"
%<P
%<{ I=3:ID }%>
%<{ elem=1:int }%>
%<{ elem=2:int }%>
%<{ elem=3:int }%>
%<{ elem=4:int }%>
%<{ elem=5:int }%>
%<{ elem=6:int }%>
%<{ elem=7:int }%>
%<{ elem=8:int }%>
%<{ elem=9:int }%>
%<{ elem=10:int }%>
%<{ elem=11:int }%>
%<{ elem=12:int }%>
%<{ elem=13:int }%>
%<{ elem=14:int }%>
%<{ elem=15:int }%>
%<{ elem=16:int }%>
%<{ elem=17:int }%>
%<{ elem=18:int }%>
%>
%>
%<P
%<{ shoppingCartContents=> }%>
%>
%<S "O:Array"
%<P
%<{ I=4:ID }%>
%<{ elem=15:int }%>
%<{ elem=13:int }%>
%>
%>
%>
%>
%<S 300:1380743933872 "E"
%<S "O:eu.fittest.actionscript.automation::RecordEvent"
%<P
%<{ I=0:ID }%>
%<{ targetID="IDY_img_14":String }%>
%<{ type="click":String }%>
%<{ args=> }%>
%>
%<S "O:Array"
%<P
%<{ I=1:ID }%>
%>
%>
%>
%<S "O:AppAbstractState"
%<P
%<{ I=2:ID }%>
%<{ numInShopCart=2:int }%>
%<{ cartCurrency="$":String }%>
%<{ cartTotal="$912.97":String }%>
%<{ selectedProduct=13:int }%>
%<{ catalogContents=> }%>
%>
%<S "O:Array"
%<P
%<{ I=3:ID }%>
%<{ elem=1:int }%>
%<{ elem=2:int }%>
%<{ elem=3:int }%>
%<{ elem=4:int }%>
%<{ elem=5:int }%>
%<{ elem=6:int }%>
%<{ elem=7:int }%>
%<{ elem=8:int }%>
%<{ elem=9:int }%>
%<{ elem=10:int }%>
%<{ elem=11:int }%>
%<{ elem=12:int }%>
%<{ elem=13:int }%>
%<{ elem=14:int }%>
%<{ elem=15:int }%>
%<{ elem=16:int }%>
%<{ elem=17:int }%>
%<{ elem=18:int }%>
%>
%>
%<P
%<{ shoppingCartContents=> }%>
%>
%<S "O:Array"
%<P
%<{ I=4:ID }%>
%<{ elem=15:int }%>
%<{ elem=13:int }%>
%>
%>
%>
%>
%<S 300:1380743933874 "E"
%<S "O:eu.fittest.actionscript.automation::RecordEvent"
%<P
%<{ I=0:ID }%>
%<{ targetID="IDY_cancas_14":String }%>
%<{ type="click":String }%>
%<{ args=> }%>
%>
%<S "O:Array"
%<P
%<{ I=1:ID }%>
%>
%>
%>
%<S "O:AppAbstractState"
%<P
%<{ I=2:ID }%>
%<{ numInShopCart=2:int }%>
%<{ cartCurrency="$":String }%>
%<{ cartTotal="$912.97":String }%>
%<{ selectedProduct=14:int }%>
%<{ catalogContents=> }%>
%>
%<S "O:Array"
%<P
%<{ I=3:ID }%>
%<{ elem=1:int }%>
%<{ elem=2:int }%>
%<{ elem=3:int }%>
%<{ elem=4:int }%>
%<{ elem=5:int }%>
%<{ elem=6:int }%>
%<{ elem=7:int }%>
%<{ elem=8:int }%>
%<{ elem=9:int }%>
%<{ elem=10:int }%>
%<{ elem=11:int }%>
%<{ elem=12:int }%>
%<{ elem=13:int }%>
%<{ elem=14:int }%>
%<{ elem=15:int }%>
%<{ elem=16:int }%>
%<{ elem=17:int }%>
%<{ elem=18:int }%>
%>
%>
%<P
%<{ shoppingCartContents=> }%>
%>
%<S "O:Array"
%<P
%<{ I=4:ID }%>
%<{ elem=15:int }%>
%<{ elem=13:int }%>
%>
%>
%>
%>
%<S 300:1380743941126 "E"
%<S "O:eu.fittest.actionscript.automation::RecordEvent"
%<P
%<{ I=0:ID }%>
%<{ targetID="IDY_purchase_14":String }%>
%<{ type="click":String }%>
%<{ args=> }%>
%>
%<S "O:Array"
%<P
%<{ I=1:ID }%>
%>
%>
%>
%<S "O:AppAbstractState"
%<P
%<{ I=2:ID }%>
%<{ numInShopCart=3:int }%>
%<{ cartCurrency="$":String }%>
%<{ cartTotal="$1,314.95":String }%>
%<{ selectedProduct=14:int }%>
%<{ catalogContents=> }%>
%>
%<S "O:Array"
%<P
%<{ I=3:ID }%>
%<{ elem=1:int }%>
%<{ elem=2:int }%>
%<{ elem=3:int }%>
%<{ elem=4:int }%>
%<{ elem=5:int }%>
%<{ elem=6:int }%>
%<{ elem=7:int }%>
%<{ elem=8:int }%>
%<{ elem=9:int }%>
%<{ elem=10:int }%>
%<{ elem=11:int }%>
%<{ elem=12:int }%>
%<{ elem=13:int }%>
%<{ elem=14:int }%>
%<{ elem=15:int }%>
%<{ elem=16:int }%>
%<{ elem=17:int }%>
%<{ elem=18:int }%>
%>
%>
%<P
%<{ shoppingCartContents=> }%>
%>
%<S "O:Array"
%<P
%<{ I=4:ID }%>
%<{ elem=15:int }%>
%<{ elem=13:int }%>
%<{ elem=14:int }%>
%>
%>
%>
%>
%<S 300:1380743941126 "E"
%<S "O:eu.fittest.actionscript.automation::RecordEvent"
%<P
%<{ I=0:ID }%>
%<{ targetID="IDY_cancas_14":String }%>
%<{ type="click":String }%>
%<{ args=> }%>
%>
%<S "O:Array"
%<P
%<{ I=1:ID }%>
%>
%>
%>
%<S "O:AppAbstractState"
%<P
%<{ I=2:ID }%>
%<{ numInShopCart=3:int }%>
%<{ cartCurrency="$":String }%>
%<{ cartTotal="$1,314.95":String }%>
%<{ selectedProduct=14:int }%>
%<{ catalogContents=> }%>
%>
%<S "O:Array"
%<P
%<{ I=3:ID }%>
%<{ elem=1:int }%>
%<{ elem=2:int }%>
%<{ elem=3:int }%>
%<{ elem=4:int }%>
%<{ elem=5:int }%>
%<{ elem=6:int }%>
%<{ elem=7:int }%>
%<{ elem=8:int }%>
%<{ elem=9:int }%>
%<{ elem=10:int }%>
%<{ elem=11:int }%>
%<{ elem=12:int }%>
%<{ elem=13:int }%>
%<{ elem=14:int }%>
%<{ elem=15:int }%>
%<{ elem=16:int }%>
%<{ elem=17:int }%>
%<{ elem=18:int }%>
%>
%>
%<P
%<{ shoppingCartContents=> }%>
%>
%<S "O:Array"
%<P
%<{ I=4:ID }%>
%<{ elem=15:int }%>
%<{ elem=13:int }%>
%<{ elem=14:int }%>
%>
%>
%>
%>
